# An error report file with more information is saved as:
# E:\Hacktiv8\Final Project\projek3\hs_err_pid7892.log
#
# There is insufficient memory for the Java Runtime Environment to continue.
# Native memory allocation (malloc) failed to allocate 917696 bytes for Chunk::new
# Possible reasons:
#   The system is out of physical RAM or swap space
#   The process is running with CompressedOops enabled, and the Java Heap may be blocking the growth of the native heap
# Possible solutions:
#   Reduce memory load on the system
#   Increase physical memory or swap space
#   Check if swap backing store is full
#   Decrease Java heap size (-Xmx/-Xms)
#   Decrease number of Java threads
#   Decrease Java thread stack sizes (-Xss)
#   Set larger code cache with -XX:ReservedCodeCacheSize=
#   JVM is running with Unscaled Compressed Oops mode in which the Java heap is
#     placed in the first 4GB address space. The Java Heap base address is the
#     maximum limit for the native heap growth. Please use -XX:HeapBaseMinAddress
#     to set the Java Heap base and to place the Java Heap above 4GB virtual address.
# This output file may be truncated or incomplete.
#
#  Out of Memory Error (./src/hotspot/share/memory/arena.cpp:197), pid=7892, tid=23212
#
# JRE version: OpenJDK Runtime Environment (11.0.13) (build 11.0.13+0-b1751.21-8125866)
# Java VM: OpenJDK 64-Bit Server VM (11.0.13+0-b1751.21-8125866, mixed mode, tiered, compressed oops, g1 gc, windows-amd64)
# No core dump will be written. Minidumps are not enabled by default on client versions of Windows
#

---------------  S U M M A R Y ------------

Command Line: --add-opens=java.base/java.util=ALL-UNNAMED --add-opens=java.base/java.lang=ALL-UNNAMED --add-opens=java.base/java.lang.invoke=ALL-UNNAMED --add-opens=java.base/java.util=ALL-UNNAMED --add-opens=java.prefs/java.util.prefs=ALL-UNNAMED --add-opens=java.prefs/java.util.prefs=ALL-UNNAMED --add-opens=java.base/java.nio.charset=ALL-UNNAMED --add-opens=java.base/java.net=ALL-UNNAMED --add-opens=java.base/java.util.concurrent.atomic=ALL-UNNAMED -Xmx2048m -Dfile.encoding=UTF-8 -Duser.country=GB -Duser.language=en -Duser.variant org.gradle.launcher.daemon.bootstrap.GradleDaemon 7.4

Host: Intel(R) Core(TM) i5-8265U CPU @ 1.60GHz, 8 cores, 3G,  Windows 11 , 64 bit Build 22000 (10.0.22000.708)
Time: Wed Nov 23 13:41:04 2022 SE Asia Standard Time elapsed time: 8.711745 seconds (0d 0h 0m 8s)

---------------  T H R E A D  ---------------

Current thread (0x000001f052c14000):  JavaThread "C2 CompilerThread0" daemon [_thread_in_native, id=23212, stack(0x0000008e5c100000,0x0000008e5c200000)]


Current CompileTask:
C2:   8711 4276       4       java.lang.invoke.LambdaForm$Name::replaceNames (174 bytes)

Stack: [0x0000008e5c100000,0x0000008e5c200000]
Native frames: (J=compiled Java code, j=interpreted, Vv=VM code, C=native code)
V  [jvm.dll+0x6100fa]
V  [jvm.dll+0x747090]
V  [jvm.dll+0x7486ad]
V  [jvm.dll+0x748d83]
V  [jvm.dll+0x24ab48]
V  [jvm.dll+0xc04dc]
V  [jvm.dll+0xc0a0c]
V  [jvm.dll+0x2bfab4]
V  [jvm.dll+0x524238]
V  [jvm.dll+0x20491a]
V  [jvm.dll+0x2023c2]
V  [jvm.dll+0x188e01]
V  [jvm.dll+0x21106b]
V  [jvm.dll+0x20f8c1]
V  [jvm.dll+0x70de0f]
V  [jvm.dll+0x706a75]
V  [jvm.dll+0x60ed66]
C  [ucrtbase.dll+0x26c0c]
C  [KERNEL32.DLL+0x154e0]
C  [ntdll.dll+0x485b]


---------------  P R O C E S S  ---------------

Threads class SMR info:
_java_thread_list=0x000001f05964b7b0, length=41, elements={
0x000001f0367ef000, 0x000001f052bee800, 0x000001f052bf7800, 0x000001f0535b2800,
0x000001f052c0e800, 0x000001f052c13000, 0x000001f052c14000, 0x000001f052c1d800,
0x000001f052c24000, 0x000001f0536d7000, 0x000001f055b70800, 0x000001f054638000,
0x000001f055790800, 0x000001f0556ee000, 0x000001f05575d800, 0x000001f055ac7000,
0x000001f055a4e800, 0x000001f055ac1000, 0x000001f055821800, 0x000001f05588b000,
0x000001f0557d8800, 0x000001f0557d7000, 0x000001f0557d4000, 0x000001f0557d5800,
0x000001f0557d6000, 0x000001f0557d4800, 0x000001f0557da800, 0x000001f0557d9800,
0x000001f0557d8000, 0x000001f0577bc800, 0x000001f0577c1000, 0x000001f0577bd800,
0x000001f0577be800, 0x000001f0577c1800, 0x000001f0577bf000, 0x000001f0577c0000,
0x000001f0577bc000, 0x000001f0577c3000, 0x000001f0577c4000, 0x000001f0577ca800,
0x000001f0577c7800
}

Java Threads: ( => current thread )
  0x000001f0367ef000 JavaThread "main" [_thread_blocked, id=3456, stack(0x0000008e5b500000,0x0000008e5b600000)]
  0x000001f052bee800 JavaThread "Reference Handler" daemon [_thread_blocked, id=2428, stack(0x0000008e5bc00000,0x0000008e5bd00000)]
  0x000001f052bf7800 JavaThread "Finalizer" daemon [_thread_blocked, id=7952, stack(0x0000008e5bd00000,0x0000008e5be00000)]
  0x000001f0535b2800 JavaThread "Signal Dispatcher" daemon [_thread_blocked, id=15072, stack(0x0000008e5be00000,0x0000008e5bf00000)]
  0x000001f052c0e800 JavaThread "Attach Listener" daemon [_thread_blocked, id=18272, stack(0x0000008e5bf00000,0x0000008e5c000000)]
  0x000001f052c13000 JavaThread "Service Thread" daemon [_thread_blocked, id=13836, stack(0x0000008e5c000000,0x0000008e5c100000)]
=>0x000001f052c14000 JavaThread "C2 CompilerThread0" daemon [_thread_in_native, id=23212, stack(0x0000008e5c100000,0x0000008e5c200000)]
  0x000001f052c1d800 JavaThread "C1 CompilerThread0" daemon [_thread_blocked, id=780, stack(0x0000008e5c200000,0x0000008e5c300000)]
  0x000001f052c24000 JavaThread "Sweeper thread" daemon [_thread_blocked, id=584, stack(0x0000008e5c300000,0x0000008e5c400000)]
  0x000001f0536d7000 JavaThread "Common-Cleaner" daemon [_thread_blocked, id=11364, stack(0x0000008e5c400000,0x0000008e5c500000)]
  0x000001f055b70800 JavaThread "Daemon health stats" [_thread_blocked, id=23356, stack(0x0000008e5c700000,0x0000008e5c800000)]
  0x000001f054638000 JavaThread "Incoming local TCP Connector on port 61484" [_thread_in_native, id=920, stack(0x0000008e5c800000,0x0000008e5c900000)]
  0x000001f055790800 JavaThread "Daemon periodic checks" [_thread_blocked, id=6328, stack(0x0000008e5c900000,0x0000008e5ca00000)]
  0x000001f0556ee000 JavaThread "Daemon" [_thread_blocked, id=16000, stack(0x0000008e5ca00000,0x0000008e5cb00000)]
  0x000001f05575d800 JavaThread "Handler for socket connection from /127.0.0.1:61484 to /127.0.0.1:61485" [_thread_in_native, id=4916, stack(0x0000008e5cb00000,0x0000008e5cc00000)]
  0x000001f055ac7000 JavaThread "Cancel handler" [_thread_blocked, id=8880, stack(0x0000008e5cc00000,0x0000008e5cd00000)]
  0x000001f055a4e800 JavaThread "Daemon worker" [_thread_blocked, id=3348, stack(0x0000008e5cd00000,0x0000008e5ce00000)]
  0x000001f055ac1000 JavaThread "Asynchronous log dispatcher for DefaultDaemonConnection: socket connection from /127.0.0.1:61484 to /127.0.0.1:61485" [_thread_blocked, id=15492, stack(0x0000008e5ce00000,0x0000008e5cf00000)]
  0x000001f055821800 JavaThread "Stdin handler" [_thread_blocked, id=12352, stack(0x0000008e5cf00000,0x0000008e5d000000)]
  0x000001f05588b000 JavaThread "Daemon client event forwarder" [_thread_blocked, id=2996, stack(0x0000008e5d000000,0x0000008e5d100000)]
  0x000001f0557d8800 JavaThread "Cache worker for journal cache (C:\Users\putra\.gradle\caches\journal-1)" [_thread_blocked, id=17224, stack(0x0000008e5d700000,0x0000008e5d800000)]
  0x000001f0557d7000 JavaThread "File lock request listener" [_thread_in_native, id=19600, stack(0x0000008e5d800000,0x0000008e5d900000)]
  0x000001f0557d4000 JavaThread "Cache worker for file hash cache (C:\Users\putra\.gradle\caches\7.4\fileHashes)" [_thread_blocked, id=7020, stack(0x0000008e5da00000,0x0000008e5db00000)]
  0x000001f0557d5800 JavaThread "File watcher server" daemon [_thread_in_native, id=20836, stack(0x0000008e5db00000,0x0000008e5dc00000)]
  0x000001f0557d6000 JavaThread "File watcher consumer" daemon [_thread_blocked, id=14116, stack(0x0000008e5dc00000,0x0000008e5dd00000)]
  0x000001f0557d4800 JavaThread "jar transforms" [_thread_blocked, id=1596, stack(0x0000008e5dd00000,0x0000008e5de00000)]
  0x000001f0557da800 JavaThread "jar transforms Thread 2" [_thread_in_native, id=14820, stack(0x0000008e5de00000,0x0000008e5df00000)]
  0x000001f0557d9800 JavaThread "jar transforms Thread 3" [_thread_blocked, id=13592, stack(0x0000008e5df00000,0x0000008e5e000000)]
  0x000001f0557d8000 JavaThread "jar transforms Thread 4" [_thread_blocked, id=2596, stack(0x0000008e5e000000,0x0000008e5e100000)]
  0x000001f0577bc800 JavaThread "jar transforms Thread 5" [_thread_blocked, id=19200, stack(0x0000008e5e100000,0x0000008e5e200000)]
  0x000001f0577c1000 JavaThread "jar transforms Thread 6" [_thread_blocked, id=16036, stack(0x0000008e5e200000,0x0000008e5e300000)]
  0x000001f0577bd800 JavaThread "jar transforms Thread 7" [_thread_blocked, id=4384, stack(0x0000008e5e300000,0x0000008e5e400000)]
  0x000001f0577be800 JavaThread "jar transforms Thread 8" [_thread_blocked, id=19004, stack(0x0000008e5e400000,0x0000008e5e500000)]
  0x000001f0577c1800 JavaThread "Cache worker for checksums cache (E:\Hacktiv8\Final Project\projek3\.gradle\7.4\checksums)" [_thread_blocked, id=17712, stack(0x0000008e5e500000,0x0000008e5e600000)]
  0x000001f0577bf000 JavaThread "Cache worker for cache directory md-rule (C:\Users\putra\.gradle\caches\7.4\md-rule)" [_thread_blocked, id=1468, stack(0x0000008e5e600000,0x0000008e5e700000)]
  0x000001f0577c0000 JavaThread "Cache worker for file hash cache (E:\Hacktiv8\Final Project\projek3\.gradle\7.4\fileHashes)" [_thread_blocked, id=21564, stack(0x0000008e5e700000,0x0000008e5e800000)]
  0x000001f0577bc000 JavaThread "Cache worker for cache directory md-supplier (C:\Users\putra\.gradle\caches\7.4\md-supplier)" [_thread_blocked, id=18092, stack(0x0000008e5e800000,0x0000008e5e900000)]
  0x000001f0577c3000 JavaThread "Cache worker for execution history cache (C:\Users\putra\.gradle\caches\7.4\executionHistory)" [_thread_blocked, id=22904, stack(0x0000008e5e900000,0x0000008e5ea00000)]
  0x000001f0577c4000 JavaThread "Cache worker for file content cache (C:\Users\putra\.gradle\caches\7.4\fileContent)" [_thread_blocked, id=5264, stack(0x0000008e5ea00000,0x0000008e5eb00000)]
  0x000001f0577ca800 JavaThread "Cache worker for dependencies-accessors (E:\Hacktiv8\Final Project\projek3\.gradle\7.4\dependencies-accessors)" [_thread_blocked, id=15248, stack(0x0000008e5eb00000,0x0000008e5ec00000)]
  0x000001f0577c7800 JavaThread "Cache worker for Build Output Cleanup Cache (E:\Hacktiv8\Final Project\projek3\.gradle\buildOutputCleanup)" [_thread_blocked, id=16560, stack(0x0000008e5ec00000,0x0000008e5ed00000)]

Other Threads:
  0x000001f052bec000 VMThread "VM Thread" [stack: 0x0000008e5bb00000,0x0000008e5bc00000] [id=9788]
  0x000001f053717000 WatcherThread [stack: 0x0000008e5c500000,0x0000008e5c600000] [id=8804]
  0x000001f036807800 GCTaskThread "GC Thread#0" [stack: 0x0000008e5b600000,0x0000008e5b700000] [id=12152]
  0x000001f053a71000 GCTaskThread "GC Thread#1" [stack: 0x0000008e5c600000,0x0000008e5c700000] [id=16748]
  0x000001f055867000 GCTaskThread "GC Thread#2" [stack: 0x0000008e5d100000,0x0000008e5d200000] [id=17700]
  0x000001f0557e8800 GCTaskThread "GC Thread#3" [stack: 0x0000008e5d200000,0x0000008e5d300000] [id=20516]
  0x000001f055871000 GCTaskThread "GC Thread#4" [stack: 0x0000008e5d300000,0x0000008e5d400000] [id=10372]
  0x000001f0557d1800 GCTaskThread "GC Thread#5" [stack: 0x0000008e5d400000,0x0000008e5d500000] [id=19368]
  0x000001f0557e5000 GCTaskThread "GC Thread#6" [stack: 0x0000008e5d500000,0x0000008e5d600000] [id=6788]
  0x000001f05581b800 GCTaskThread "GC Thread#7" [stack: 0x0000008e5d600000,0x0000008e5d700000] [id=19044]
  0x000001f03683a800 ConcurrentGCThread "G1 Main Marker" [stack: 0x0000008e5b700000,0x0000008e5b800000] [id=9716]
  0x000001f03683b800 ConcurrentGCThread "G1 Conc#0" [stack: 0x0000008e5b800000,0x0000008e5b900000] [id=19916]
  0x000001f0559cc000 ConcurrentGCThread "G1 Conc#1" [stack: 0x0000008e5d900000,0x0000008e5da00000] [id=5616]
  0x000001f0368aa000 ConcurrentGCThread "G1 Refine#0" [stack: 0x0000008e5b900000,0x0000008e5ba00000] [id=22960]
  0x000001f0368ab000 ConcurrentGCThread "G1 Young RemSet Sampling" [stack: 0x0000008e5ba00000,0x0000008e5bb00000] [id=9936]

Threads with active compile tasks:
C2 CompilerThread0   8772 4276       4       java.lang.invoke.LambdaForm$Name::replaceNames (174 bytes)

VM state:not at safepoint (normal execution)

VM Mutex/Monitor currently owned by a thread: None

Heap address: 0x0000000080000000, size: 2048 MB, Compressed Oops mode: 32-bit
Narrow klass base: 0x0000000000000000, Narrow klass shift: 3
Compressed class space size: 1073741824 Address: 0x0000000100000000

Heap:
 garbage-first heap   total 161792K, used 97756K [0x0000000080000000, 0x0000000100000000)
  region size 1024K, 25 young (25600K), 4 survivors (4096K)
 Metaspace       used 49191K, capacity 50638K, committed 50816K, reserved 1093632K
  class space    used 6281K, capacity 6773K, committed 6784K, reserved 1048576K
Heap Regions: E=young(eden), S=young(survivor), O=old, HS=humongous(starts), HC=humongous(continues), CS=collection set, F=free, A=archive, TAMS=top-at-mark-start (previous, next)
|   0|0x0000000080000000, 0x0000000080100000, 0x0000000080100000|100%| O|  |TAMS 0x0000000080100000, 0x0000000080000000| Untracked 
|   1|0x0000000080100000, 0x0000000080200000, 0x0000000080200000|100%| O|  |TAMS 0x0000000080200000, 0x0000000080100000| Untracked 
|   2|0x0000000080200000, 0x0000000080300000, 0x0000000080300000|100%| O|  |TAMS 0x0000000080300000, 0x0000000080200000| Untracked 
|   3|0x0000000080300000, 0x0000000080400000, 0x0000000080400000|100%|HS|  |TAMS 0x0000000080400000, 0x0000000080300000| Complete 
|   4|0x0000000080400000, 0x0000000080500000, 0x0000000080500000|100%|HC|  |TAMS 0x0000000080500000, 0x0000000080400000| Complete 
|   5|0x0000000080500000, 0x0000000080600000, 0x0000000080600000|100%|HC|  |TAMS 0x0000000080600000, 0x0000000080500000| Complete 
|   6|0x0000000080600000, 0x0000000080700000, 0x0000000080700000|100%| O|  |TAMS 0x0000000080700000, 0x0000000080600000| Untracked 
|   7|0x0000000080700000, 0x0000000080800000, 0x0000000080800000|100%| O|  |TAMS 0x0000000080800000, 0x0000000080700000| Untracked 
|   8|0x0000000080800000, 0x0000000080900000, 0x0000000080900000|100%| O|  |TAMS 0x0000000080900000, 0x0000000080800000| Untracked 
|   9|0x0000000080900000, 0x0000000080a00000, 0x0000000080a00000|100%| O|  |TAMS 0x0000000080a00000, 0x0000000080900000| Untracked 
|  10|0x0000000080a00000, 0x0000000080b00000, 0x0000000080b00000|100%| O|  |TAMS 0x0000000080b00000, 0x0000000080a00000| Untracked 
|  11|0x0000000080b00000, 0x0000000080c00000, 0x0000000080c00000|100%| O|  |TAMS 0x0000000080c00000, 0x0000000080b00000| Untracked 
|  12|0x0000000080c00000, 0x0000000080d00000, 0x0000000080d00000|100%| O|  |TAMS 0x0000000080d00000, 0x0000000080c00000| Untracked 
|  13|0x0000000080d00000, 0x0000000080e00000, 0x0000000080e00000|100%| O|  |TAMS 0x0000000080e00000, 0x0000000080d00000| Untracked 
|  14|0x0000000080e00000, 0x0000000080f00000, 0x0000000080f00000|100%| O|  |TAMS 0x0000000080f00000, 0x0000000080e00000| Untracked 
|  15|0x0000000080f00000, 0x0000000081000000, 0x0000000081000000|100%| O|  |TAMS 0x0000000081000000, 0x0000000080f00000| Untracked 
|  16|0x0000000081000000, 0x0000000081100000, 0x0000000081100000|100%| O|  |TAMS 0x0000000081100000, 0x0000000081000000| Untracked 
|  17|0x0000000081100000, 0x0000000081200000, 0x0000000081200000|100%|HS|  |TAMS 0x0000000081200000, 0x0000000081100000| Complete 
|  18|0x0000000081200000, 0x0000000081300000, 0x0000000081300000|100%|HC|  |TAMS 0x0000000081300000, 0x0000000081200000| Complete 
|  19|0x0000000081300000, 0x0000000081400000, 0x0000000081400000|100%|HS|  |TAMS 0x0000000081400000, 0x0000000081300000| Complete 
|  20|0x0000000081400000, 0x0000000081500000, 0x0000000081500000|100%|HC|  |TAMS 0x0000000081500000, 0x0000000081400000| Complete 
|  21|0x0000000081500000, 0x0000000081600000, 0x0000000081600000|100%|HC|  |TAMS 0x0000000081600000, 0x0000000081500000| Complete 
|  22|0x0000000081600000, 0x0000000081700000, 0x0000000081700000|100%|HS|  |TAMS 0x0000000081700000, 0x0000000081600000| Complete 
|  23|0x0000000081700000, 0x0000000081800000, 0x0000000081800000|100%|HC|  |TAMS 0x0000000081800000, 0x0000000081700000| Complete 
|  24|0x0000000081800000, 0x0000000081900000, 0x0000000081900000|100%|HC|  |TAMS 0x0000000081900000, 0x0000000081800000| Complete 
|  25|0x0000000081900000, 0x0000000081a00000, 0x0000000081a00000|100%| O|  |TAMS 0x0000000081a00000, 0x0000000081900000| Untracked 
|  26|0x0000000081a00000, 0x0000000081b00000, 0x0000000081b00000|100%| O|  |TAMS 0x0000000081b00000, 0x0000000081a00000| Untracked 
|  27|0x0000000081b00000, 0x0000000081c00000, 0x0000000081c00000|100%| O|  |TAMS 0x0000000081c00000, 0x0000000081b00000| Untracked 
|  28|0x0000000081c00000, 0x0000000081d00000, 0x0000000081d00000|100%| O|  |TAMS 0x0000000081d00000, 0x0000000081c00000| Untracked 
|  29|0x0000000081d00000, 0x0000000081e00000, 0x0000000081e00000|100%| O|  |TAMS 0x0000000081e00000, 0x0000000081d00000| Untracked 
|  30|0x0000000081e00000, 0x0000000081f00000, 0x0000000081f00000|100%|HS|  |TAMS 0x0000000081f00000, 0x0000000081e00000| Complete 
|  31|0x0000000081f00000, 0x0000000082000000, 0x0000000082000000|100%|HC|  |TAMS 0x0000000082000000, 0x0000000081f00000| Complete 
|  32|0x0000000082000000, 0x0000000082100000, 0x0000000082100000|100%|HC|  |TAMS 0x0000000082100000, 0x0000000082000000| Complete 
|  33|0x0000000082100000, 0x0000000082200000, 0x0000000082200000|100%|HC|  |TAMS 0x0000000082200000, 0x0000000082100000| Complete 
|  34|0x0000000082200000, 0x0000000082300000, 0x0000000082300000|100%|HS|  |TAMS 0x0000000082300000, 0x0000000082200000| Complete 
|  35|0x0000000082300000, 0x0000000082400000, 0x0000000082400000|100%|HC|  |TAMS 0x0000000082400000, 0x0000000082300000| Complete 
|  36|0x0000000082400000, 0x0000000082500000, 0x0000000082500000|100%|HC|  |TAMS 0x0000000082500000, 0x0000000082400000| Complete 
|  37|0x0000000082500000, 0x0000000082600000, 0x0000000082600000|100%|HC|  |TAMS 0x0000000082600000, 0x0000000082500000| Complete 
|  38|0x0000000082600000, 0x0000000082700000, 0x0000000082700000|100%|HC|  |TAMS 0x0000000082700000, 0x0000000082600000| Complete 
|  39|0x0000000082700000, 0x0000000082800000, 0x0000000082800000|100%| O|  |TAMS 0x0000000082800000, 0x0000000082700000| Untracked 
|  40|0x0000000082800000, 0x0000000082900000, 0x0000000082900000|100%|HS|  |TAMS 0x0000000082900000, 0x0000000082800000| Complete 
|  41|0x0000000082900000, 0x0000000082a00000, 0x0000000082a00000|100%| O|  |TAMS 0x0000000082a00000, 0x0000000082900000| Untracked 
|  42|0x0000000082a00000, 0x0000000082b00000, 0x0000000082b00000|100%| O|  |TAMS 0x0000000082b00000, 0x0000000082a00000| Untracked 
|  43|0x0000000082b00000, 0x0000000082c00000, 0x0000000082c00000|100%| O|  |TAMS 0x0000000082c00000, 0x0000000082b00000| Untracked 
|  44|0x0000000082c00000, 0x0000000082d00000, 0x0000000082d00000|100%| O|  |TAMS 0x0000000082d00000, 0x0000000082c00000| Untracked 
|  45|0x0000000082d00000, 0x0000000082e00000, 0x0000000082e00000|100%| O|  |TAMS 0x0000000082e00000, 0x0000000082d00000| Untracked 
|  46|0x0000000082e00000, 0x0000000082f00000, 0x0000000082f00000|100%| O|  |TAMS 0x0000000082f00000, 0x0000000082e00000| Untracked 
|  47|0x0000000082f00000, 0x0000000083000000, 0x0000000083000000|100%| O|  |TAMS 0x0000000083000000, 0x0000000082f00000| Untracked 
|  48|0x0000000083000000, 0x0000000083100000, 0x0000000083100000|100%| O|  |TAMS 0x0000000083100000, 0x0000000083000000| Untracked 
|  49|0x0000000083100000, 0x0000000083200000, 0x0000000083200000|100%| O|  |TAMS 0x0000000083200000, 0x0000000083100000| Untracked 
|  50|0x0000000083200000, 0x0000000083300000, 0x0000000083300000|100%| O|  |TAMS 0x0000000083300000, 0x0000000083200000| Untracked 
|  51|0x0000000083300000, 0x0000000083400000, 0x0000000083400000|100%| O|  |TAMS 0x0000000083400000, 0x0000000083300000| Untracked 
|  52|0x0000000083400000, 0x0000000083500000, 0x0000000083500000|100%|HS|  |TAMS 0x0000000083500000, 0x0000000083400000| Complete 
|  53|0x0000000083500000, 0x0000000083600000, 0x0000000083600000|100%|HC|  |TAMS 0x0000000083600000, 0x0000000083500000| Complete 
|  54|0x0000000083600000, 0x0000000083700000, 0x0000000083700000|100%|HS|  |TAMS 0x0000000083700000, 0x0000000083600000| Complete 
|  55|0x0000000083700000, 0x0000000083800000, 0x0000000083800000|100%|HC|  |TAMS 0x0000000083800000, 0x0000000083700000| Complete 
|  56|0x0000000083800000, 0x0000000083900000, 0x0000000083900000|100%|HC|  |TAMS 0x0000000083900000, 0x0000000083800000| Complete 
|  57|0x0000000083900000, 0x0000000083a00000, 0x0000000083a00000|100%|HS|  |TAMS 0x0000000083a00000, 0x0000000083900000| Complete 
|  58|0x0000000083a00000, 0x0000000083b00000, 0x0000000083b00000|100%|HC|  |TAMS 0x0000000083b00000, 0x0000000083a00000| Complete 
|  59|0x0000000083b00000, 0x0000000083c00000, 0x0000000083c00000|100%|HC|  |TAMS 0x0000000083c00000, 0x0000000083b00000| Complete 
|  60|0x0000000083c00000, 0x0000000083d00000, 0x0000000083d00000|100%|HS|  |TAMS 0x0000000083d00000, 0x0000000083c00000| Complete 
|  61|0x0000000083d00000, 0x0000000083e00000, 0x0000000083e00000|100%|HC|  |TAMS 0x0000000083e00000, 0x0000000083d00000| Complete 
|  62|0x0000000083e00000, 0x0000000083f00000, 0x0000000083f00000|100%|HC|  |TAMS 0x0000000083f00000, 0x0000000083e00000| Complete 
|  63|0x0000000083f00000, 0x0000000084000000, 0x0000000084000000|100%|HC|  |TAMS 0x0000000084000000, 0x0000000083f00000| Complete 
|  64|0x0000000084000000, 0x0000000084100000, 0x0000000084100000|100%| O|  |TAMS 0x0000000084100000, 0x0000000084000000| Untracked 
|  65|0x0000000084100000, 0x0000000084200000, 0x0000000084200000|100%| O|  |TAMS 0x0000000084200000, 0x0000000084100000| Untracked 
|  66|0x0000000084200000, 0x0000000084300000, 0x0000000084300000|100%| O|  |TAMS 0x0000000084300000, 0x0000000084200000| Untracked 
|  67|0x0000000084300000, 0x0000000084302e00, 0x0000000084400000|  1%| O|  |TAMS 0x0000000084302e00, 0x0000000084300000| Untracked 
|  68|0x0000000084400000, 0x0000000084500000, 0x0000000084500000|100%|HS|  |TAMS 0x0000000084400000, 0x0000000084400000| Complete 
|  69|0x0000000084500000, 0x0000000084600000, 0x0000000084600000|100%|HC|  |TAMS 0x0000000084500000, 0x0000000084500000| Complete 
|  70|0x0000000084600000, 0x0000000084700000, 0x0000000084700000|100%|HC|  |TAMS 0x0000000084600000, 0x0000000084600000| Complete 
|  71|0x0000000084700000, 0x0000000084800000, 0x0000000084800000|100%|HC|  |TAMS 0x0000000084700000, 0x0000000084700000| Complete 
|  72|0x0000000084800000, 0x0000000084900000, 0x0000000084900000|100%|HC|  |TAMS 0x0000000084800000, 0x0000000084800000| Complete 
|  73|0x0000000084900000, 0x0000000084900000, 0x0000000084a00000|  0%| F|  |TAMS 0x0000000084900000, 0x0000000084900000| Untracked 
|  74|0x0000000084a00000, 0x0000000084a00000, 0x0000000084b00000|  0%| F|  |TAMS 0x0000000084a00000, 0x0000000084a00000| Untracked 
|  75|0x0000000084b00000, 0x0000000084b00000, 0x0000000084c00000|  0%| F|  |TAMS 0x0000000084b00000, 0x0000000084b00000| Untracked 
|  76|0x0000000084c00000, 0x0000000084c00000, 0x0000000084d00000|  0%| F|  |TAMS 0x0000000084c00000, 0x0000000084c00000| Untracked 
|  77|0x0000000084d00000, 0x0000000084d00000, 0x0000000084e00000|  0%| F|  |TAMS 0x0000000084d00000, 0x0000000084d00000| Untracked 
|  78|0x0000000084e00000, 0x0000000084e00000, 0x0000000084f00000|  0%| F|  |TAMS 0x0000000084e00000, 0x0000000084e00000| Untracked 
|  79|0x0000000084f00000, 0x0000000084f00000, 0x0000000085000000|  0%| F|  |TAMS 0x0000000084f00000, 0x0000000084f00000| Untracked 
|  80|0x0000000085000000, 0x0000000085000000, 0x0000000085100000|  0%| F|  |TAMS 0x0000000085000000, 0x0000000085000000| Untracked 
|  81|0x0000000085100000, 0x0000000085100000, 0x0000000085200000|  0%| F|  |TAMS 0x0000000085100000, 0x0000000085100000| Untracked 
|  82|0x0000000085200000, 0x0000000085200000, 0x0000000085300000|  0%| F|  |TAMS 0x0000000085200000, 0x0000000085200000| Untracked 
|  83|0x0000000085300000, 0x0000000085300000, 0x0000000085400000|  0%| F|  |TAMS 0x0000000085300000, 0x0000000085300000| Untracked 
|  84|0x0000000085400000, 0x0000000085400000, 0x0000000085500000|  0%| F|  |TAMS 0x0000000085400000, 0x0000000085400000| Untracked 
|  85|0x0000000085500000, 0x0000000085500000, 0x0000000085600000|  0%| F|  |TAMS 0x0000000085500000, 0x0000000085500000| Untracked 
|  86|0x0000000085600000, 0x0000000085600000, 0x0000000085700000|  0%| F|  |TAMS 0x0000000085600000, 0x0000000085600000| Untracked 
|  87|0x0000000085700000, 0x0000000085700000, 0x0000000085800000|  0%| F|  |TAMS 0x0000000085700000, 0x0000000085700000| Untracked 
|  88|0x0000000085800000, 0x0000000085800000, 0x0000000085900000|  0%| F|  |TAMS 0x0000000085800000, 0x0000000085800000| Untracked 
|  89|0x0000000085900000, 0x0000000085900000, 0x0000000085a00000|  0%| F|  |TAMS 0x0000000085900000, 0x0000000085900000| Untracked 
|  90|0x0000000085a00000, 0x0000000085a00000, 0x0000000085b00000|  0%| F|  |TAMS 0x0000000085a00000, 0x0000000085a00000| Untracked 
|  91|0x0000000085b00000, 0x0000000085b00000, 0x0000000085c00000|  0%| F|  |TAMS 0x0000000085b00000, 0x0000000085b00000| Untracked 
|  92|0x0000000085c00000, 0x0000000085c00000, 0x0000000085d00000|  0%| F|  |TAMS 0x0000000085c00000, 0x0000000085c00000| Untracked 
|  93|0x0000000085d00000, 0x0000000085d00000, 0x0000000085e00000|  0%| F|  |TAMS 0x0000000085d00000, 0x0000000085d00000| Untracked 
|  94|0x0000000085e00000, 0x0000000085e00000, 0x0000000085f00000|  0%| F|  |TAMS 0x0000000085e00000, 0x0000000085e00000| Untracked 
|  95|0x0000000085f00000, 0x0000000085f00000, 0x0000000086000000|  0%| F|  |TAMS 0x0000000085f00000, 0x0000000085f00000| Untracked 
|  96|0x0000000086000000, 0x0000000086000000, 0x0000000086100000|  0%| F|  |TAMS 0x0000000086000000, 0x0000000086000000| Untracked 
|  97|0x0000000086100000, 0x0000000086100000, 0x0000000086200000|  0%| F|  |TAMS 0x0000000086100000, 0x0000000086100000| Untracked 
|  98|0x0000000086200000, 0x0000000086274280, 0x0000000086300000| 45%| S|CS|TAMS 0x0000000086200000, 0x0000000086200000| Complete 
|  99|0x0000000086300000, 0x0000000086400000, 0x0000000086400000|100%| S|CS|TAMS 0x0000000086300000, 0x0000000086300000| Complete 
| 100|0x0000000086400000, 0x0000000086500000, 0x0000000086500000|100%| S|CS|TAMS 0x0000000086400000, 0x0000000086400000| Complete 
| 101|0x0000000086500000, 0x0000000086600000, 0x0000000086600000|100%| S|CS|TAMS 0x0000000086500000, 0x0000000086500000| Complete 
| 102|0x0000000086600000, 0x0000000086600000, 0x0000000086700000|  0%| F|  |TAMS 0x0000000086600000, 0x0000000086600000| Untracked 
| 103|0x0000000086700000, 0x0000000086700000, 0x0000000086800000|  0%| F|  |TAMS 0x0000000086700000, 0x0000000086700000| Untracked 
| 104|0x0000000086800000, 0x0000000086800000, 0x0000000086900000|  0%| F|  |TAMS 0x0000000086800000, 0x0000000086800000| Untracked 
| 105|0x0000000086900000, 0x0000000086900000, 0x0000000086a00000|  0%| F|  |TAMS 0x0000000086900000, 0x0000000086900000| Untracked 
| 106|0x0000000086a00000, 0x0000000086a00000, 0x0000000086b00000|  0%| F|  |TAMS 0x0000000086a00000, 0x0000000086a00000| Untracked 
| 107|0x0000000086b00000, 0x0000000086b00000, 0x0000000086c00000|  0%| F|  |TAMS 0x0000000086b00000, 0x0000000086b00000| Untracked 
| 108|0x0000000086c00000, 0x0000000086c00000, 0x0000000086d00000|  0%| F|  |TAMS 0x0000000086c00000, 0x0000000086c00000| Untracked 
| 109|0x0000000086d00000, 0x0000000086d00000, 0x0000000086e00000|  0%| F|  |TAMS 0x0000000086d00000, 0x0000000086d00000| Untracked 
| 110|0x0000000086e00000, 0x0000000086e00000, 0x0000000086f00000|  0%| F|  |TAMS 0x0000000086e00000, 0x0000000086e00000| Untracked 
| 111|0x0000000086f00000, 0x0000000086f00000, 0x0000000087000000|  0%| F|  |TAMS 0x0000000086f00000, 0x0000000086f00000| Untracked 
| 112|0x0000000087000000, 0x0000000087000000, 0x0000000087100000|  0%| F|  |TAMS 0x0000000087000000, 0x0000000087000000| Untracked 
| 113|0x0000000087100000, 0x0000000087100000, 0x0000000087200000|  0%| F|  |TAMS 0x0000000087100000, 0x0000000087100000| Untracked 
| 114|0x0000000087200000, 0x0000000087200000, 0x0000000087300000|  0%| F|  |TAMS 0x0000000087200000, 0x0000000087200000| Untracked 
| 115|0x0000000087300000, 0x0000000087300000, 0x0000000087400000|  0%| F|  |TAMS 0x0000000087300000, 0x0000000087300000| Untracked 
| 116|0x0000000087400000, 0x0000000087400000, 0x0000000087500000|  0%| F|  |TAMS 0x0000000087400000, 0x0000000087400000| Untracked 
| 117|0x0000000087500000, 0x0000000087500000, 0x0000000087600000|  0%| F|  |TAMS 0x0000000087500000, 0x0000000087500000| Untracked 
| 118|0x0000000087600000, 0x0000000087600000, 0x0000000087700000|  0%| F|  |TAMS 0x0000000087600000, 0x0000000087600000| Untracked 
| 119|0x0000000087700000, 0x0000000087700000, 0x0000000087800000|  0%| F|  |TAMS 0x0000000087700000, 0x0000000087700000| Untracked 
| 120|0x0000000087800000, 0x0000000087800000, 0x0000000087900000|  0%| F|  |TAMS 0x0000000087800000, 0x0000000087800000| Untracked 
| 121|0x0000000087900000, 0x0000000087900000, 0x0000000087a00000|  0%| F|  |TAMS 0x0000000087900000, 0x0000000087900000| Untracked 
| 122|0x0000000087a00000, 0x0000000087a00000, 0x0000000087b00000|  0%| F|  |TAMS 0x0000000087a00000, 0x0000000087a00000| Untracked 
| 123|0x0000000087b00000, 0x0000000087b00000, 0x0000000087c00000|  0%| F|  |TAMS 0x0000000087b00000, 0x0000000087b00000| Untracked 
| 124|0x0000000087c00000, 0x0000000087c00000, 0x0000000087d00000|  0%| F|  |TAMS 0x0000000087c00000, 0x0000000087c00000| Untracked 
| 125|0x0000000087d00000, 0x0000000087d00000, 0x0000000087e00000|  0%| F|  |TAMS 0x0000000087d00000, 0x0000000087d00000| Untracked 
| 126|0x0000000087e00000, 0x0000000087e00000, 0x0000000087f00000|  0%| F|  |TAMS 0x0000000087e00000, 0x0000000087e00000| Untracked 
| 127|0x0000000087f00000, 0x0000000087f00000, 0x0000000088000000|  0%| F|  |TAMS 0x0000000087f00000, 0x0000000087f00000| Untracked 
| 128|0x0000000088000000, 0x0000000088000000, 0x0000000088100000|  0%| F|  |TAMS 0x0000000088000000, 0x0000000088000000| Untracked 
| 129|0x0000000088100000, 0x0000000088100000, 0x0000000088200000|  0%| F|  |TAMS 0x0000000088100000, 0x0000000088100000| Untracked 
| 130|0x0000000088200000, 0x0000000088200000, 0x0000000088300000|  0%| F|  |TAMS 0x0000000088200000, 0x0000000088200000| Untracked 
| 131|0x0000000088300000, 0x0000000088300000, 0x0000000088400000|  0%| F|  |TAMS 0x0000000088300000, 0x0000000088300000| Untracked 
| 132|0x0000000088400000, 0x0000000088400000, 0x0000000088500000|  0%| F|  |TAMS 0x0000000088400000, 0x0000000088400000| Untracked 
| 133|0x0000000088500000, 0x0000000088500000, 0x0000000088600000|  0%| F|  |TAMS 0x0000000088500000, 0x0000000088500000| Untracked 
| 134|0x0000000088600000, 0x0000000088600000, 0x0000000088700000|  0%| F|  |TAMS 0x0000000088600000, 0x0000000088600000| Untracked 
| 135|0x0000000088700000, 0x0000000088700000, 0x0000000088800000|  0%| F|  |TAMS 0x0000000088700000, 0x0000000088700000| Untracked 
| 136|0x0000000088800000, 0x0000000088800000, 0x0000000088900000|  0%| F|  |TAMS 0x0000000088800000, 0x0000000088800000| Untracked 
| 137|0x0000000088900000, 0x0000000088917de0, 0x0000000088a00000|  9%| E|  |TAMS 0x0000000088900000, 0x0000000088900000| Complete 
| 138|0x0000000088a00000, 0x0000000088b00000, 0x0000000088b00000|100%| E|CS|TAMS 0x0000000088a00000, 0x0000000088a00000| Complete 
| 139|0x0000000088b00000, 0x0000000088c00000, 0x0000000088c00000|100%| E|CS|TAMS 0x0000000088b00000, 0x0000000088b00000| Complete 
| 140|0x0000000088c00000, 0x0000000088d00000, 0x0000000088d00000|100%| E|CS|TAMS 0x0000000088c00000, 0x0000000088c00000| Complete 
| 141|0x0000000088d00000, 0x0000000088e00000, 0x0000000088e00000|100%| E|CS|TAMS 0x0000000088d00000, 0x0000000088d00000| Complete 
| 142|0x0000000088e00000, 0x0000000088f00000, 0x0000000088f00000|100%| E|CS|TAMS 0x0000000088e00000, 0x0000000088e00000| Complete 
| 143|0x0000000088f00000, 0x0000000089000000, 0x0000000089000000|100%| E|CS|TAMS 0x0000000088f00000, 0x0000000088f00000| Complete 
| 144|0x0000000089000000, 0x0000000089100000, 0x0000000089100000|100%| E|CS|TAMS 0x0000000089000000, 0x0000000089000000| Complete 
| 145|0x0000000089100000, 0x0000000089200000, 0x0000000089200000|100%| E|CS|TAMS 0x0000000089100000, 0x0000000089100000| Complete 
| 146|0x0000000089200000, 0x0000000089300000, 0x0000000089300000|100%| E|CS|TAMS 0x0000000089200000, 0x0000000089200000| Complete 
| 147|0x0000000089300000, 0x0000000089400000, 0x0000000089400000|100%| E|CS|TAMS 0x0000000089300000, 0x0000000089300000| Complete 
| 148|0x0000000089400000, 0x0000000089500000, 0x0000000089500000|100%| E|CS|TAMS 0x0000000089400000, 0x0000000089400000| Complete 
| 149|0x0000000089500000, 0x0000000089600000, 0x0000000089600000|100%| E|CS|TAMS 0x0000000089500000, 0x0000000089500000| Complete 
| 150|0x0000000089600000, 0x0000000089700000, 0x0000000089700000|100%| E|CS|TAMS 0x0000000089600000, 0x0000000089600000| Complete 
| 151|0x0000000089700000, 0x0000000089800000, 0x0000000089800000|100%| E|CS|TAMS 0x0000000089700000, 0x0000000089700000| Complete 
| 152|0x0000000089800000, 0x0000000089900000, 0x0000000089900000|100%| E|CS|TAMS 0x0000000089800000, 0x0000000089800000| Complete 
| 153|0x0000000089900000, 0x0000000089a00000, 0x0000000089a00000|100%| E|CS|TAMS 0x0000000089900000, 0x0000000089900000| Complete 
| 154|0x0000000089a00000, 0x0000000089b00000, 0x0000000089b00000|100%| E|CS|TAMS 0x0000000089a00000, 0x0000000089a00000| Complete 
| 155|0x0000000089b00000, 0x0000000089c00000, 0x0000000089c00000|100%| E|CS|TAMS 0x0000000089b00000, 0x0000000089b00000| Complete 
| 156|0x0000000089c00000, 0x0000000089d00000, 0x0000000089d00000|100%| E|CS|TAMS 0x0000000089c00000, 0x0000000089c00000| Complete 
| 157|0x0000000089d00000, 0x0000000089e00000, 0x0000000089e00000|100%| E|CS|TAMS 0x0000000089d00000, 0x0000000089d00000| Complete 

Card table byte_map: [0x000001f04b950000,0x000001f04bd50000] _byte_map_base: 0x000001f04b550000

Marking Bits (Prev, Next): (CMBitMap*) 0x000001f036830b98, (CMBitMap*) 0x000001f036830bd0
 Prev Bits: [0x000001f04c150000, 0x000001f04e150000)
 Next Bits: [0x000001f04e150000, 0x000001f050150000)

Polling page: 0x000001f0368d0000

Metaspace:

Usage:
  Non-class:     42.84 MB capacity,    41.90 MB ( 98%) used,   826.82 KB (  2%) free+waste,   127.63 KB ( <1%) overhead. 
      Class:      6.61 MB capacity,     6.13 MB ( 93%) used,   429.57 KB (  6%) free+waste,    62.00 KB ( <1%) overhead. 
       Both:     49.45 MB capacity,    48.04 MB ( 97%) used,     1.23 MB (  2%) free+waste,   189.63 KB ( <1%) overhead. 

Virtual space:
  Non-class space:       44.00 MB reserved,      43.00 MB ( 98%) committed 
      Class space:        1.00 GB reserved,       6.63 MB ( <1%) committed 
             Both:        1.04 GB reserved,      49.63 MB (  5%) committed 

Chunk freelists:
   Non-Class:  39.00 KB
       Class:  11.00 KB
        Both:  50.00 KB

MaxMetaspaceSize: 17179869184.00 GB
CompressedClassSpaceSize: 1.00 GB
Initial GC threshold: 20.80 MB
Current GC threshold: 79.79 MB
CDS: off

CodeHeap 'non-profiled nmethods': size=120000Kb used=2120Kb max_used=2120Kb free=117879Kb
 bounds [0x000001f0435c0000, 0x000001f043830000, 0x000001f04aaf0000]
CodeHeap 'profiled nmethods': size=120000Kb used=9625Kb max_used=9625Kb free=110374Kb
 bounds [0x000001f03c090000, 0x000001f03ca00000, 0x000001f0435c0000]
CodeHeap 'non-nmethods': size=5760Kb used=2290Kb max_used=2331Kb free=3470Kb
 bounds [0x000001f03baf0000, 0x000001f03bd60000, 0x000001f03c090000]
 total_blobs=5092 nmethods=4304 adapters=699
 compilation: enabled
              stopped_count=0, restarted_count=0
 full_count=0

Compilation events (20 events):
Event: 8.680 Thread 0x000001f052c1d800 4322       3       org.gradle.internal.time.MonotonicClock::advance (33 bytes)
Event: 8.680 Thread 0x000001f052c1d800 nmethod 4322 0x000001f03c9c9490 code [0x000001f03c9c9660, 0x000001f03c9c9918]
Event: 8.682 Thread 0x000001f052c1d800 4323       1       org.gradle.internal.operations.BuildOperationDescriptor::getDisplayName (5 bytes)
Event: 8.682 Thread 0x000001f052c1d800 nmethod 4323 0x000001f0437d1910 code [0x000001f0437d1ac0, 0x000001f0437d1b78]
Event: 8.683 Thread 0x000001f052c1d800 4324       3       org.objectweb.asm.Label::accept (65 bytes)
Event: 8.684 Thread 0x000001f052c1d800 nmethod 4324 0x000001f03c9c9a90 code [0x000001f03c9c9c80, 0x000001f03c9ca1a8]
Event: 8.695 Thread 0x000001f052c1d800 4326       3       org.gradle.internal.logging.slf4j.OutputEventListenerBackedLogger::debug (7 bytes)
Event: 8.696 Thread 0x000001f052c1d800 nmethod 4326 0x000001f03c9ca390 code [0x000001f03c9ca5c0, 0x000001f03c9cad78]
Event: 8.696 Thread 0x000001f052c1d800 4327       3       org.gradle.internal.logging.slf4j.BuildOperationAwareLogger::debug (18 bytes)
Event: 8.696 Thread 0x000001f052c1d800 nmethod 4327 0x000001f03c9cb090 code [0x000001f03c9cb280, 0x000001f03c9cb758]
Event: 8.696 Thread 0x000001f052c1d800 4328       3       jdk.internal.misc.Unsafe::getAndAddLong (27 bytes)
Event: 8.697 Thread 0x000001f052c1d800 nmethod 4328 0x000001f03c9cb910 code [0x000001f03c9cbac0, 0x000001f03c9cbd18]
Event: 8.697 Thread 0x000001f052c1d800 4329       3       jdk.internal.misc.Unsafe::weakCompareAndSetLong (11 bytes)
Event: 8.697 Thread 0x000001f052c1d800 nmethod 4329 0x000001f03c9cbe10 code [0x000001f03c9cbfc0, 0x000001f03c9cc0d8]
Event: 8.699 Thread 0x000001f052c1d800 4330       3       java.lang.ThreadLocal$ThreadLocalMap::cleanSomeSlots (60 bytes)
Event: 8.699 Thread 0x000001f052c1d800 nmethod 4330 0x000001f03c9cc190 code [0x000001f03c9cc360, 0x000001f03c9cc788]
Event: 8.699 Thread 0x000001f052c1d800 4331       3       com.google.common.collect.ImmutableList::iterator (5 bytes)
Event: 8.700 Thread 0x000001f052c1d800 nmethod 4331 0x000001f03c9cc910 code [0x000001f03c9ccae0, 0x000001f03c9ccd88]
Event: 8.700 Thread 0x000001f052c1d800 4332       3       com.google.common.collect.ImmutableList::listIterator (6 bytes)
Event: 8.700 Thread 0x000001f052c1d800 nmethod 4332 0x000001f03c9cce90 code [0x000001f03c9cd040, 0x000001f03c9cd208]

GC Heap History (20 events):
Event: 6.608 GC heap before
{Heap before GC invocations=32 (full 0):
 garbage-first heap   total 76800K, used 57988K [0x0000000080000000, 0x0000000100000000)
  region size 1024K, 13 young (13312K), 2 survivors (2048K)
 Metaspace       used 39096K, capacity 40171K, committed 40320K, reserved 1083392K
  class space    used 5030K, capacity 5431K, committed 5504K, reserved 1048576K
}
Event: 6.614 GC heap after
{Heap after GC invocations=33 (full 0):
 garbage-first heap   total 76800K, used 49274K [0x0000000080000000, 0x0000000100000000)
  region size 1024K, 2 young (2048K), 2 survivors (2048K)
 Metaspace       used 39096K, capacity 40171K, committed 40320K, reserved 1083392K
  class space    used 5030K, capacity 5431K, committed 5504K, reserved 1048576K
}
Event: 6.656 GC heap before
{Heap before GC invocations=34 (full 0):
 garbage-first heap   total 76800K, used 59514K [0x0000000080000000, 0x0000000100000000)
  region size 1024K, 12 young (12288K), 2 survivors (2048K)
 Metaspace       used 39106K, capacity 40235K, committed 40320K, reserved 1083392K
  class space    used 5030K, capacity 5431K, committed 5504K, reserved 1048576K
}
Event: 6.659 GC heap after
{Heap after GC invocations=35 (full 0):
 garbage-first heap   total 103424K, used 50033K [0x0000000080000000, 0x0000000100000000)
  region size 1024K, 2 young (2048K), 2 survivors (2048K)
 Metaspace       used 39106K, capacity 40235K, committed 40320K, reserved 1083392K
  class space    used 5030K, capacity 5431K, committed 5504K, reserved 1048576K
}
Event: 6.801 GC heap before
{Heap before GC invocations=35 (full 0):
 garbage-first heap   total 103424K, used 62321K [0x0000000080000000, 0x0000000100000000)
  region size 1024K, 16 young (16384K), 2 survivors (2048K)
 Metaspace       used 39619K, capacity 40678K, committed 40832K, reserved 1085440K
  class space    used 5083K, capacity 5468K, committed 5504K, reserved 1048576K
}
Event: 6.805 GC heap after
{Heap after GC invocations=36 (full 0):
 garbage-first heap   total 103424K, used 51941K [0x0000000080000000, 0x0000000100000000)
  region size 1024K, 3 young (3072K), 3 survivors (3072K)
 Metaspace       used 39619K, capacity 40678K, committed 40832K, reserved 1085440K
  class space    used 5083K, capacity 5468K, committed 5504K, reserved 1048576K
}
Event: 7.100 GC heap before
{Heap before GC invocations=37 (full 0):
 garbage-first heap   total 103424K, used 77541K [0x0000000080000000, 0x0000000100000000)
  region size 1024K, 25 young (25600K), 3 survivors (3072K)
 Metaspace       used 42150K, capacity 43258K, committed 43520K, reserved 1087488K
  class space    used 5362K, capacity 5773K, committed 5888K, reserved 1048576K
}
Event: 7.104 GC heap after
{Heap after GC invocations=38 (full 0):
 garbage-first heap   total 103424K, used 52610K [0x0000000080000000, 0x0000000100000000)
  region size 1024K, 3 young (3072K), 3 survivors (3072K)
 Metaspace       used 42150K, capacity 43258K, committed 43520K, reserved 1087488K
  class space    used 5362K, capacity 5773K, committed 5888K, reserved 1048576K
}
Event: 7.446 GC heap before
{Heap before GC invocations=38 (full 0):
 garbage-first heap   total 103424K, used 72066K [0x0000000080000000, 0x0000000100000000)
  region size 1024K, 24 young (24576K), 3 survivors (3072K)
 Metaspace       used 43544K, capacity 44699K, committed 44928K, reserved 1087488K
  class space    used 5562K, capacity 5992K, committed 6016K, reserved 1048576K
}
Event: 7.452 GC heap after
{Heap after GC invocations=39 (full 0):
 garbage-first heap   total 103424K, used 53643K [0x0000000080000000, 0x0000000100000000)
  region size 1024K, 3 young (3072K), 3 survivors (3072K)
 Metaspace       used 43544K, capacity 44699K, committed 44928K, reserved 1087488K
  class space    used 5562K, capacity 5992K, committed 6016K, reserved 1048576K
}
Event: 7.543 GC heap before
{Heap before GC invocations=40 (full 0):
 garbage-first heap   total 103424K, used 58763K [0x0000000080000000, 0x0000000100000000)
  region size 1024K, 4 young (4096K), 3 survivors (3072K)
 Metaspace       used 43552K, capacity 44699K, committed 44928K, reserved 1087488K
  class space    used 5562K, capacity 5992K, committed 6016K, reserved 1048576K
}
Event: 7.548 GC heap after
{Heap after GC invocations=41 (full 0):
 garbage-first heap   total 128000K, used 59307K [0x0000000080000000, 0x0000000100000000)
  region size 1024K, 3 young (3072K), 3 survivors (3072K)
 Metaspace       used 43552K, capacity 44699K, committed 44928K, reserved 1087488K
  class space    used 5562K, capacity 5992K, committed 6016K, reserved 1048576K
}
Event: 7.614 GC heap before
{Heap before GC invocations=42 (full 0):
 garbage-first heap   total 128000K, used 62379K [0x0000000080000000, 0x0000000100000000)
  region size 1024K, 4 young (4096K), 3 survivors (3072K)
 Metaspace       used 43552K, capacity 44699K, committed 44928K, reserved 1087488K
  class space    used 5562K, capacity 5992K, committed 6016K, reserved 1048576K
}
Event: 7.620 GC heap after
{Heap after GC invocations=43 (full 0):
 garbage-first heap   total 128000K, used 63291K [0x0000000080000000, 0x0000000100000000)
  region size 1024K, 4 young (4096K), 4 survivors (4096K)
 Metaspace       used 43552K, capacity 44699K, committed 44928K, reserved 1087488K
  class space    used 5562K, capacity 5992K, committed 6016K, reserved 1048576K
}
Event: 7.787 GC heap before
{Heap before GC invocations=44 (full 0):
 garbage-first heap   total 128000K, used 81723K [0x0000000080000000, 0x0000000100000000)
  region size 1024K, 19 young (19456K), 4 survivors (4096K)
 Metaspace       used 44273K, capacity 45515K, committed 45568K, reserved 1089536K
  class space    used 5641K, capacity 6091K, committed 6144K, reserved 1048576K
}
Event: 7.794 GC heap after
{Heap after GC invocations=45 (full 0):
 garbage-first heap   total 128000K, used 69518K [0x0000000080000000, 0x0000000100000000)
  region size 1024K, 4 young (4096K), 4 survivors (4096K)
 Metaspace       used 44273K, capacity 45515K, committed 45568K, reserved 1089536K
  class space    used 5641K, capacity 6091K, committed 6144K, reserved 1048576K
}
Event: 8.107 GC heap before
{Heap before GC invocations=46 (full 0):
 garbage-first heap   total 128000K, used 94094K [0x0000000080000000, 0x0000000100000000)
  region size 1024K, 28 young (28672K), 4 survivors (4096K)
 Metaspace       used 46240K, capacity 47452K, committed 47488K, reserved 1091584K
  class space    used 5792K, capacity 6265K, committed 6272K, reserved 1048576K
}
Event: 8.111 GC heap after
{Heap after GC invocations=47 (full 0):
 garbage-first heap   total 128000K, used 70574K [0x0000000080000000, 0x0000000100000000)
  region size 1024K, 4 young (4096K), 4 survivors (4096K)
 Metaspace       used 46240K, capacity 47452K, committed 47488K, reserved 1091584K
  class space    used 5792K, capacity 6265K, committed 6272K, reserved 1048576K
}
Event: 8.414 GC heap before
{Heap before GC invocations=47 (full 0):
 garbage-first heap   total 128000K, used 93102K [0x0000000080000000, 0x0000000100000000)
  region size 1024K, 27 young (27648K), 4 survivors (4096K)
 Metaspace       used 47658K, capacity 48981K, committed 49024K, reserved 1091584K
  class space    used 6033K, capacity 6497K, committed 6528K, reserved 1048576K
}
Event: 8.421 GC heap after
{Heap after GC invocations=48 (full 0):
 garbage-first heap   total 161792K, used 72156K [0x0000000080000000, 0x0000000100000000)
  region size 1024K, 4 young (4096K), 4 survivors (4096K)
 Metaspace       used 47658K, capacity 48981K, committed 49024K, reserved 1091584K
  class space    used 6033K, capacity 6497K, committed 6528K, reserved 1048576K
}

Deoptimization events (20 events):
Event: 8.666 Thread 0x000001f055a4e800 Uncommon trap: trap_request=0xffffff4d fr.pc=0x000001f043689ea4 relative=0x0000000000000264
Event: 8.666 Thread 0x000001f055a4e800 Uncommon trap: reason=unstable_if action=reinterpret pc=0x000001f043689ea4 method=java.util.HashMap.hash(Ljava/lang/Object;)I @ 1 c2
Event: 8.666 Thread 0x000001f055a4e800 DEOPT PACKING pc=0x000001f043689ea4 sp=0x0000008e5cdf7e20
Event: 8.666 Thread 0x000001f055a4e800 DEOPT UNPACKING pc=0x000001f03bb3a1af sp=0x0000008e5cdf7d58 mode 2
Event: 8.666 Thread 0x000001f055a4e800 Uncommon trap: trap_request=0xffffff4d fr.pc=0x000001f04368300c relative=0x00000000000001cc
Event: 8.666 Thread 0x000001f055a4e800 Uncommon trap: reason=unstable_if action=reinterpret pc=0x000001f04368300c method=java.util.HashMap.getNode(ILjava/lang/Object;)Ljava/util/HashMap$Node; @ 53 c2
Event: 8.666 Thread 0x000001f055a4e800 DEOPT PACKING pc=0x000001f04368300c sp=0x0000008e5cdf7da0
Event: 8.666 Thread 0x000001f055a4e800 DEOPT UNPACKING pc=0x000001f03bb3a1af sp=0x0000008e5cdf7d28 mode 2
Event: 8.666 Thread 0x000001f055a4e800 Uncommon trap: trap_request=0xffffff4d fr.pc=0x000001f043601a94 relative=0x00000000000000d4
Event: 8.666 Thread 0x000001f055a4e800 Uncommon trap: reason=unstable_if action=reinterpret pc=0x000001f043601a94 method=java.util.HashMap.hash(Ljava/lang/Object;)I @ 1 c2
Event: 8.666 Thread 0x000001f055a4e800 DEOPT PACKING pc=0x000001f043601a94 sp=0x0000008e5cdf7e20
Event: 8.666 Thread 0x000001f055a4e800 DEOPT UNPACKING pc=0x000001f03bb3a1af sp=0x0000008e5cdf7d60 mode 2
Event: 8.666 Thread 0x000001f055a4e800 Uncommon trap: trap_request=0xffffff4d fr.pc=0x000001f0437b2550 relative=0x00000000000006d0
Event: 8.666 Thread 0x000001f055a4e800 Uncommon trap: reason=unstable_if action=reinterpret pc=0x000001f0437b2550 method=java.util.HashMap.putVal(ILjava/lang/Object;Ljava/lang/Object;ZZ)Ljava/lang/Object; @ 85 c2
Event: 8.666 Thread 0x000001f055a4e800 DEOPT PACKING pc=0x000001f0437b2550 sp=0x0000008e5cdf7d50
Event: 8.666 Thread 0x000001f055a4e800 DEOPT UNPACKING pc=0x000001f03bb3a1af sp=0x0000008e5cdf7d08 mode 2
Event: 8.670 Thread 0x000001f055a4e800 Uncommon trap: trap_request=0xffffff4d fr.pc=0x000001f043781d2c relative=0x000000000000034c
Event: 8.670 Thread 0x000001f055a4e800 Uncommon trap: reason=unstable_if action=reinterpret pc=0x000001f043781d2c method=org.gradle.internal.reflect.PropertyAccessorType.isGetGetterName(Ljava/lang/String;)Z @ 14 c2
Event: 8.670 Thread 0x000001f055a4e800 DEOPT PACKING pc=0x000001f043781d2c sp=0x0000008e5cdf88c0
Event: 8.670 Thread 0x000001f055a4e800 DEOPT UNPACKING pc=0x000001f03bb3a1af sp=0x0000008e5cdf8818 mode 2

Classes redefined (0 events):
No events

Internal exceptions (20 events):
Event: 8.251 Thread 0x000001f055a4e800 Exception <a 'java/lang/ClassNotFoundException'{0x00000000874ee540}: org/gradle/api/internal/provider/DefaultPropertyCustomizer> (0x00000000874ee540) thrown at [./src/hotspot/share/classfile/systemDictionary.cpp, line 231]
Event: 8.256 Thread 0x000001f055a4e800 Exception <a 'java/lang/ClassNotFoundException'{0x00000000873647e0}: org/gradle/initialization/DefaultProjectDescriptorBeanInfo> (0x00000000873647e0) thrown at [./src/hotspot/share/classfile/systemDictionary.cpp, line 231]
Event: 8.257 Thread 0x000001f055a4e800 Exception <a 'java/lang/ClassNotFoundException'{0x000000008738cb58}: org/gradle/initialization/DefaultProjectDescriptorCustomizer> (0x000000008738cb58) thrown at [./src/hotspot/share/classfile/systemDictionary.cpp, line 231]
Event: 8.258 Thread 0x000001f055a4e800 Implicit null exception at 0x000001f04372d5ec to 0x000001f04372d694
Event: 8.305 Thread 0x000001f055a4e800 Exception <a 'java/lang/ClassNotFoundException'{0x0000000086f6f9d8}: org/jetbrains/plugins/gradle/model/web/WebConfigurationBeanInfo> (0x0000000086f6f9d8) thrown at [./src/hotspot/share/classfile/systemDictionary.cpp, line 231]
Event: 8.305 Thread 0x000001f055a4e800 Exception <a 'java/lang/ClassNotFoundException'{0x0000000086f7ff40}: org/jetbrains/plugins/gradle/model/web/WebConfigurationCustomizer> (0x0000000086f7ff40) thrown at [./src/hotspot/share/classfile/systemDictionary.cpp, line 231]
Event: 8.308 Thread 0x000001f055a4e800 Exception <a 'java/lang/ClassNotFoundException'{0x0000000086fb2f98}: org/jetbrains/plugins/gradle/model/scala/ScalaModelBeanInfo> (0x0000000086fb2f98) thrown at [./src/hotspot/share/classfile/systemDictionary.cpp, line 231]
Event: 8.308 Thread 0x000001f055a4e800 Exception <a 'java/lang/ClassNotFoundException'{0x0000000086fc3100}: org/jetbrains/plugins/gradle/model/scala/ScalaModelCustomizer> (0x0000000086fc3100) thrown at [./src/hotspot/share/classfile/systemDictionary.cpp, line 231]
Event: 8.470 Thread 0x000001f055a4e800 Exception <a 'java/lang/ClassNotFoundException'{0x0000000089c7ebb8}: org/gradle/api/internal/project/DefaultProject_DecoratedBeanInfo> (0x0000000089c7ebb8) thrown at [./src/hotspot/share/classfile/systemDictionary.cpp, line 231]
Event: 8.471 Thread 0x000001f055a4e800 Exception <a 'java/lang/ClassNotFoundException'{0x0000000089c98b20}: org/gradle/api/internal/project/DefaultProjectBeanInfo> (0x0000000089c98b20) thrown at [./src/hotspot/share/classfile/systemDictionary.cpp, line 231]
Event: 8.471 Thread 0x000001f055a4e800 Exception <a 'java/lang/ClassNotFoundException'{0x0000000089cb2880}: org/gradle/api/internal/project/DefaultProjectCustomizer> (0x0000000089cb2880) thrown at [./src/hotspot/share/classfile/systemDictionary.cpp, line 231]
Event: 8.475 Thread 0x000001f055a4e800 Exception <a 'java/lang/ClassNotFoundException'{0x0000000089b60fc8}: org/gradle/api/internal/project/DefaultProject_DecoratedCustomizer> (0x0000000089b60fc8) thrown at [./src/hotspot/share/classfile/systemDictionary.cpp, line 231]
Event: 8.555 Thread 0x000001f055a4e800 Exception <a 'java/lang/NoSuchMethodError'{0x00000000894bab48}: 'java.lang.Object java.lang.invoke.DelegatingMethodHandle$Holder.reinvoke_L(java.lang.Object, java.lang.Object, java.lang.Object, java.lang.Object, java.lang.Object, java.lang.Object, java.lang.Object, java.lang.Object, java.lang.Object, java.lang.Object, java.lang.Object, java.lang.Object, java.lang.Object, java.lang.Object, java.lang.Object, java.lang.Object, java.lang.Object, java.lang.Object, java.lang.Object, java.lang.Object, java.lang.O
Event: 8.556 Thread 0x000001f055a4e800 Exception <a 'java/lang/NoSuchMethodError'{0x00000000894c6fa0}: 'java.lang.Object java.lang.invoke.Invokers$Holder.invoker(java.lang.Object, java.lang.Object, java.lang.Object, java.lang.Object, java.lang.Object, java.lang.Object, java.lang.Object, java.lang.Object, java.lang.Object, java.lang.Object, java.lang.Object, java.lang.Object, java.lang.Object, java.lang.Object, java.lang.Object, java.lang.Object, java.lang.Object, java.lang.Object, java.lang.Object, java.lang.Object, java.lang.Object)'> (0x00000
Event: 8.556 Thread 0x000001f055a4e800 Exception <a 'java/lang/NoSuchMethodError'{0x00000000894ceb08}: 'java.lang.Object java.lang.invoke.DelegatingMethodHandle$Holder.delegate(java.lang.Object, java.lang.Object, java.lang.Object, java.lang.Object, java.lang.Object, java.lang.Object, java.lang.Object, java.lang.Object, java.lang.Object, java.lang.Object, java.lang.Object, java.lang.Object, java.lang.Object, java.lang.Object, java.lang.Object, java.lang.Object, java.lang.Object, java.lang.Object, java.lang.Object, java.lang.Object, java.lang.Obj
Event: 8.561 Thread 0x000001f055a4e800 Exception <a 'java/lang/NoSuchMethodError'{0x0000000089318a58}: 'java.lang.Object java.lang.invoke.DirectMethodHandle$Holder.invokeStatic(java.lang.Object, java.lang.Object, java.lang.Object, java.lang.Object, java.lang.Object, java.lang.Object, java.lang.Object, java.lang.Object, java.lang.Object, java.lang.Object, java.lang.Object, java.lang.Object, java.lang.Object, java.lang.Object, java.lang.Object)'> (0x0000000089318a58) thrown at [./src/hotspot/share/interpreter/linkResolver.cpp, line 773]
Event: 8.564 Thread 0x000001f055a4e800 Exception <a 'java/lang/NoSuchMethodError'{0x0000000089329b30}: 'java.lang.Object java.lang.invoke.DirectMethodHandle$Holder.invokeStatic(java.lang.Object, java.lang.Object, java.lang.Object, java.lang.Object, java.lang.Object, java.lang.Object, java.lang.Object, java.lang.Object, java.lang.Object, java.lang.Object, java.lang.Object, java.lang.Object, java.lang.Object, java.lang.Object, java.lang.Object, java.lang.Object)'> (0x0000000089329b30) thrown at [./src/hotspot/share/interpreter/linkResolver.cpp, l
Event: 8.565 Thread 0x000001f055a4e800 Exception <a 'java/lang/NoSuchMethodError'{0x000000008933ab18}: 'java.lang.Object java.lang.invoke.DelegatingMethodHandle$Holder.reinvoke_L(java.lang.Object, java.lang.Object, java.lang.Object, java.lang.Object, java.lang.Object, java.lang.Object, java.lang.Object, java.lang.Object, java.lang.Object, java.lang.Object, java.lang.Object, java.lang.Object, java.lang.Object, java.lang.Object, java.lang.Object, java.lang.Object, java.lang.Object, java.lang.Object, java.lang.Object, java.lang.Object)'> (0x000000
Event: 8.666 Thread 0x000001f055a4e800 Implicit null exception at 0x000001f043689c74 to 0x000001f043689e98
Event: 8.666 Thread 0x000001f055a4e800 Implicit null exception at 0x000001f0436019f8 to 0x000001f043601a8a

Events (20 events):
Event: 8.693 loading class org/gradle/api/tasks/diagnostics/DependencyReportTask
Event: 8.693 loading class org/gradle/api/tasks/diagnostics/DependencyReportTask done
Event: 8.693 loading class org/gradle/api/tasks/diagnostics/AbstractDependencyReportTask
Event: 8.693 loading class org/gradle/api/tasks/diagnostics/AbstractDependencyReportTask done
Event: 8.694 loading class org/gradle/api/tasks/diagnostics/BuildEnvironmentReportTask
Event: 8.694 loading class org/gradle/api/tasks/diagnostics/BuildEnvironmentReportTask done
Event: 8.695 loading class org/gradle/api/reporting/components/ComponentReport
Event: 8.695 loading class org/gradle/api/reporting/components/ComponentReport done
Event: 8.697 loading class org/gradle/api/reporting/model/ModelReport
Event: 8.697 loading class org/gradle/api/reporting/model/ModelReport done
Event: 8.699 loading class org/gradle/api/reporting/dependents/DependentComponentsReport
Event: 8.699 loading class org/gradle/api/reporting/dependents/DependentComponentsReport done
Event: 8.702 loading class org/gradle/api/tasks/diagnostics/OutgoingVariantsReportTask
Event: 8.702 loading class org/gradle/api/tasks/diagnostics/OutgoingVariantsReportTask done
Event: 8.702 loading class org/gradle/api/tasks/diagnostics/OutgoingVariantsReportTask
Event: 8.702 loading class org/gradle/api/tasks/diagnostics/OutgoingVariantsReportTask done
Event: 8.702 loading class org/gradle/api/Action
Event: 8.702 loading class org/gradle/api/Action done
Event: 8.703 loading class org/gradle/api/internal/tasks/DefaultRealizableTaskCollection
Event: 8.703 loading class org/gradle/api/internal/tasks/DefaultRealizableTaskCollection done


Dynamic libraries:
0x00007ff7f48c0000 - 0x00007ff7f48ca000 	E:\Other App\Android Studio\jre\bin\java.exe
0x00007ffa1d3a0000 - 0x00007ffa1d5a9000 	C:\WINDOWS\SYSTEM32\ntdll.dll
0x00007ffa1bf60000 - 0x00007ffa1c01d000 	C:\WINDOWS\System32\KERNEL32.DLL
0x00007ffa1ac40000 - 0x00007ffa1afbb000 	C:\WINDOWS\System32\KERNELBASE.dll
0x00007ffa1b100000 - 0x00007ffa1b211000 	C:\WINDOWS\System32\ucrtbase.dll
0x00007ff9ffab0000 - 0x00007ff9ffac9000 	E:\Other App\Android Studio\jre\bin\jli.dll
0x00007ffa1b2e0000 - 0x00007ffa1b48d000 	C:\WINDOWS\System32\USER32.dll
0x00007ffa1a990000 - 0x00007ffa1a9b6000 	C:\WINDOWS\System32\win32u.dll
0x00007ffa05df0000 - 0x00007ffa06095000 	C:\WINDOWS\WinSxS\amd64_microsoft.windows.common-controls_6595b64144ccf1df_6.0.22000.120_none_9d947278b86cc467\COMCTL32.dll
0x00007ffa1c590000 - 0x00007ffa1c5b9000 	C:\WINDOWS\System32\GDI32.dll
0x00007ffa1a870000 - 0x00007ffa1a988000 	C:\WINDOWS\System32\gdi32full.dll
0x00007ffa1b220000 - 0x00007ffa1b2c3000 	C:\WINDOWS\System32\msvcrt.dll
0x00007ffa1aa30000 - 0x00007ffa1aacd000 	C:\WINDOWS\System32\msvcp_win.dll
0x00007ff9fee10000 - 0x00007ff9fee27000 	E:\Other App\Android Studio\jre\bin\VCRUNTIME140.dll
0x00007ffa1cfc0000 - 0x00007ffa1cff1000 	C:\WINDOWS\System32\IMM32.DLL
0x00007ff9e7030000 - 0x00007ff9e70cd000 	E:\Other App\Android Studio\jre\bin\msvcp140.dll
0x00007ff9ce570000 - 0x00007ff9cf072000 	E:\Other App\Android Studio\jre\bin\server\jvm.dll
0x00007ffa1bc50000 - 0x00007ffa1bcfe000 	C:\WINDOWS\System32\ADVAPI32.dll
0x00007ffa1bd20000 - 0x00007ffa1bdbe000 	C:\WINDOWS\System32\sechost.dll
0x00007ffa1bdc0000 - 0x00007ffa1bee0000 	C:\WINDOWS\System32\RPCRT4.dll
0x00007ffa1b2d0000 - 0x00007ffa1b2d8000 	C:\WINDOWS\System32\PSAPI.DLL
0x00007ffa12be0000 - 0x00007ffa12bea000 	C:\WINDOWS\SYSTEM32\VERSION.dll
0x00007ffa14f00000 - 0x00007ffa14f33000 	C:\WINDOWS\SYSTEM32\WINMM.dll
0x00007ff9ff3f0000 - 0x00007ff9ff3f9000 	C:\WINDOWS\SYSTEM32\WSOCK32.dll
0x00007ffa1cb60000 - 0x00007ffa1cbcf000 	C:\WINDOWS\System32\WS2_32.dll
0x00007ffa198f0000 - 0x00007ffa19908000 	C:\WINDOWS\SYSTEM32\kernel.appcore.dll
0x00007ff9fe110000 - 0x00007ff9fe121000 	E:\Other App\Android Studio\jre\bin\verify.dll
0x00007ffa183a0000 - 0x00007ffa185c1000 	C:\WINDOWS\SYSTEM32\DBGHELP.DLL
0x00007ffa088f0000 - 0x00007ffa08921000 	C:\WINDOWS\SYSTEM32\dbgcore.DLL
0x00007ffa1b080000 - 0x00007ffa1b0ff000 	C:\WINDOWS\System32\bcryptPrimitives.dll
0x00007ff9fbb20000 - 0x00007ff9fbb49000 	E:\Other App\Android Studio\jre\bin\java.dll
0x00007ffa134f0000 - 0x00007ffa134fb000 	E:\Other App\Android Studio\jre\bin\jimage.dll
0x00007ff9fde60000 - 0x00007ff9fde78000 	E:\Other App\Android Studio\jre\bin\zip.dll
0x00007ffa1b490000 - 0x00007ffa1bc48000 	C:\WINDOWS\System32\SHELL32.dll
0x00007ffa18960000 - 0x00007ffa191c5000 	C:\WINDOWS\SYSTEM32\windows.storage.dll
0x00007ffa1c6c0000 - 0x00007ffa1ca37000 	C:\WINDOWS\System32\combase.dll
0x00007ffa185e0000 - 0x00007ffa18746000 	C:\WINDOWS\SYSTEM32\wintypes.dll
0x00007ffa1d070000 - 0x00007ffa1d15a000 	C:\WINDOWS\System32\SHCORE.dll
0x00007ffa1bee0000 - 0x00007ffa1bf3d000 	C:\WINDOWS\System32\shlwapi.dll
0x00007ffa1a7a0000 - 0x00007ffa1a7c1000 	C:\WINDOWS\SYSTEM32\profapi.dll
0x00007ff9fcb60000 - 0x00007ff9fcb7a000 	E:\Other App\Android Studio\jre\bin\net.dll
0x00007ffa142a0000 - 0x00007ffa143ac000 	C:\WINDOWS\SYSTEM32\WINHTTP.dll
0x00007ffa19e00000 - 0x00007ffa19e67000 	C:\WINDOWS\system32\mswsock.dll
0x00007ff9fc420000 - 0x00007ff9fc434000 	E:\Other App\Android Studio\jre\bin\nio.dll
0x00007ffa08230000 - 0x00007ffa08257000 	C:\Users\putra\.gradle\native\e1d6ef7f7dcc3fd88c89a11ec53ec762bb8ba0a96d01ffa2cd45eb1d1d8dd5c5\windows-amd64\native-platform.dll
0x00007ff9e0c10000 - 0x00007ff9e0d54000 	C:\Users\putra\.gradle\native\0d407fdbe67a94daf76414ababcb853783967236a71b16ec16e742cd7a986fd3\windows-amd64\native-platform-file-events.dll
0x00007ffa09c40000 - 0x00007ffa09c4a000 	E:\Other App\Android Studio\jre\bin\management.dll
0x00007ffa08ad0000 - 0x00007ffa08add000 	E:\Other App\Android Studio\jre\bin\management_ext.dll
0x00007ffa1a050000 - 0x00007ffa1a068000 	C:\WINDOWS\SYSTEM32\CRYPTSP.dll
0x00007ffa19850000 - 0x00007ffa19885000 	C:\WINDOWS\system32\rsaenh.dll
0x00007ffa19ef0000 - 0x00007ffa19f19000 	C:\WINDOWS\SYSTEM32\USERENV.dll
0x00007ffa1a250000 - 0x00007ffa1a277000 	C:\WINDOWS\SYSTEM32\bcrypt.dll
0x00007ffa1a070000 - 0x00007ffa1a07c000 	C:\WINDOWS\SYSTEM32\CRYPTBASE.dll
0x00007ffa19420000 - 0x00007ffa1944d000 	C:\WINDOWS\SYSTEM32\IPHLPAPI.DLL
0x00007ffa1c6b0000 - 0x00007ffa1c6b9000 	C:\WINDOWS\System32\NSI.dll
0x00007ffa13e60000 - 0x00007ffa13e79000 	C:\WINDOWS\SYSTEM32\dhcpcsvc6.DLL
0x00007ffa149c0000 - 0x00007ffa149de000 	C:\WINDOWS\SYSTEM32\dhcpcsvc.DLL
0x00007ffa19490000 - 0x00007ffa19578000 	C:\WINDOWS\SYSTEM32\DNSAPI.dll

dbghelp: loaded successfully - version: 4.0.5 - missing functions: none
symbol engine: initialized successfully - sym options: 0x614 - pdb path: .;E:\Other App\Android Studio\jre\bin;C:\WINDOWS\SYSTEM32;C:\WINDOWS\WinSxS\amd64_microsoft.windows.common-controls_6595b64144ccf1df_6.0.22000.120_none_9d947278b86cc467;E:\Other App\Android Studio\jre\bin\server;C:\Users\putra\.gradle\native\e1d6ef7f7dcc3fd88c89a11ec53ec762bb8ba0a96d01ffa2cd45eb1d1d8dd5c5\windows-amd64;C:\Users\putra\.gradle\native\0d407fdbe67a94daf76414ababcb853783967236a71b16ec16e742cd7a986fd3\windows-amd64

VM Arguments:
jvm_args: --add-opens=java.base/java.util=ALL-UNNAMED --add-opens=java.base/java.lang=ALL-UNNAMED --add-opens=java.base/java.lang.invoke=ALL-UNNAMED --add-opens=java.base/java.util=ALL-UNNAMED --add-opens=java.prefs/java.util.prefs=ALL-UNNAMED --add-opens=java.prefs/java.util.prefs=ALL-UNNAMED --add-opens=java.base/java.nio.charset=ALL-UNNAMED --add-opens=java.base/java.net=ALL-UNNAMED --add-opens=java.base/java.util.concurrent.atomic=ALL-UNNAMED -Xmx2048m -Dfile.encoding=UTF-8 -Duser.country=GB -Duser.language=en -Duser.variant 
java_command: org.gradle.launcher.daemon.bootstrap.GradleDaemon 7.4
java_class_path (initial): C:\Users\putra\.gradle\wrapper\dists\gradle-7.4-bin\c0gwcg53nkjbqw7r0h0umtfvt\gradle-7.4\lib\gradle-launcher-7.4.jar
Launcher Type: SUN_STANDARD

[Global flags]
     intx CICompilerCount                          = 4                                         {product} {ergonomic}
     uint ConcGCThreads                            = 2                                         {product} {ergonomic}
     uint G1ConcRefinementThreads                  = 8                                         {product} {ergonomic}
   size_t G1HeapRegionSize                         = 1048576                                   {product} {ergonomic}
    uintx GCDrainStackTargetSize                   = 64                                        {product} {ergonomic}
   size_t InitialHeapSize                          = 65011712                                  {product} {ergonomic}
   size_t MarkStackSize                            = 4194304                                   {product} {ergonomic}
   size_t MaxHeapSize                              = 2147483648                                {product} {command line}
   size_t MaxNewSize                               = 1287651328                                {product} {ergonomic}
   size_t MinHeapDeltaBytes                        = 1048576                                   {product} {ergonomic}
    uintx NonNMethodCodeHeapSize                   = 5836300                                {pd product} {ergonomic}
    uintx NonProfiledCodeHeapSize                  = 122910970                              {pd product} {ergonomic}
    uintx ProfiledCodeHeapSize                     = 122910970                              {pd product} {ergonomic}
    uintx ReservedCodeCacheSize                    = 251658240                              {pd product} {ergonomic}
     bool SegmentedCodeCache                       = true                                      {product} {ergonomic}
     bool UseCompressedClassPointers               = true                                 {lp64_product} {ergonomic}
     bool UseCompressedOops                        = true                                 {lp64_product} {ergonomic}
     bool UseG1GC                                  = true                                      {product} {ergonomic}
     bool UseLargePagesIndividualAllocation        = false                                  {pd product} {ergonomic}

Logging:
Log output configuration:
 #0: stdout all=warning uptime,level,tags
 #1: stderr all=off uptime,level,tags

Environment Variables:
PATH=C:\Program Files\Common Files\Oracle\Java\javapath;C:\Windows\system32;C:\Windows;C:\Windows\System32\Wbem;C:\Windows\System32\WindowsPowerShell\v1.0\;C:\Windows\System32\OpenSSH\;C:\Program Files (x86)\NVIDIA Corporation\PhysX\Common;C:\Program Files\Intel\WiFi\bin\;C:\Program Files\Common Files\Intel\WirelessCommon\;C:\WINDOWS\system32;C:\WINDOWS;C:\WINDOWS\System32\Wbem;C:\WINDOWS\System32\WindowsPowerShell\v1.0\;C:\WINDOWS\System32\OpenSSH\;E:\Other App\Git\cmd;C:\Users\putra\AppData\Local\Microsoft\WindowsApps;C:\adb;C:\Program Files\dotnet\;E:\Other App\xampp\php;C:\Users\putra\AppData\Local\Programs\Python\Python310\Scripts\;C:\Users\putra\AppData\Local\Programs\Python\Python310\;C:\Users\putra\AppData\Local\Microsoft\WindowsApps;;C:\Users\putra\AppData\Local\Programs\Microsoft VS Code\bin
USERNAME=Irvan Poetra
OS=Windows_NT
PROCESSOR_IDENTIFIER=Intel64 Family 6 Model 142 Stepping 12, GenuineIntel



---------------  S Y S T E M  ---------------

OS: Windows 11 , 64 bit Build 22000 (10.0.22000.708)
OS uptime: 5 days 2:36 hours

CPU:total 8 (initial active 8) (4 cores per cpu, 2 threads per core) family 6 model 142 stepping 12 microcode 0xde, cmov, cx8, fxsr, mmx, sse, sse2, sse3, ssse3, sse4.1, sse4.2, popcnt, avx, avx2, aes, clmul, erms, 3dnowpref, lzcnt, ht, tsc, tscinvbit, bmi1, bmi2, adx, fma

Memory: 4k page, system-wide physical 3946M (277M free)
TotalPageFile size 14167M (AvailPageFile size 2M)
current process WorkingSet (physical memory assigned to process): 294M, peak: 294M
current process commit charge ("private bytes"): 347M, peak: 348M

vm_info: OpenJDK 64-Bit Server VM (11.0.13+0-b1751.21-8125866) for windows-amd64 JRE (11.0.13+0-b1751.21-8125866), built on Feb  2 2022 03:00:22 by "builder" with MS VC++ 14.0 (VS2015)

END.
