#
# There is insufficient memory for the Java Runtime Environment to continue.
# Native memory allocation (malloc) failed to allocate 972816 bytes for Chunk::new
# Possible reasons:
#   The system is out of physical RAM or swap space
#   The process is running with CompressedOops enabled, and the Java Heap may be blocking the growth of the native heap
# Possible solutions:
#   Reduce memory load on the system
#   Increase physical memory or swap space
#   Check if swap backing store is full
#   Decrease Java heap size (-Xmx/-Xms)
#   Decrease number of Java threads
#   Decrease Java thread stack sizes (-Xss)
#   Set larger code cache with -XX:ReservedCodeCacheSize=
#   JVM is running with Unscaled Compressed Oops mode in which the Java heap is
#     placed in the first 4GB address space. The Java Heap base address is the
#     maximum limit for the native heap growth. Please use -XX:HeapBaseMinAddress
#     to set the Java Heap base and to place the Java Heap above 4GB virtual address.
# This output file may be truncated or incomplete.
#
#  Out of Memory Error (./src/hotspot/share/memory/arena.cpp:197), pid=17060, tid=2356
#
# JRE version: OpenJDK Runtime Environment (11.0.13) (build 11.0.13+0-b1751.21-8125866)
# Java VM: OpenJDK 64-Bit Server VM (11.0.13+0-b1751.21-8125866, mixed mode, tiered, compressed oops, g1 gc, windows-amd64)
# No core dump will be written. Minidumps are not enabled by default on client versions of Windows
#

---------------  S U M M A R Y ------------

Command Line: --add-opens=java.base/java.util=ALL-UNNAMED --add-opens=java.base/java.lang=ALL-UNNAMED --add-opens=java.base/java.lang.invoke=ALL-UNNAMED --add-opens=java.base/java.util=ALL-UNNAMED --add-opens=java.prefs/java.util.prefs=ALL-UNNAMED --add-opens=java.prefs/java.util.prefs=ALL-UNNAMED --add-opens=java.base/java.nio.charset=ALL-UNNAMED --add-opens=java.base/java.net=ALL-UNNAMED --add-opens=java.base/java.util.concurrent.atomic=ALL-UNNAMED -Xmx2048m -Dfile.encoding=UTF-8 -Duser.country=GB -Duser.language=en -Duser.variant org.gradle.launcher.daemon.bootstrap.GradleDaemon 7.4

Host: Intel(R) Core(TM) i5-8265U CPU @ 1.60GHz, 8 cores, 3G,  Windows 11 , 64 bit Build 22000 (10.0.22000.708)
Time: Wed Nov 23 13:46:45 2022 SE Asia Standard Time elapsed time: 15.630458 seconds (0d 0h 0m 15s)

---------------  T H R E A D  ---------------

Current thread (0x000001c1f5442800):  JavaThread "C2 CompilerThread0" daemon [_thread_in_native, id=2356, stack(0x0000004a21400000,0x0000004a21500000)]


Current CompileTask:
C2:  15630 5002       4       java.lang.String::split (324 bytes)

Stack: [0x0000004a21400000,0x0000004a21500000]
Native frames: (J=compiled Java code, j=interpreted, Vv=VM code, C=native code)
V  [jvm.dll+0x6100fa]
V  [jvm.dll+0x747090]
V  [jvm.dll+0x7486ad]
V  [jvm.dll+0x748d83]
V  [jvm.dll+0x24ab48]
V  [jvm.dll+0xc04dc]
V  [jvm.dll+0xc0a0c]
V  [jvm.dll+0x35eb5b]
V  [jvm.dll+0x19d9bc]
V  [jvm.dll+0x2033be]
V  [jvm.dll+0x202437]
V  [jvm.dll+0x188e01]
V  [jvm.dll+0x21106b]
V  [jvm.dll+0x20f8c1]
V  [jvm.dll+0x70de0f]
V  [jvm.dll+0x706a75]
V  [jvm.dll+0x60ed66]
C  [ucrtbase.dll+0x26c0c]
C  [KERNEL32.DLL+0x154e0]
C  [ntdll.dll+0x485b]


---------------  P R O C E S S  ---------------

Threads class SMR info:
_java_thread_list=0x000001c1f858bf80, length=35, elements={
0x000001c1dafbe800, 0x000001c1f541f000, 0x000001c1f5428000, 0x000001c1f5dd3000,
0x000001c1f543d800, 0x000001c1f5440800, 0x000001c1f5442800, 0x000001c1f544b800,
0x000001c1f5472000, 0x000001c1f5f23000, 0x000001c1f8207000, 0x000001c1f837c800,
0x000001c1f7e3f000, 0x000001c1f8a30000, 0x000001c1f8d2e800, 0x000001c1f71c5800,
0x000001c1f71ca800, 0x000001c1f933e800, 0x000001c1f8705000, 0x000001c1f81fd800,
0x000001c1f86fc800, 0x000001c1f8700800, 0x000001c1f8701000, 0x000001c1f86fb800,
0x000001c1f86fe000, 0x000001c1f8702000, 0x000001c1f86ff000, 0x000001c1f86fd000,
0x000001c1f86ff800, 0x000001c1f9840000, 0x000001c1f9844000, 0x000001c1f983f000,
0x000001c1f983e800, 0x000001c1f9848000, 0x000001c1f9845800
}

Java Threads: ( => current thread )
  0x000001c1dafbe800 JavaThread "main" [_thread_blocked, id=17336, stack(0x0000004a20800000,0x0000004a20900000)]
  0x000001c1f541f000 JavaThread "Reference Handler" daemon [_thread_blocked, id=9496, stack(0x0000004a20f00000,0x0000004a21000000)]
  0x000001c1f5428000 JavaThread "Finalizer" daemon [_thread_blocked, id=3428, stack(0x0000004a21000000,0x0000004a21100000)]
  0x000001c1f5dd3000 JavaThread "Signal Dispatcher" daemon [_thread_blocked, id=7940, stack(0x0000004a21100000,0x0000004a21200000)]
  0x000001c1f543d800 JavaThread "Attach Listener" daemon [_thread_blocked, id=9184, stack(0x0000004a21200000,0x0000004a21300000)]
  0x000001c1f5440800 JavaThread "Service Thread" daemon [_thread_blocked, id=15432, stack(0x0000004a21300000,0x0000004a21400000)]
=>0x000001c1f5442800 JavaThread "C2 CompilerThread0" daemon [_thread_in_native, id=2356, stack(0x0000004a21400000,0x0000004a21500000)]
  0x000001c1f544b800 JavaThread "C1 CompilerThread0" daemon [_thread_blocked, id=5216, stack(0x0000004a21500000,0x0000004a21600000)]
  0x000001c1f5472000 JavaThread "Sweeper thread" daemon [_thread_blocked, id=23120, stack(0x0000004a21600000,0x0000004a21700000)]
  0x000001c1f5f23000 JavaThread "Common-Cleaner" daemon [_thread_blocked, id=17612, stack(0x0000004a21700000,0x0000004a21800000)]
  0x000001c1f8207000 JavaThread "Daemon health stats" [_thread_blocked, id=12764, stack(0x0000004a21b00000,0x0000004a21c00000)]
  0x000001c1f837c800 JavaThread "Incoming local TCP Connector on port 61584" [_thread_in_native, id=17312, stack(0x0000004a21a00000,0x0000004a21b00000)]
  0x000001c1f7e3f000 JavaThread "Daemon periodic checks" [_thread_blocked, id=5624, stack(0x0000004a21c00000,0x0000004a21d00000)]
  0x000001c1f8a30000 JavaThread "Daemon" [_thread_blocked, id=18816, stack(0x0000004a21e00000,0x0000004a21f00000)]
  0x000001c1f8d2e800 JavaThread "Handler for socket connection from /127.0.0.1:61584 to /127.0.0.1:61585" [_thread_in_native, id=15384, stack(0x0000004a21f00000,0x0000004a22000000)]
  0x000001c1f71c5800 JavaThread "Cancel handler" [_thread_blocked, id=22604, stack(0x0000004a22000000,0x0000004a22100000)]
  0x000001c1f71ca800 JavaThread "Daemon worker" [_thread_in_native, id=6500, stack(0x0000004a22100000,0x0000004a22200000)]
  0x000001c1f933e800 JavaThread "Asynchronous log dispatcher for DefaultDaemonConnection: socket connection from /127.0.0.1:61584 to /127.0.0.1:61585" [_thread_blocked, id=10148, stack(0x0000004a22200000,0x0000004a22300000)]
  0x000001c1f8705000 JavaThread "Stdin handler" [_thread_blocked, id=8592, stack(0x0000004a22300000,0x0000004a22400000)]
  0x000001c1f81fd800 JavaThread "Daemon client event forwarder" [_thread_blocked, id=16296, stack(0x0000004a22400000,0x0000004a22500000)]
  0x000001c1f86fc800 JavaThread "Cache worker for journal cache (E:\Android\.gradle\caches\journal-1)" [_thread_blocked, id=10796, stack(0x0000004a22b00000,0x0000004a22c00000)]
  0x000001c1f8700800 JavaThread "File lock request listener" [_thread_in_native, id=12460, stack(0x0000004a22c00000,0x0000004a22d00000)]
  0x000001c1f8701000 JavaThread "Cache worker for file hash cache (E:\Android\.gradle\caches\7.4\fileHashes)" [_thread_blocked, id=15948, stack(0x0000004a22d00000,0x0000004a22e00000)]
  0x000001c1f86fb800 JavaThread "File watcher server" daemon [_thread_in_native, id=12136, stack(0x0000004a21d00000,0x0000004a21e00000)]
  0x000001c1f86fe000 JavaThread "File watcher consumer" daemon [_thread_blocked, id=22284, stack(0x0000004a22f00000,0x0000004a23000000)]
  0x000001c1f8702000 JavaThread "Cache worker for checksums cache (E:\Hacktiv8\Final Project\projek3\.gradle\7.4\checksums)" [_thread_blocked, id=20736, stack(0x0000004a23000000,0x0000004a23100000)]
  0x000001c1f86ff000 JavaThread "Cache worker for cache directory md-rule (E:\Android\.gradle\caches\7.4\md-rule)" [_thread_blocked, id=19268, stack(0x0000004a23100000,0x0000004a23200000)]
  0x000001c1f86fd000 JavaThread "Cache worker for file hash cache (E:\Hacktiv8\Final Project\projek3\.gradle\7.4\fileHashes)" [_thread_blocked, id=22796, stack(0x0000004a23200000,0x0000004a23300000)]
  0x000001c1f86ff800 JavaThread "Cache worker for cache directory md-supplier (E:\Android\.gradle\caches\7.4\md-supplier)" [_thread_blocked, id=10564, stack(0x0000004a23300000,0x0000004a23400000)]
  0x000001c1f9840000 JavaThread "Cache worker for execution history cache (E:\Android\.gradle\caches\7.4\executionHistory)" [_thread_blocked, id=21288, stack(0x0000004a23400000,0x0000004a23500000)]
  0x000001c1f9844000 JavaThread "jar transforms" [_thread_blocked, id=13160, stack(0x0000004a23500000,0x0000004a23600000)]
  0x000001c1f983f000 JavaThread "Cache worker for file content cache (E:\Android\.gradle\caches\7.4\fileContent)" [_thread_blocked, id=312, stack(0x0000004a23600000,0x0000004a23700000)]
  0x000001c1f983e800 JavaThread "jar transforms Thread 2" [_thread_blocked, id=12872, stack(0x0000004a23700000,0x0000004a23800000)]
  0x000001c1f9848000 JavaThread "Cache worker for dependencies-accessors (E:\Hacktiv8\Final Project\projek3\.gradle\7.4\dependencies-accessors)" [_thread_blocked, id=17604, stack(0x0000004a23800000,0x0000004a23900000)]
  0x000001c1f9845800 JavaThread "jar transforms Thread 3" [_thread_blocked, id=5876, stack(0x0000004a23900000,0x0000004a23a00000)]

Other Threads:
  0x000001c1f541c000 VMThread "VM Thread" [stack: 0x0000004a20e00000,0x0000004a20f00000] [id=14808]
  0x000001c1f5f2c000 WatcherThread [stack: 0x0000004a21800000,0x0000004a21900000] [id=14924]
  0x000001c1dafd8800 GCTaskThread "GC Thread#0" [stack: 0x0000004a20900000,0x0000004a20a00000] [id=22852]
  0x000001c1f6b20000 GCTaskThread "GC Thread#1" [stack: 0x0000004a21900000,0x0000004a21a00000] [id=13488]
  0x000001c1f7755800 GCTaskThread "GC Thread#2" [stack: 0x0000004a22500000,0x0000004a22600000] [id=20348]
  0x000001c1f8090800 GCTaskThread "GC Thread#3" [stack: 0x0000004a22600000,0x0000004a22700000] [id=12572]
  0x000001c1f9338000 GCTaskThread "GC Thread#4" [stack: 0x0000004a22700000,0x0000004a22800000] [id=19220]
  0x000001c1f9339000 GCTaskThread "GC Thread#5" [stack: 0x0000004a22800000,0x0000004a22900000] [id=17216]
  0x000001c1f807a800 GCTaskThread "GC Thread#6" [stack: 0x0000004a22900000,0x0000004a22a00000] [id=19920]
  0x000001c1f8083800 GCTaskThread "GC Thread#7" [stack: 0x0000004a22a00000,0x0000004a22b00000] [id=16244]
  0x000001c1db009800 ConcurrentGCThread "G1 Main Marker" [stack: 0x0000004a20a00000,0x0000004a20b00000] [id=17796]
  0x000001c1db00b800 ConcurrentGCThread "G1 Conc#0" [stack: 0x0000004a20b00000,0x0000004a20c00000] [id=1172]
  0x000001c1f9346800 ConcurrentGCThread "G1 Conc#1" [stack: 0x0000004a22e00000,0x0000004a22f00000] [id=180]
  0x000001c1db078000 ConcurrentGCThread "G1 Refine#0" [stack: 0x0000004a20c00000,0x0000004a20d00000] [id=7280]
  0x000001c1db07b000 ConcurrentGCThread "G1 Young RemSet Sampling" [stack: 0x0000004a20d00000,0x0000004a20e00000] [id=1216]

Threads with active compile tasks:
C2 CompilerThread0  15698 5002       4       java.lang.String::split (324 bytes)

VM state:not at safepoint (normal execution)

VM Mutex/Monitor currently owned by a thread: None

Heap address: 0x0000000080000000, size: 2048 MB, Compressed Oops mode: 32-bit
Narrow klass base: 0x0000000000000000, Narrow klass shift: 3
Compressed class space size: 1073741824 Address: 0x0000000100000000

Heap:
 garbage-first heap   total 76800K, used 43821K [0x0000000080000000, 0x0000000100000000)
  region size 1024K, 13 young (13312K), 4 survivors (4096K)
 Metaspace       used 58582K, capacity 59832K, committed 60112K, reserved 1101824K
  class space    used 7437K, capacity 7881K, committed 7936K, reserved 1048576K
Heap Regions: E=young(eden), S=young(survivor), O=old, HS=humongous(starts), HC=humongous(continues), CS=collection set, F=free, A=archive, TAMS=top-at-mark-start (previous, next)
|   0|0x0000000080000000, 0x0000000080100000, 0x0000000080100000|100%| O|  |TAMS 0x0000000080100000, 0x0000000080000000| Untracked 
|   1|0x0000000080100000, 0x0000000080200000, 0x0000000080200000|100%| O|  |TAMS 0x0000000080200000, 0x0000000080100000| Untracked 
|   2|0x0000000080200000, 0x0000000080300000, 0x0000000080300000|100%| O|  |TAMS 0x0000000080300000, 0x0000000080200000| Untracked 
|   3|0x0000000080300000, 0x0000000080400000, 0x0000000080400000|100%|HS|  |TAMS 0x0000000080400000, 0x0000000080300000| Complete 
|   4|0x0000000080400000, 0x0000000080500000, 0x0000000080500000|100%|HC|  |TAMS 0x0000000080500000, 0x0000000080400000| Complete 
|   5|0x0000000080500000, 0x0000000080600000, 0x0000000080600000|100%|HC|  |TAMS 0x0000000080600000, 0x0000000080500000| Complete 
|   6|0x0000000080600000, 0x0000000080700000, 0x0000000080700000|100%| O|  |TAMS 0x0000000080700000, 0x0000000080600000| Untracked 
|   7|0x0000000080700000, 0x0000000080800000, 0x0000000080800000|100%| O|  |TAMS 0x0000000080800000, 0x0000000080700000| Untracked 
|   8|0x0000000080800000, 0x0000000080900000, 0x0000000080900000|100%| O|  |TAMS 0x0000000080900000, 0x0000000080800000| Untracked 
|   9|0x0000000080900000, 0x0000000080a00000, 0x0000000080a00000|100%| O|  |TAMS 0x0000000080a00000, 0x0000000080900000| Untracked 
|  10|0x0000000080a00000, 0x0000000080b00000, 0x0000000080b00000|100%| O|  |TAMS 0x0000000080b00000, 0x0000000080a00000| Untracked 
|  11|0x0000000080b00000, 0x0000000080c00000, 0x0000000080c00000|100%| O|  |TAMS 0x0000000080c00000, 0x0000000080b00000| Untracked 
|  12|0x0000000080c00000, 0x0000000080d00000, 0x0000000080d00000|100%| O|  |TAMS 0x0000000080d00000, 0x0000000080c00000| Untracked 
|  13|0x0000000080d00000, 0x0000000080e00000, 0x0000000080e00000|100%| O|  |TAMS 0x0000000080e00000, 0x0000000080d00000| Untracked 
|  14|0x0000000080e00000, 0x0000000080f00000, 0x0000000080f00000|100%| O|  |TAMS 0x0000000080f00000, 0x0000000080e00000| Untracked 
|  15|0x0000000080f00000, 0x0000000081000000, 0x0000000081000000|100%| O|  |TAMS 0x0000000081000000, 0x0000000080f00000| Untracked 
|  16|0x0000000081000000, 0x0000000081100000, 0x0000000081100000|100%| O|  |TAMS 0x0000000081100000, 0x0000000081000000| Untracked 
|  17|0x0000000081100000, 0x0000000081200000, 0x0000000081200000|100%| O|  |TAMS 0x0000000081200000, 0x0000000081100000| Untracked 
|  18|0x0000000081200000, 0x0000000081300000, 0x0000000081300000|100%| O|  |TAMS 0x00000000812d4400, 0x0000000081200000| Untracked 
|  19|0x0000000081300000, 0x0000000081400000, 0x0000000081400000|100%| O|  |TAMS 0x0000000081300000, 0x0000000081300000| Untracked 
|  20|0x0000000081400000, 0x0000000081500000, 0x0000000081500000|100%| O|  |TAMS 0x0000000081400000, 0x0000000081400000| Untracked 
|  21|0x0000000081500000, 0x0000000081600000, 0x0000000081600000|100%| O|  |TAMS 0x0000000081500000, 0x0000000081500000| Untracked 
|  22|0x0000000081600000, 0x0000000081700000, 0x0000000081700000|100%| O|  |TAMS 0x0000000081600000, 0x0000000081600000| Untracked 
|  23|0x0000000081700000, 0x0000000081800000, 0x0000000081800000|100%| O|  |TAMS 0x0000000081700000, 0x0000000081700000| Untracked 
|  24|0x0000000081800000, 0x0000000081900000, 0x0000000081900000|100%| O|  |TAMS 0x0000000081800000, 0x0000000081800000| Untracked 
|  25|0x0000000081900000, 0x0000000081a00000, 0x0000000081a00000|100%| O|  |TAMS 0x0000000081900000, 0x0000000081900000| Untracked 
|  26|0x0000000081a00000, 0x0000000081b00000, 0x0000000081b00000|100%| O|  |TAMS 0x0000000081a00000, 0x0000000081a00000| Untracked 
|  27|0x0000000081b00000, 0x0000000081bd9a00, 0x0000000081c00000| 85%| O|  |TAMS 0x0000000081b00000, 0x0000000081b00000| Untracked 
|  28|0x0000000081c00000, 0x0000000081d00000, 0x0000000081d00000|100%| O|  |TAMS 0x0000000081c00000, 0x0000000081c00000| Untracked 
|  29|0x0000000081d00000, 0x0000000081e00000, 0x0000000081e00000|100%| O|  |TAMS 0x0000000081d00000, 0x0000000081d00000| Untracked 
|  30|0x0000000081e00000, 0x0000000081f00000, 0x0000000081f00000|100%| O|  |TAMS 0x0000000081e00000, 0x0000000081e00000| Untracked 
|  31|0x0000000081f00000, 0x0000000081f00000, 0x0000000082000000|  0%| F|  |TAMS 0x0000000081f00000, 0x0000000081f00000| Untracked 
|  32|0x0000000082000000, 0x0000000082000000, 0x0000000082100000|  0%| F|  |TAMS 0x0000000082000000, 0x0000000082000000| Untracked 
|  33|0x0000000082100000, 0x0000000082100000, 0x0000000082200000|  0%| F|  |TAMS 0x0000000082100000, 0x0000000082100000| Untracked 
|  34|0x0000000082200000, 0x0000000082200000, 0x0000000082300000|  0%| F|  |TAMS 0x0000000082200000, 0x0000000082200000| Untracked 
|  35|0x0000000082300000, 0x0000000082300000, 0x0000000082400000|  0%| F|  |TAMS 0x0000000082300000, 0x0000000082300000| Untracked 
|  36|0x0000000082400000, 0x0000000082400000, 0x0000000082500000|  0%| F|  |TAMS 0x0000000082400000, 0x0000000082400000| Untracked 
|  37|0x0000000082500000, 0x0000000082500000, 0x0000000082600000|  0%| F|  |TAMS 0x0000000082500000, 0x0000000082500000| Untracked 
|  38|0x0000000082600000, 0x0000000082600000, 0x0000000082700000|  0%| F|  |TAMS 0x0000000082600000, 0x0000000082600000| Untracked 
|  39|0x0000000082700000, 0x0000000082700000, 0x0000000082800000|  0%| F|  |TAMS 0x0000000082700000, 0x0000000082700000| Untracked 
|  40|0x0000000082800000, 0x0000000082800000, 0x0000000082900000|  0%| F|  |TAMS 0x0000000082800000, 0x0000000082800000| Untracked 
|  41|0x0000000082900000, 0x00000000829f1a20, 0x0000000082a00000| 94%| S|CS|TAMS 0x0000000082900000, 0x0000000082900000| Complete 
|  42|0x0000000082a00000, 0x0000000082b00000, 0x0000000082b00000|100%| S|CS|TAMS 0x0000000082a00000, 0x0000000082a00000| Complete 
|  43|0x0000000082b00000, 0x0000000082b00000, 0x0000000082c00000|  0%| F|  |TAMS 0x0000000082b00000, 0x0000000082b00000| Untracked 
|  44|0x0000000082c00000, 0x0000000082c00000, 0x0000000082d00000|  0%| F|  |TAMS 0x0000000082c00000, 0x0000000082c00000| Untracked 
|  45|0x0000000082d00000, 0x0000000082d00000, 0x0000000082e00000|  0%| F|  |TAMS 0x0000000082d00000, 0x0000000082d00000| Untracked 
|  46|0x0000000082e00000, 0x0000000082f00000, 0x0000000082f00000|100%| S|CS|TAMS 0x0000000082e00000, 0x0000000082e00000| Complete 
|  47|0x0000000082f00000, 0x0000000083000000, 0x0000000083000000|100%| S|CS|TAMS 0x0000000082f00000, 0x0000000082f00000| Complete 
|  48|0x0000000083000000, 0x0000000083000000, 0x0000000083100000|  0%| F|  |TAMS 0x0000000083000000, 0x0000000083000000| Untracked 
|  49|0x0000000083100000, 0x0000000083100000, 0x0000000083200000|  0%| F|  |TAMS 0x0000000083100000, 0x0000000083100000| Untracked 
|  50|0x0000000083200000, 0x0000000083200000, 0x0000000083300000|  0%| F|  |TAMS 0x0000000083200000, 0x0000000083200000| Untracked 
|  51|0x0000000083300000, 0x0000000083300000, 0x0000000083400000|  0%| F|  |TAMS 0x0000000083300000, 0x0000000083300000| Untracked 
|  52|0x0000000083400000, 0x0000000083400000, 0x0000000083500000|  0%| F|  |TAMS 0x0000000083400000, 0x0000000083400000| Untracked 
|  53|0x0000000083500000, 0x0000000083500000, 0x0000000083600000|  0%| F|  |TAMS 0x0000000083500000, 0x0000000083500000| Untracked 
|  54|0x0000000083600000, 0x0000000083600000, 0x0000000083700000|  0%| F|  |TAMS 0x0000000083600000, 0x0000000083600000| Untracked 
|  55|0x0000000083700000, 0x0000000083700000, 0x0000000083800000|  0%| F|  |TAMS 0x0000000083700000, 0x0000000083700000| Untracked 
|  56|0x0000000083800000, 0x0000000083800000, 0x0000000083900000|  0%| F|  |TAMS 0x0000000083800000, 0x0000000083800000| Untracked 
|  57|0x0000000083900000, 0x0000000083900000, 0x0000000083a00000|  0%| F|  |TAMS 0x0000000083900000, 0x0000000083900000| Untracked 
|  58|0x0000000083a00000, 0x0000000083a00000, 0x0000000083b00000|  0%| F|  |TAMS 0x0000000083a00000, 0x0000000083a00000| Untracked 
|  59|0x0000000083b00000, 0x0000000083b00000, 0x0000000083c00000|  0%| F|  |TAMS 0x0000000083b00000, 0x0000000083b00000| Untracked 
|  60|0x0000000083c00000, 0x0000000083c00000, 0x0000000083d00000|  0%| F|  |TAMS 0x0000000083c00000, 0x0000000083c00000| Untracked 
|  61|0x0000000083d00000, 0x0000000083d00000, 0x0000000083e00000|  0%| F|  |TAMS 0x0000000083d00000, 0x0000000083d00000| Untracked 
|  62|0x0000000083e00000, 0x0000000083e00000, 0x0000000083f00000|  0%| F|  |TAMS 0x0000000083e00000, 0x0000000083e00000| Untracked 
|  63|0x0000000083f00000, 0x0000000083f00000, 0x0000000084000000|  0%| F|  |TAMS 0x0000000083f00000, 0x0000000083f00000| Untracked 
|  64|0x0000000084000000, 0x0000000084000000, 0x0000000084100000|  0%| F|  |TAMS 0x0000000084000000, 0x0000000084000000| Untracked 
|  65|0x0000000084100000, 0x0000000084100000, 0x0000000084200000|  0%| F|  |TAMS 0x0000000084100000, 0x0000000084100000| Untracked 
|  66|0x0000000084200000, 0x0000000084201370, 0x0000000084300000|  0%| E|  |TAMS 0x0000000084200000, 0x0000000084200000| Complete 
|  67|0x0000000084300000, 0x0000000084400000, 0x0000000084400000|100%| E|CS|TAMS 0x0000000084300000, 0x0000000084300000| Complete 
|  68|0x0000000084400000, 0x0000000084500000, 0x0000000084500000|100%| E|CS|TAMS 0x0000000084400000, 0x0000000084400000| Complete 
|  69|0x0000000084500000, 0x0000000084600000, 0x0000000084600000|100%| E|CS|TAMS 0x0000000084500000, 0x0000000084500000| Complete 
|  70|0x0000000084600000, 0x0000000084700000, 0x0000000084700000|100%| E|CS|TAMS 0x0000000084600000, 0x0000000084600000| Complete 
|  71|0x0000000084700000, 0x0000000084800000, 0x0000000084800000|100%| E|CS|TAMS 0x0000000084700000, 0x0000000084700000| Complete 
|  72|0x0000000084800000, 0x0000000084900000, 0x0000000084900000|100%| E|CS|TAMS 0x0000000084800000, 0x0000000084800000| Complete 
|  73|0x0000000084900000, 0x0000000084a00000, 0x0000000084a00000|100%| E|CS|TAMS 0x0000000084900000, 0x0000000084900000| Complete 
|  74|0x0000000084a00000, 0x0000000084b00000, 0x0000000084b00000|100%| E|CS|TAMS 0x0000000084a00000, 0x0000000084a00000| Complete 

Card table byte_map: [0x000001c1ee210000,0x000001c1ee610000] _byte_map_base: 0x000001c1ede10000

Marking Bits (Prev, Next): (CMBitMap*) 0x000001c1db0009d8, (CMBitMap*) 0x000001c1db000a10
 Prev Bits: [0x000001c1eea10000, 0x000001c1f0a10000)
 Next Bits: [0x000001c1f0a10000, 0x000001c1f2a10000)

Polling page: 0x000001c1da7a0000

Metaspace:

Usage:
  Non-class:     50.73 MB capacity,    49.95 MB ( 98%) used,   667.03 KB (  1%) free+waste,   138.94 KB ( <1%) overhead. 
      Class:      7.70 MB capacity,     7.26 MB ( 94%) used,   378.35 KB (  5%) free+waste,    64.81 KB ( <1%) overhead. 
       Both:     58.43 MB capacity,    57.21 MB ( 98%) used,     1.02 MB (  2%) free+waste,   203.75 KB ( <1%) overhead. 

Virtual space:
  Non-class space:       52.00 MB reserved,      50.95 MB ( 98%) committed 
      Class space:        1.00 GB reserved,       7.75 MB ( <1%) committed 
             Both:        1.05 GB reserved,      58.70 MB (  5%) committed 

Chunk freelists:
   Non-Class:  33.00 KB
       Class:  23.00 KB
        Both:  56.00 KB

MaxMetaspaceSize: 17179869184.00 GB
CompressedClassSpaceSize: 1.00 GB
Initial GC threshold: 20.80 MB
Current GC threshold: 59.09 MB
CDS: off

CodeHeap 'non-profiled nmethods': size=120000Kb used=2182Kb max_used=2182Kb free=117817Kb
 bounds [0x000001c1e65b0000, 0x000001c1e6820000, 0x000001c1edae0000]
CodeHeap 'profiled nmethods': size=120000Kb used=9985Kb max_used=9985Kb free=110014Kb
 bounds [0x000001c1df080000, 0x000001c1dfa50000, 0x000001c1e65b0000]
CodeHeap 'non-nmethods': size=5760Kb used=2328Kb max_used=2353Kb free=3431Kb
 bounds [0x000001c1deae0000, 0x000001c1ded50000, 0x000001c1df080000]
 total_blobs=5826 nmethods=4985 adapters=753
 compilation: enabled
              stopped_count=0, restarted_count=0
 full_count=0

Compilation events (20 events):
Event: 15.468 Thread 0x000001c1f544b800 5055       3       java.nio.Buffer::<init> (99 bytes)
Event: 15.469 Thread 0x000001c1f544b800 nmethod 5055 0x000001c1dfa21710 code [0x000001c1dfa21a00, 0x000001c1dfa22738]
Event: 15.478 Thread 0x000001c1f544b800 5057       3       java.util.HashMap::<init> (17 bytes)
Event: 15.478 Thread 0x000001c1f544b800 nmethod 5057 0x000001c1dfa22c10 code [0x000001c1dfa22de0, 0x000001c1dfa22fe8]
Event: 15.479 Thread 0x000001c1f544b800 5058       3       java.nio.ByteBuffer::<init> (45 bytes)
Event: 15.479 Thread 0x000001c1f544b800 nmethod 5058 0x000001c1dfa23110 code [0x000001c1dfa232e0, 0x000001c1dfa234e8]
Event: 15.479 Thread 0x000001c1f544b800 5059       1       java.nio.charset.CharsetDecoder::charset (5 bytes)
Event: 15.479 Thread 0x000001c1f544b800 nmethod 5059 0x000001c1e67d0810 code [0x000001c1e67d09c0, 0x000001c1e67d0a78]
Event: 15.538 Thread 0x000001c1f544b800 5061       3       java.util.regex.Pattern$Begin::match (62 bytes)
Event: 15.539 Thread 0x000001c1f544b800 nmethod 5061 0x000001c1dfa23610 code [0x000001c1dfa237e0, 0x000001c1dfa23b08]
Event: 15.540 Thread 0x000001c1f544b800 5062       3       sun.security.ssl.CipherSuite::isAvailable (52 bytes)
Event: 15.540 Thread 0x000001c1f544b800 nmethod 5062 0x000001c1dfa23c90 code [0x000001c1dfa23e60, 0x000001c1dfa241d8]
Event: 15.541 Thread 0x000001c1f544b800 5063       3       java.util.EnumMap::get (29 bytes)
Event: 15.541 Thread 0x000001c1f544b800 nmethod 5063 0x000001c1dfa24310 code [0x000001c1dfa24500, 0x000001c1dfa248a8]
Event: 15.541 Thread 0x000001c1f544b800 5064       3       java.util.EnumMap::isValidKey (36 bytes)
Event: 15.541 Thread 0x000001c1f544b800 nmethod 5064 0x000001c1dfa24a10 code [0x000001c1dfa24be0, 0x000001c1dfa24e48]
Event: 15.542 Thread 0x000001c1f544b800 5065       3       sun.security.ssl.SSLExtension::isAvailable (31 bytes)
Event: 15.542 Thread 0x000001c1f544b800 nmethod 5065 0x000001c1dfa24f10 code [0x000001c1dfa250c0, 0x000001c1dfa252d8]
Event: 15.542 Thread 0x000001c1f544b800 5066       3       sun.security.util.DisabledAlgorithmConstraints$Constraints::getConstraints (20 bytes)
Event: 15.543 Thread 0x000001c1f544b800 nmethod 5066 0x000001c1dfa25410 code [0x000001c1dfa25620, 0x000001c1dfa25b08]

GC Heap History (20 events):
Event: 6.291 GC heap before
{Heap before GC invocations=10 (full 0):
 garbage-first heap   total 76800K, used 47711K [0x0000000080000000, 0x0000000100000000)
  region size 1024K, 30 young (30720K), 3 survivors (3072K)
 Metaspace       used 31189K, capacity 31871K, committed 32128K, reserved 1077248K
  class space    used 4125K, capacity 4384K, committed 4480K, reserved 1048576K
}
Event: 6.297 GC heap after
{Heap after GC invocations=11 (full 0):
 garbage-first heap   total 76800K, used 20768K [0x0000000080000000, 0x0000000100000000)
  region size 1024K, 3 young (3072K), 3 survivors (3072K)
 Metaspace       used 31189K, capacity 31871K, committed 32128K, reserved 1077248K
  class space    used 4125K, capacity 4384K, committed 4480K, reserved 1048576K
}
Event: 7.022 GC heap before
{Heap before GC invocations=11 (full 0):
 garbage-first heap   total 76800K, used 32032K [0x0000000080000000, 0x0000000100000000)
  region size 1024K, 15 young (15360K), 3 survivors (3072K)
 Metaspace       used 35152K, capacity 35927K, committed 36048K, reserved 1081344K
  class space    used 4504K, capacity 4801K, committed 4864K, reserved 1048576K
}
Event: 7.035 GC heap after
{Heap after GC invocations=12 (full 0):
 garbage-first heap   total 76800K, used 22959K [0x0000000080000000, 0x0000000100000000)
  region size 1024K, 4 young (4096K), 4 survivors (4096K)
 Metaspace       used 35152K, capacity 35927K, committed 36048K, reserved 1081344K
  class space    used 4504K, capacity 4801K, committed 4864K, reserved 1048576K
}
Event: 7.614 GC heap before
{Heap before GC invocations=13 (full 0):
 garbage-first heap   total 76800K, used 48559K [0x0000000080000000, 0x0000000100000000)
  region size 1024K, 30 young (30720K), 4 survivors (4096K)
 Metaspace       used 36932K, capacity 37827K, committed 38096K, reserved 1083392K
  class space    used 4691K, capacity 5025K, committed 5120K, reserved 1048576K
}
Event: 7.621 GC heap after
{Heap after GC invocations=14 (full 0):
 garbage-first heap   total 76800K, used 25320K [0x0000000080000000, 0x0000000100000000)
  region size 1024K, 3 young (3072K), 3 survivors (3072K)
 Metaspace       used 36932K, capacity 37827K, committed 38096K, reserved 1083392K
  class space    used 4691K, capacity 5025K, committed 5120K, reserved 1048576K
}
Event: 8.503 GC heap before
{Heap before GC invocations=14 (full 0):
 garbage-first heap   total 76800K, used 50920K [0x0000000080000000, 0x0000000100000000)
  region size 1024K, 29 young (29696K), 3 survivors (3072K)
 Metaspace       used 40211K, capacity 41111K, committed 41424K, reserved 1085440K
  class space    used 5231K, capacity 5567K, committed 5632K, reserved 1048576K
}
Event: 8.507 GC heap after
{Heap after GC invocations=15 (full 0):
 garbage-first heap   total 76800K, used 26505K [0x0000000080000000, 0x0000000100000000)
  region size 1024K, 2 young (2048K), 2 survivors (2048K)
 Metaspace       used 40211K, capacity 41111K, committed 41424K, reserved 1085440K
  class space    used 5231K, capacity 5567K, committed 5632K, reserved 1048576K
}
Event: 9.721 GC heap before
{Heap before GC invocations=15 (full 0):
 garbage-first heap   total 76800K, used 54153K [0x0000000080000000, 0x0000000100000000)
  region size 1024K, 29 young (29696K), 2 survivors (2048K)
 Metaspace       used 44101K, capacity 45068K, committed 45136K, reserved 1089536K
  class space    used 5649K, capacity 6008K, committed 6016K, reserved 1048576K
}
Event: 9.726 GC heap after
{Heap after GC invocations=16 (full 0):
 garbage-first heap   total 76800K, used 28310K [0x0000000080000000, 0x0000000100000000)
  region size 1024K, 4 young (4096K), 4 survivors (4096K)
 Metaspace       used 44101K, capacity 45068K, committed 45136K, reserved 1089536K
  class space    used 5649K, capacity 6008K, committed 6016K, reserved 1048576K
}
Event: 10.637 GC heap before
{Heap before GC invocations=16 (full 0):
 garbage-first heap   total 76800K, used 58006K [0x0000000080000000, 0x0000000100000000)
  region size 1024K, 30 young (30720K), 4 survivors (4096K)
 Metaspace       used 45822K, capacity 46805K, committed 46928K, reserved 1089536K
  class space    used 5812K, capacity 6180K, committed 6272K, reserved 1048576K
}
Event: 10.644 GC heap after
{Heap after GC invocations=17 (full 0):
 garbage-first heap   total 76800K, used 30340K [0x0000000080000000, 0x0000000100000000)
  region size 1024K, 4 young (4096K), 4 survivors (4096K)
 Metaspace       used 45822K, capacity 46805K, committed 46928K, reserved 1089536K
  class space    used 5812K, capacity 6180K, committed 6272K, reserved 1048576K
}
Event: 11.392 GC heap before
{Heap before GC invocations=17 (full 0):
 garbage-first heap   total 76800K, used 56964K [0x0000000080000000, 0x0000000100000000)
  region size 1024K, 30 young (30720K), 4 survivors (4096K)
 Metaspace       used 48102K, capacity 49156K, committed 49360K, reserved 1091584K
  class space    used 6173K, capacity 6573K, committed 6656K, reserved 1048576K
}
Event: 11.398 GC heap after
{Heap after GC invocations=18 (full 0):
 garbage-first heap   total 76800K, used 31649K [0x0000000080000000, 0x0000000100000000)
  region size 1024K, 4 young (4096K), 4 survivors (4096K)
 Metaspace       used 48102K, capacity 49156K, committed 49360K, reserved 1091584K
  class space    used 6173K, capacity 6573K, committed 6656K, reserved 1048576K
}
Event: 12.184 GC heap before
{Heap before GC invocations=18 (full 0):
 garbage-first heap   total 76800K, used 59297K [0x0000000080000000, 0x0000000100000000)
  region size 1024K, 30 young (30720K), 4 survivors (4096K)
 Metaspace       used 50283K, capacity 51474K, committed 51664K, reserved 1093632K
  class space    used 6378K, capacity 6810K, committed 6912K, reserved 1048576K
}
Event: 12.190 GC heap after
{Heap after GC invocations=19 (full 0):
 garbage-first heap   total 76800K, used 32545K [0x0000000080000000, 0x0000000100000000)
  region size 1024K, 3 young (3072K), 3 survivors (3072K)
 Metaspace       used 50283K, capacity 51474K, committed 51664K, reserved 1093632K
  class space    used 6378K, capacity 6810K, committed 6912K, reserved 1048576K
}
Event: 13.104 GC heap before
{Heap before GC invocations=19 (full 0):
 garbage-first heap   total 76800K, used 59169K [0x0000000080000000, 0x0000000100000000)
  region size 1024K, 29 young (29696K), 3 survivors (3072K)
 Metaspace       used 52143K, capacity 53338K, committed 53712K, reserved 1095680K
  class space    used 6648K, capacity 7049K, committed 7168K, reserved 1048576K
}
Event: 13.109 GC heap after
{Heap after GC invocations=20 (full 0):
 garbage-first heap   total 76800K, used 33020K [0x0000000080000000, 0x0000000100000000)
  region size 1024K, 3 young (3072K), 3 survivors (3072K)
 Metaspace       used 52143K, capacity 53338K, committed 53712K, reserved 1095680K
  class space    used 6648K, capacity 7049K, committed 7168K, reserved 1048576K
}
Event: 14.228 GC heap before
{Heap before GC invocations=20 (full 0):
 garbage-first heap   total 76800K, used 59644K [0x0000000080000000, 0x0000000100000000)
  region size 1024K, 30 young (30720K), 3 survivors (3072K)
 Metaspace       used 56229K, capacity 57506K, committed 57808K, reserved 1099776K
  class space    used 7138K, capacity 7601K, committed 7680K, reserved 1048576K
}
Event: 14.236 GC heap after
{Heap after GC invocations=21 (full 0):
 garbage-first heap   total 76800K, used 35629K [0x0000000080000000, 0x0000000100000000)
  region size 1024K, 4 young (4096K), 4 survivors (4096K)
 Metaspace       used 56229K, capacity 57506K, committed 57808K, reserved 1099776K
  class space    used 7138K, capacity 7601K, committed 7680K, reserved 1048576K
}

Deoptimization events (20 events):
Event: 14.564 Thread 0x000001c1f71ca800 DEOPT PACKING pc=0x000001c1e666b820 sp=0x0000004a221f5bf0
Event: 14.564 Thread 0x000001c1f71ca800 DEOPT UNPACKING pc=0x000001c1deb2a1af sp=0x0000004a221f5b60 mode 2
Event: 14.574 Thread 0x000001c1f71ca800 Uncommon trap: trap_request=0xffffff4d fr.pc=0x000001c1e66bec04 relative=0x0000000000000344
Event: 14.574 Thread 0x000001c1f71ca800 Uncommon trap: reason=unstable_if action=reinterpret pc=0x000001c1e66bec04 method=java.lang.StringUTF16.compress([CII)[B @ 13 c2
Event: 14.574 Thread 0x000001c1f71ca800 DEOPT PACKING pc=0x000001c1e66bec04 sp=0x0000004a221f4350
Event: 14.574 Thread 0x000001c1f71ca800 DEOPT UNPACKING pc=0x000001c1deb2a1af sp=0x0000004a221f4218 mode 2
Event: 14.776 Thread 0x000001c1f71ca800 Uncommon trap: trap_request=0xffffff4d fr.pc=0x000001c1e67bf9b4 relative=0x0000000000000114
Event: 14.776 Thread 0x000001c1f71ca800 Uncommon trap: reason=unstable_if action=reinterpret pc=0x000001c1e67bf9b4 method=java.util.regex.Pattern$Branch.match(Ljava/util/regex/Matcher;ILjava/lang/CharSequence;)Z @ 19 c2
Event: 14.776 Thread 0x000001c1f71ca800 DEOPT PACKING pc=0x000001c1e67bf9b4 sp=0x0000004a221f6490
Event: 14.776 Thread 0x000001c1f71ca800 DEOPT UNPACKING pc=0x000001c1deb2a1af sp=0x0000004a221f6428 mode 2
Event: 15.241 Thread 0x000001c1f71ca800 Uncommon trap: trap_request=0xffffffcc fr.pc=0x000001c1e67c5654 relative=0x0000000000003b94
Event: 15.241 Thread 0x000001c1f71ca800 Uncommon trap: reason=intrinsic_or_type_checked_inlining action=make_not_entrant pc=0x000001c1e67c5654 method=java.util.ArrayList$SubList.toArray([Ljava/lang/Object;)[Ljava/lang/Object; @ 58 c2
Event: 15.241 Thread 0x000001c1f71ca800 DEOPT PACKING pc=0x000001c1e67c5654 sp=0x0000004a221f60b0
Event: 15.242 Thread 0x000001c1f71ca800 DEOPT UNPACKING pc=0x000001c1deb2a1af sp=0x0000004a221f6008 mode 2
Event: 15.329 Thread 0x000001c1f71ca800 Uncommon trap: trap_request=0xffffff4d fr.pc=0x000001c1e66ea8a4 relative=0x0000000000000164
Event: 15.329 Thread 0x000001c1f71ca800 Uncommon trap: reason=unstable_if action=reinterpret pc=0x000001c1e66ea8a4 method=java.nio.Buffer.<init>(IIII)V @ 44 c2
Event: 15.329 Thread 0x000001c1f71ca800 DEOPT PACKING pc=0x000001c1e66ea8a4 sp=0x0000004a221f6210
Event: 15.329 Thread 0x000001c1f71ca800 DEOPT UNPACKING pc=0x000001c1deb2a1af sp=0x0000004a221f61d0 mode 2
Event: 15.357 Thread 0x000001c1f71ca800 DEOPT PACKING pc=0x000001c1df92f48c sp=0x0000004a221f55e0
Event: 15.357 Thread 0x000001c1f71ca800 DEOPT UNPACKING pc=0x000001c1deb2a95e sp=0x0000004a221f4a38 mode 0

Classes redefined (0 events):
No events

Internal exceptions (20 events):
Event: 11.121 Thread 0x000001c1f81fd800 Exception <a 'java/lang/NoSuchMethodError'{0x0000000083b119e0}: <clinit>> (0x0000000083b119e0) thrown at [./src/hotspot/share/prims/jni.cpp, line 1366]
Event: 11.127 Thread 0x000001c1f81fd800 Exception <a 'java/lang/NoSuchMethodError'{0x0000000083b24038}: <clinit>> (0x0000000083b24038) thrown at [./src/hotspot/share/prims/jni.cpp, line 1366]
Event: 11.127 Thread 0x000001c1f81fd800 Exception <a 'java/lang/NoSuchMethodError'{0x0000000083b26d28}: <clinit>> (0x0000000083b26d28) thrown at [./src/hotspot/share/prims/jni.cpp, line 1366]
Event: 11.132 Thread 0x000001c1f81fd800 Exception <a 'java/lang/NoSuchMethodError'{0x0000000083bb61f8}: <clinit>> (0x0000000083bb61f8) thrown at [./src/hotspot/share/prims/jni.cpp, line 1366]
Event: 11.310 Thread 0x000001c1f71ca800 Implicit null exception at 0x000001c1e6675174 to 0x000001c1e667538c
Event: 11.813 Thread 0x000001c1f9845800 Exception <a 'sun/nio/fs/WindowsException'{0x0000000083b96618}> (0x0000000083b96618) thrown at [./src/hotspot/share/prims/jni.cpp, line 616]
Event: 11.819 Thread 0x000001c1f9845800 Exception <a 'sun/nio/fs/WindowsException'{0x0000000083bb59a0}> (0x0000000083bb59a0) thrown at [./src/hotspot/share/prims/jni.cpp, line 616]
Event: 11.820 Thread 0x000001c1f9845800 Exception <a 'sun/nio/fs/WindowsException'{0x0000000083bb5b08}> (0x0000000083bb5b08) thrown at [./src/hotspot/share/prims/jni.cpp, line 616]
Event: 11.874 Thread 0x000001c1f71ca800 Exception <a 'java/lang/ClassNotFoundException'{0x0000000083a1e448}: build_780ncehn4j95g04jlapn340yyBeanInfo> (0x0000000083a1e448) thrown at [./src/hotspot/share/classfile/systemDictionary.cpp, line 231]
Event: 11.874 Thread 0x000001c1f71ca800 Exception <a 'java/lang/ClassNotFoundException'{0x0000000083a35800}: org/gradle/api/internal/project/ProjectScriptBeanInfo> (0x0000000083a35800) thrown at [./src/hotspot/share/classfile/systemDictionary.cpp, line 231]
Event: 11.875 Thread 0x000001c1f71ca800 Exception <a 'java/lang/ClassNotFoundException'{0x0000000083a4d030}: org/gradle/api/internal/project/ProjectScriptCustomizer> (0x0000000083a4d030) thrown at [./src/hotspot/share/classfile/systemDictionary.cpp, line 231]
Event: 11.877 Thread 0x000001c1f71ca800 Exception <a 'java/lang/ClassNotFoundException'{0x0000000083a68f00}: build_780ncehn4j95g04jlapn340yyCustomizer> (0x0000000083a68f00) thrown at [./src/hotspot/share/classfile/systemDictionary.cpp, line 231]
Event: 11.900 Thread 0x000001c1f71ca800 Exception <a 'java/lang/ClassNotFoundException'{0x0000000083afe9b8}: org/gradle/plugin/use/internal/PluginRequestCollector$PluginDependenciesSpecImplBeanInfo> (0x0000000083afe9b8) thrown at [./src/hotspot/share/classfile/systemDictionary.cpp, line 231]
Event: 11.902 Thread 0x000001c1f71ca800 Exception <a 'java/lang/ClassNotFoundException'{0x000000008392e380}: org/gradle/plugin/use/internal/PluginRequestCollector$PluginDependenciesSpecImplCustomizer> (0x000000008392e380) thrown at [./src/hotspot/share/classfile/systemDictionary.cpp, line 231]
Event: 11.912 Thread 0x000001c1f71ca800 Exception <a 'java/lang/ClassNotFoundException'{0x0000000083998b58}: org/gradle/plugin/use/internal/PluginRequestCollector$PluginDependencySpecImplBeanInfo> (0x0000000083998b58) thrown at [./src/hotspot/share/classfile/systemDictionary.cpp, line 231]
Event: 11.913 Thread 0x000001c1f71ca800 Exception <a 'java/lang/ClassNotFoundException'{0x00000000839c7258}: org/gradle/plugin/use/internal/PluginRequestCollector$PluginDependencySpecImplCustomizer> (0x00000000839c7258) thrown at [./src/hotspot/share/classfile/systemDictionary.cpp, line 231]
Event: 12.710 Thread 0x000001c1f71ca800 Exception <a 'java/lang/NoSuchMethodError'{0x0000000083809300}: 'int java.lang.invoke.DirectMethodHandle$Holder.invokeInterface(java.lang.Object, java.lang.Object)'> (0x0000000083809300) thrown at [./src/hotspot/share/interpreter/linkResolver.cpp, line 773]
Event: 12.710 Thread 0x000001c1f71ca800 Exception <a 'java/lang/IncompatibleClassChangeError'{0x000000008380cde0}: Found class java.lang.Object, but interface was expected> (0x000000008380cde0) thrown at [./src/hotspot/share/interpreter/linkResolver.cpp, line 839]
Event: 12.959 Thread 0x000001c1f71ca800 Implicit null exception at 0x000001c1e6608a74 to 0x000001c1e6608fa8
Event: 13.245 Thread 0x000001c1f71ca800 Exception <a 'sun/nio/fs/WindowsException'{0x0000000084815f70}> (0x0000000084815f70) thrown at [./src/hotspot/share/prims/jni.cpp, line 616]

Events (20 events):
Event: 15.461 loading class sun/security/ssl/PostHandshakeContext
Event: 15.462 loading class sun/security/ssl/PostHandshakeContext done
Event: 15.462 loading class sun/security/ssl/NewSessionTicket$NewSessionTicketMessage
Event: 15.462 loading class sun/security/ssl/NewSessionTicket$NewSessionTicketMessage done
Event: 15.465 loading class org/gradle/internal/resource/transport/http/HttpClientResponse
Event: 15.465 loading class org/gradle/internal/resource/transport/http/HttpClientResponse done
Event: 15.467 loading class org/apache/http/client/utils/HttpClientUtils
Event: 15.467 loading class org/apache/http/client/utils/HttpClientUtils done
Event: 15.468 loading class org/gradle/internal/resource/transfer/ProgressLoggingExternalResourceAccessor$ReadOperationResult
Event: 15.468 loading class org/gradle/internal/resource/transfer/ProgressLoggingExternalResourceAccessor$ReadOperationResult done
Event: 15.469 loading class org/gradle/internal/resource/ExternalResourceReadBuildOperationType$Result
Event: 15.469 loading class org/gradle/internal/resource/ExternalResourceReadBuildOperationType$Result done
Event: 15.471 loading class org/gradle/api/internal/artifacts/ivyservice/ivyresolve/CachingModuleComponentRepository$1
Event: 15.471 loading class org/gradle/api/internal/artifacts/ivyservice/ivyresolve/CachingModuleComponentRepository$1 done
Event: 15.472 loading class org/gradle/internal/resolve/result/BuildableModuleVersionListingResolveResult$State
Event: 15.472 loading class org/gradle/internal/resolve/result/BuildableModuleVersionListingResolveResult$State done
Event: 15.474 loading class org/gradle/api/internal/artifacts/ivyservice/WritableArtifactCacheLockingManager$CacheLockingPersistentCache
Event: 15.474 loading class org/gradle/api/internal/artifacts/ivyservice/WritableArtifactCacheLockingManager$CacheLockingPersistentCache done
Event: 15.475 loading class org/gradle/api/internal/artifacts/ivyservice/ivyresolve/RepositoryChainComponentMetaDataResolver$1
Event: 15.475 loading class org/gradle/api/internal/artifacts/ivyservice/ivyresolve/RepositoryChainComponentMetaDataResolver$1 done


Dynamic libraries:
0x00007ff7084f0000 - 0x00007ff7084fa000 	E:\Other App\Android Studio\jre\bin\java.exe
0x00007ffa1d3a0000 - 0x00007ffa1d5a9000 	C:\WINDOWS\SYSTEM32\ntdll.dll
0x00007ffa1bf60000 - 0x00007ffa1c01d000 	C:\WINDOWS\System32\KERNEL32.DLL
0x00007ffa1ac40000 - 0x00007ffa1afbb000 	C:\WINDOWS\System32\KERNELBASE.dll
0x00007ffa1b100000 - 0x00007ffa1b211000 	C:\WINDOWS\System32\ucrtbase.dll
0x00007ffa0b8c0000 - 0x00007ffa0b8d9000 	E:\Other App\Android Studio\jre\bin\jli.dll
0x00007ffa08520000 - 0x00007ffa08537000 	E:\Other App\Android Studio\jre\bin\VCRUNTIME140.dll
0x00007ffa05df0000 - 0x00007ffa06095000 	C:\WINDOWS\WinSxS\amd64_microsoft.windows.common-controls_6595b64144ccf1df_6.0.22000.120_none_9d947278b86cc467\COMCTL32.dll
0x00007ffa1b2e0000 - 0x00007ffa1b48d000 	C:\WINDOWS\System32\USER32.dll
0x00007ffa1b220000 - 0x00007ffa1b2c3000 	C:\WINDOWS\System32\msvcrt.dll
0x00007ffa1a990000 - 0x00007ffa1a9b6000 	C:\WINDOWS\System32\win32u.dll
0x00007ffa1c590000 - 0x00007ffa1c5b9000 	C:\WINDOWS\System32\GDI32.dll
0x00007ffa1a870000 - 0x00007ffa1a988000 	C:\WINDOWS\System32\gdi32full.dll
0x00007ffa1aa30000 - 0x00007ffa1aacd000 	C:\WINDOWS\System32\msvcp_win.dll
0x00007ffa1cfc0000 - 0x00007ffa1cff1000 	C:\WINDOWS\System32\IMM32.DLL
0x00007ff9fcbb0000 - 0x00007ff9fcc4d000 	E:\Other App\Android Studio\jre\bin\msvcp140.dll
0x00007ff9ce570000 - 0x00007ff9cf072000 	E:\Other App\Android Studio\jre\bin\server\jvm.dll
0x00007ffa1bc50000 - 0x00007ffa1bcfe000 	C:\WINDOWS\System32\ADVAPI32.dll
0x00007ffa1bd20000 - 0x00007ffa1bdbe000 	C:\WINDOWS\System32\sechost.dll
0x00007ffa1bdc0000 - 0x00007ffa1bee0000 	C:\WINDOWS\System32\RPCRT4.dll
0x00007ffa1b2d0000 - 0x00007ffa1b2d8000 	C:\WINDOWS\System32\PSAPI.DLL
0x00007ff9ff3f0000 - 0x00007ff9ff3f9000 	C:\WINDOWS\SYSTEM32\WSOCK32.dll
0x00007ffa12be0000 - 0x00007ffa12bea000 	C:\WINDOWS\SYSTEM32\VERSION.dll
0x00007ffa14f00000 - 0x00007ffa14f33000 	C:\WINDOWS\SYSTEM32\WINMM.dll
0x00007ffa1cb60000 - 0x00007ffa1cbcf000 	C:\WINDOWS\System32\ws2_32.DLL
0x00007ffa198f0000 - 0x00007ffa19908000 	C:\WINDOWS\SYSTEM32\kernel.appcore.dll
0x00007ff9fe110000 - 0x00007ff9fe121000 	E:\Other App\Android Studio\jre\bin\verify.dll
0x00007ffa183a0000 - 0x00007ffa185c1000 	C:\WINDOWS\SYSTEM32\DBGHELP.DLL
0x00007ffa088f0000 - 0x00007ffa08921000 	C:\WINDOWS\SYSTEM32\dbgcore.DLL
0x00007ffa1b080000 - 0x00007ffa1b0ff000 	C:\WINDOWS\System32\bcryptPrimitives.dll
0x00007ff9fbb20000 - 0x00007ff9fbb49000 	E:\Other App\Android Studio\jre\bin\java.dll
0x00007ffa134f0000 - 0x00007ffa134fb000 	E:\Other App\Android Studio\jre\bin\jimage.dll
0x00007ff9fde60000 - 0x00007ff9fde78000 	E:\Other App\Android Studio\jre\bin\zip.dll
0x00007ffa1b490000 - 0x00007ffa1bc48000 	C:\WINDOWS\System32\SHELL32.dll
0x00007ffa18960000 - 0x00007ffa191c5000 	C:\WINDOWS\SYSTEM32\windows.storage.dll
0x00007ffa1c6c0000 - 0x00007ffa1ca37000 	C:\WINDOWS\System32\combase.dll
0x00007ffa185e0000 - 0x00007ffa18746000 	C:\WINDOWS\SYSTEM32\wintypes.dll
0x00007ffa1d070000 - 0x00007ffa1d15a000 	C:\WINDOWS\System32\SHCORE.dll
0x00007ffa1bee0000 - 0x00007ffa1bf3d000 	C:\WINDOWS\System32\shlwapi.dll
0x00007ffa1a7a0000 - 0x00007ffa1a7c1000 	C:\WINDOWS\SYSTEM32\profapi.dll
0x00007ff9fcb60000 - 0x00007ff9fcb7a000 	E:\Other App\Android Studio\jre\bin\net.dll
0x00007ffa142a0000 - 0x00007ffa143ac000 	C:\WINDOWS\SYSTEM32\WINHTTP.dll
0x00007ffa19e00000 - 0x00007ffa19e67000 	C:\WINDOWS\system32\mswsock.dll
0x00007ff9fc420000 - 0x00007ff9fc434000 	E:\Other App\Android Studio\jre\bin\nio.dll
0x00007ff9fdf80000 - 0x00007ff9fdfa7000 	E:\Android\.gradle\native\e1d6ef7f7dcc3fd88c89a11ec53ec762bb8ba0a96d01ffa2cd45eb1d1d8dd5c5\windows-amd64\native-platform.dll
0x00007ff9ef7f0000 - 0x00007ff9ef934000 	E:\Android\.gradle\native\0d407fdbe67a94daf76414ababcb853783967236a71b16ec16e742cd7a986fd3\windows-amd64\native-platform-file-events.dll
0x00007ffa09c40000 - 0x00007ffa09c4a000 	E:\Other App\Android Studio\jre\bin\management.dll
0x00007ffa08ad0000 - 0x00007ffa08add000 	E:\Other App\Android Studio\jre\bin\management_ext.dll
0x00007ffa1a050000 - 0x00007ffa1a068000 	C:\WINDOWS\SYSTEM32\CRYPTSP.dll
0x00007ffa19850000 - 0x00007ffa19885000 	C:\WINDOWS\system32\rsaenh.dll
0x00007ffa19ef0000 - 0x00007ffa19f19000 	C:\WINDOWS\SYSTEM32\USERENV.dll
0x00007ffa1a250000 - 0x00007ffa1a277000 	C:\WINDOWS\SYSTEM32\bcrypt.dll
0x00007ffa1a070000 - 0x00007ffa1a07c000 	C:\WINDOWS\SYSTEM32\CRYPTBASE.dll
0x00007ffa19420000 - 0x00007ffa1944d000 	C:\WINDOWS\SYSTEM32\IPHLPAPI.DLL
0x00007ffa1c6b0000 - 0x00007ffa1c6b9000 	C:\WINDOWS\System32\NSI.dll
0x00007ffa13e60000 - 0x00007ffa13e79000 	C:\WINDOWS\SYSTEM32\dhcpcsvc6.DLL
0x00007ffa149c0000 - 0x00007ffa149de000 	C:\WINDOWS\SYSTEM32\dhcpcsvc.DLL
0x00007ffa19490000 - 0x00007ffa19578000 	C:\WINDOWS\SYSTEM32\DNSAPI.dll
0x00007ff9f85e0000 - 0x00007ff9f8607000 	E:\Other App\Android Studio\jre\bin\sunec.dll
0x00007ffa0a790000 - 0x00007ffa0a79a000 	C:\Windows\System32\rasadhlp.dll
0x00007ffa128f0000 - 0x00007ffa12971000 	C:\WINDOWS\System32\fwpuclnt.dll

dbghelp: loaded successfully - version: 4.0.5 - missing functions: none
symbol engine: initialized successfully - sym options: 0x614 - pdb path: .;E:\Other App\Android Studio\jre\bin;C:\WINDOWS\SYSTEM32;C:\WINDOWS\WinSxS\amd64_microsoft.windows.common-controls_6595b64144ccf1df_6.0.22000.120_none_9d947278b86cc467;E:\Other App\Android Studio\jre\bin\server;E:\Android\.gradle\native\e1d6ef7f7dcc3fd88c89a11ec53ec762bb8ba0a96d01ffa2cd45eb1d1d8dd5c5\windows-amd64;E:\Android\.gradle\native\0d407fdbe67a94daf76414ababcb853783967236a71b16ec16e742cd7a986fd3\windows-amd64

VM Arguments:
jvm_args: --add-opens=java.base/java.util=ALL-UNNAMED --add-opens=java.base/java.lang=ALL-UNNAMED --add-opens=java.base/java.lang.invoke=ALL-UNNAMED --add-opens=java.base/java.util=ALL-UNNAMED --add-opens=java.prefs/java.util.prefs=ALL-UNNAMED --add-opens=java.prefs/java.util.prefs=ALL-UNNAMED --add-opens=java.base/java.nio.charset=ALL-UNNAMED --add-opens=java.base/java.net=ALL-UNNAMED --add-opens=java.base/java.util.concurrent.atomic=ALL-UNNAMED -Xmx2048m -Dfile.encoding=UTF-8 -Duser.country=GB -Duser.language=en -Duser.variant 
java_command: org.gradle.launcher.daemon.bootstrap.GradleDaemon 7.4
java_class_path (initial): E:\Android\.gradle\wrapper\dists\gradle-7.4-bin\c0gwcg53nkjbqw7r0h0umtfvt\gradle-7.4\lib\gradle-launcher-7.4.jar
Launcher Type: SUN_STANDARD

[Global flags]
     intx CICompilerCount                          = 4                                         {product} {ergonomic}
     uint ConcGCThreads                            = 2                                         {product} {ergonomic}
     uint G1ConcRefinementThreads                  = 8                                         {product} {ergonomic}
   size_t G1HeapRegionSize                         = 1048576                                   {product} {ergonomic}
    uintx GCDrainStackTargetSize                   = 64                                        {product} {ergonomic}
   size_t InitialHeapSize                          = 65011712                                  {product} {ergonomic}
   size_t MarkStackSize                            = 4194304                                   {product} {ergonomic}
   size_t MaxHeapSize                              = 2147483648                                {product} {command line}
   size_t MaxNewSize                               = 1287651328                                {product} {ergonomic}
   size_t MinHeapDeltaBytes                        = 1048576                                   {product} {ergonomic}
    uintx NonNMethodCodeHeapSize                   = 5836300                                {pd product} {ergonomic}
    uintx NonProfiledCodeHeapSize                  = 122910970                              {pd product} {ergonomic}
    uintx ProfiledCodeHeapSize                     = 122910970                              {pd product} {ergonomic}
    uintx ReservedCodeCacheSize                    = 251658240                              {pd product} {ergonomic}
     bool SegmentedCodeCache                       = true                                      {product} {ergonomic}
     bool UseCompressedClassPointers               = true                                 {lp64_product} {ergonomic}
     bool UseCompressedOops                        = true                                 {lp64_product} {ergonomic}
     bool UseG1GC                                  = true                                      {product} {ergonomic}
     bool UseLargePagesIndividualAllocation        = false                                  {pd product} {ergonomic}

Logging:
Log output configuration:
 #0: stdout all=warning uptime,level,tags
 #1: stderr all=off uptime,level,tags

Environment Variables:
PATH=C:\Program Files\Common Files\Oracle\Java\javapath;C:\Windows\system32;C:\Windows;C:\Windows\System32\Wbem;C:\Windows\System32\WindowsPowerShell\v1.0\;C:\Windows\System32\OpenSSH\;C:\Program Files (x86)\NVIDIA Corporation\PhysX\Common;C:\Program Files\Intel\WiFi\bin\;C:\Program Files\Common Files\Intel\WirelessCommon\;C:\WINDOWS\system32;C:\WINDOWS;C:\WINDOWS\System32\Wbem;C:\WINDOWS\System32\WindowsPowerShell\v1.0\;C:\WINDOWS\System32\OpenSSH\;E:\Other App\Git\cmd;C:\Users\putra\AppData\Local\Microsoft\WindowsApps;C:\adb;C:\Program Files\dotnet\;E:\Other App\xampp\php;C:\Users\putra\AppData\Local\Programs\Python\Python310\Scripts\;C:\Users\putra\AppData\Local\Programs\Python\Python310\;C:\Users\putra\AppData\Local\Microsoft\WindowsApps;;C:\Users\putra\AppData\Local\Programs\Microsoft VS Code\bin
USERNAME=Irvan Poetra
OS=Windows_NT
PROCESSOR_IDENTIFIER=Intel64 Family 6 Model 142 Stepping 12, GenuineIntel



---------------  S Y S T E M  ---------------

OS: Windows 11 , 64 bit Build 22000 (10.0.22000.708)
OS uptime: 5 days 2:42 hours

CPU:total 8 (initial active 8) (4 cores per cpu, 2 threads per core) family 6 model 142 stepping 12 microcode 0xde, cmov, cx8, fxsr, mmx, sse, sse2, sse3, ssse3, sse4.1, sse4.2, popcnt, avx, avx2, aes, clmul, erms, 3dnowpref, lzcnt, ht, tsc, tscinvbit, bmi1, bmi2, adx, fma

Memory: 4k page, system-wide physical 3946M (66M free)
TotalPageFile size 14167M (AvailPageFile size 2M)
current process WorkingSet (physical memory assigned to process): 204M, peak: 232M
current process commit charge ("private bytes"): 271M, peak: 274M

vm_info: OpenJDK 64-Bit Server VM (11.0.13+0-b1751.21-8125866) for windows-amd64 JRE (11.0.13+0-b1751.21-8125866), built on Feb  2 2022 03:00:22 by "builder" with MS VC++ 14.0 (VS2015)

END.
