#
# There is insufficient memory for the Java Runtime Environment to continue.
# Native memory allocation (mmap) failed to map 33554432 bytes for Failed to commit area from 0x0000000089f00000 to 0x000000008bf00000 of length 33554432.
# Possible reasons:
#   The system is out of physical RAM or swap space
#   The process is running with CompressedOops enabled, and the Java Heap may be blocking the growth of the native heap
# Possible solutions:
#   Reduce memory load on the system
#   Increase physical memory or swap space
#   Check if swap backing store is full
#   Decrease Java heap size (-Xmx/-Xms)
#   Decrease number of Java threads
#   Decrease Java thread stack sizes (-Xss)
#   Set larger code cache with -XX:ReservedCodeCacheSize=
#   JVM is running with Unscaled Compressed Oops mode in which the Java heap is
#     placed in the first 4GB address space. The Java Heap base address is the
#     maximum limit for the native heap growth. Please use -XX:HeapBaseMinAddress
#     to set the Java Heap base and to place the Java Heap above 4GB virtual address.
# This output file may be truncated or incomplete.
#
#  Out of Memory Error (./src/hotspot/os/windows/os_windows.cpp:3619), pid=2888, tid=6984
#
# JRE version: OpenJDK Runtime Environment (11.0.13) (build 11.0.13+0-b1751.21-8125866)
# Java VM: OpenJDK 64-Bit Server VM (11.0.13+0-b1751.21-8125866, mixed mode, tiered, compressed oops, g1 gc, windows-amd64)
# No core dump will be written. Minidumps are not enabled by default on client versions of Windows
#

---------------  S U M M A R Y ------------

Command Line: --add-opens=java.base/java.util=ALL-UNNAMED --add-opens=java.base/java.lang=ALL-UNNAMED --add-opens=java.base/java.lang.invoke=ALL-UNNAMED --add-opens=java.base/java.util=ALL-UNNAMED --add-opens=java.prefs/java.util.prefs=ALL-UNNAMED --add-opens=java.prefs/java.util.prefs=ALL-UNNAMED --add-opens=java.base/java.nio.charset=ALL-UNNAMED --add-opens=java.base/java.net=ALL-UNNAMED --add-opens=java.base/java.util.concurrent.atomic=ALL-UNNAMED -Xmx2048m -Dfile.encoding=UTF-8 -Duser.country=GB -Duser.language=en -Duser.variant org.gradle.launcher.daemon.bootstrap.GradleDaemon 7.4

Host: Intel(R) Core(TM) i5-8265U CPU @ 1.60GHz, 8 cores, 3G,  Windows 11 , 64 bit Build 22000 (10.0.22000.708)
Time: Wed Nov 23 13:42:47 2022 SE Asia Standard Time elapsed time: 12.796775 seconds (0d 0h 0m 12s)

---------------  T H R E A D  ---------------

Current thread (0x0000024d41109000):  VMThread "VM Thread" [stack: 0x000000902fb00000,0x000000902fc00000] [id=6984]

Stack: [0x000000902fb00000,0x000000902fc00000]
[error occurred during error reporting (printing stack bounds), id 0xc0000005, EXCEPTION_ACCESS_VIOLATION (0xc0000005) at pc=0x0000024d2a78112d]

Native frames: (J=compiled Java code, j=interpreted, Vv=VM code, C=native code)
V  [jvm.dll+0x6100fa]
V  [jvm.dll+0x747090]
V  [jvm.dll+0x7486ad]
V  [jvm.dll+0x748ce5]
V  [jvm.dll+0x748c9b]
V  [jvm.dll+0x60f224]
V  [jvm.dll+0x60f9b8]
C  [ntdll.dll+0xa8b1f]
C  [ntdll.dll+0x35b9a]
C  [ntdll.dll+0xa7b2e]
C  0x0000024d2a78112d

VM_Operation (0x0000009030df43e0): G1CollectForAllocation, mode: safepoint, requested by thread 0x0000024d43ccf800


---------------  P R O C E S S  ---------------

Threads class SMR info:
_java_thread_list=0x0000024d45c71320, length=121, elements={
0x0000024d26c5d800, 0x0000024d4110c000, 0x0000024d41115000, 0x0000024d41a92800,
0x0000024d4112c800, 0x0000024d4112f800, 0x0000024d41132000, 0x0000024d41133800,
0x0000024d41139800, 0x0000024d41be4800, 0x0000024d43128800, 0x0000024d432f7800,
0x0000024d43598000, 0x0000024d42e7f000, 0x0000024d434b9800, 0x0000024d4424f800,
0x0000024d43ccf800, 0x0000024d43cb6000, 0x0000024d4360c000, 0x0000024d43ab3000,
0x0000024d43ab7000, 0x0000024d43ab5800, 0x0000024d43ab4000, 0x0000024d43ab1800,
0x0000024d43ab6800, 0x0000024d43ab8000, 0x0000024d43ab2000, 0x0000024d43ab4800,
0x0000024d45900000, 0x0000024d458fa800, 0x0000024d458fd800, 0x0000024d458fc800,
0x0000024d458ff000, 0x0000024d45901000, 0x0000024d458fb000, 0x0000024d458fe800,
0x0000024d45901800, 0x0000024d458fc000, 0x0000024d45905800, 0x0000024d45904000,
0x0000024d45908000, 0x0000024d45906800, 0x0000024d45905000, 0x0000024d45902800,
0x0000024d45909000, 0x0000024d45903800, 0x0000024d46130000, 0x0000024d46131000,
0x0000024d46131800, 0x0000024d46132800, 0x0000024d46133800, 0x0000024d46135000,
0x0000024d4612f800, 0x0000024d46136000, 0x0000024d46137800, 0x0000024d46136800,
0x0000024d46138800, 0x0000024d46139000, 0x0000024d4613a000, 0x0000024d46134000,
0x0000024d4613a800, 0x0000024d4613b800, 0x0000024d4613c800, 0x0000024d4613d000,
0x0000024d4613e000, 0x0000024d480a2000, 0x0000024d480a7000, 0x0000024d480a4000,
0x0000024d480a1800, 0x0000024d480a8800, 0x0000024d480a3000, 0x0000024d480a8000,
0x0000024d480a9800, 0x0000024d480a5800, 0x0000024d480aa800, 0x0000024d480a4800,
0x0000024d480ab000, 0x0000024d480ac000, 0x0000024d480a6000, 0x0000024d480b0000,
0x0000024d480ad000, 0x0000024d480ad800, 0x0000024d480ae800, 0x0000024d480af000,
0x0000024d48049000, 0x0000024d4804c800, 0x0000024d48048800, 0x0000024d4804a000,
0x0000024d48046800, 0x0000024d4804b000, 0x0000024d4804b800, 0x0000024d4804d000,
0x0000024d48047800, 0x0000024d4804e000, 0x0000024d48052000, 0x0000024d48053000,
0x0000024d48051800, 0x0000024d48050800, 0x0000024d48054000, 0x0000024d48054800,
0x0000024d4804f800, 0x0000024d4804f000, 0x0000024d48055800, 0x0000024d47f24800,
0x0000024d47f25000, 0x0000024d47f27800, 0x0000024d47f28800, 0x0000024d47f26000,
0x0000024d47f29800, 0x0000024d47f27000, 0x0000024d47f23800, 0x0000024d47f2e000,
0x0000024d47f2c800, 0x0000024d47f2c000, 0x0000024d47f2b000, 0x0000024d47f30000,
0x0000024d47f2d800, 0x0000024d47f2f000, 0x0000024d47f2a000, 0x0000024d47f30800,
0x0000024d47f31800
}

Java Threads: ( => current thread )
  0x0000024d26c5d800 JavaThread "main" [_thread_blocked, id=8004, stack(0x000000902f500000,0x000000902f600000)]
  0x0000024d4110c000 JavaThread "Reference Handler" daemon [_thread_blocked, id=16284, stack(0x000000902fc00000,0x000000902fd00000)]
  0x0000024d41115000 JavaThread "Finalizer" daemon [_thread_blocked, id=10252, stack(0x000000902fd00000,0x000000902fe00000)]
  0x0000024d41a92800 JavaThread "Signal Dispatcher" daemon [_thread_blocked, id=17800, stack(0x000000902fe00000,0x000000902ff00000)]
  0x0000024d4112c800 JavaThread "Attach Listener" daemon [_thread_blocked, id=8172, stack(0x000000902ff00000,0x0000009030000000)]
  0x0000024d4112f800 JavaThread "Service Thread" daemon [_thread_blocked, id=5108, stack(0x0000009030000000,0x0000009030100000)]
  0x0000024d41132000 JavaThread "C2 CompilerThread0" daemon [_thread_blocked, id=18180, stack(0x0000009030100000,0x0000009030200000)]
  0x0000024d41133800 JavaThread "C1 CompilerThread0" daemon [_thread_blocked, id=8684, stack(0x0000009030200000,0x0000009030300000)]
  0x0000024d41139800 JavaThread "Sweeper thread" daemon [_thread_blocked, id=17556, stack(0x0000009030300000,0x0000009030400000)]
  0x0000024d41be4800 JavaThread "Common-Cleaner" daemon [_thread_blocked, id=11212, stack(0x0000009030400000,0x0000009030500000)]
  0x0000024d43128800 JavaThread "Daemon health stats" [_thread_blocked, id=20572, stack(0x0000009030700000,0x0000009030800000)]
  0x0000024d432f7800 JavaThread "Incoming local TCP Connector on port 61499" [_thread_in_native, id=5492, stack(0x0000009030800000,0x0000009030900000)]
  0x0000024d43598000 JavaThread "Daemon periodic checks" [_thread_blocked, id=16176, stack(0x0000009030900000,0x0000009030a00000)]
  0x0000024d42e7f000 JavaThread "Daemon" [_thread_blocked, id=21812, stack(0x0000009030a00000,0x0000009030b00000)]
  0x0000024d434b9800 JavaThread "Handler for socket connection from /127.0.0.1:61499 to /127.0.0.1:61500" [_thread_in_native, id=18064, stack(0x0000009030b00000,0x0000009030c00000)]
  0x0000024d4424f800 JavaThread "Cancel handler" [_thread_blocked, id=1984, stack(0x0000009030c00000,0x0000009030d00000)]
  0x0000024d43ccf800 JavaThread "Daemon worker" [_thread_blocked, id=17984, stack(0x0000009030d00000,0x0000009030e00000)]
  0x0000024d43cb6000 JavaThread "Asynchronous log dispatcher for DefaultDaemonConnection: socket connection from /127.0.0.1:61499 to /127.0.0.1:61500" [_thread_blocked, id=540, stack(0x0000009030e00000,0x0000009030f00000)]
  0x0000024d4360c000 JavaThread "Stdin handler" [_thread_blocked, id=10944, stack(0x0000009030f00000,0x0000009031000000)]
  0x0000024d43ab3000 JavaThread "Daemon client event forwarder" [_thread_blocked, id=15192, stack(0x0000009031000000,0x0000009031100000)]
  0x0000024d43ab7000 JavaThread "Cache worker for journal cache (C:\Users\putra\.gradle\caches\journal-1)" [_thread_blocked, id=576, stack(0x0000009031700000,0x0000009031800000)]
  0x0000024d43ab5800 JavaThread "File lock request listener" [_thread_in_native, id=8232, stack(0x0000009031800000,0x0000009031900000)]
  0x0000024d43ab4000 JavaThread "Cache worker for file hash cache (C:\Users\putra\.gradle\caches\7.4\fileHashes)" [_thread_blocked, id=19024, stack(0x0000009031a00000,0x0000009031b00000)]
  0x0000024d43ab1800 JavaThread "File watcher server" daemon [_thread_in_native, id=10644, stack(0x0000009031b00000,0x0000009031c00000)]
  0x0000024d43ab6800 JavaThread "File watcher consumer" daemon [_thread_blocked, id=10048, stack(0x0000009031c00000,0x0000009031d00000)]
  0x0000024d43ab8000 JavaThread "jar transforms" [_thread_blocked, id=18336, stack(0x0000009031d00000,0x0000009031e00000)]
  0x0000024d43ab2000 JavaThread "jar transforms Thread 2" [_thread_blocked, id=10324, stack(0x0000009031e00000,0x0000009031f00000)]
  0x0000024d43ab4800 JavaThread "jar transforms Thread 3" [_thread_blocked, id=23080, stack(0x0000009031f00000,0x0000009032000000)]
  0x0000024d45900000 JavaThread "jar transforms Thread 4" [_thread_blocked, id=23348, stack(0x0000009032000000,0x0000009032100000)]
  0x0000024d458fa800 JavaThread "jar transforms Thread 5" [_thread_blocked, id=13316, stack(0x0000009032100000,0x0000009032200000)]
  0x0000024d458fd800 JavaThread "jar transforms Thread 6" [_thread_blocked, id=9724, stack(0x0000009032200000,0x0000009032300000)]
  0x0000024d458fc800 JavaThread "jar transforms Thread 7" [_thread_blocked, id=16544, stack(0x0000009032300000,0x0000009032400000)]
  0x0000024d458ff000 JavaThread "jar transforms Thread 8" [_thread_blocked, id=21420, stack(0x0000009032400000,0x0000009032500000)]
  0x0000024d45901000 JavaThread "Cache worker for checksums cache (E:\Hacktiv8\Final Project\projek3\.gradle\7.4\checksums)" [_thread_blocked, id=3344, stack(0x0000009032500000,0x0000009032600000)]
  0x0000024d458fb000 JavaThread "Cache worker for cache directory md-rule (C:\Users\putra\.gradle\caches\7.4\md-rule)" [_thread_blocked, id=8628, stack(0x0000009032600000,0x0000009032700000)]
  0x0000024d458fe800 JavaThread "Cache worker for file hash cache (E:\Hacktiv8\Final Project\projek3\.gradle\7.4\fileHashes)" [_thread_blocked, id=5808, stack(0x0000009032700000,0x0000009032800000)]
  0x0000024d45901800 JavaThread "Cache worker for cache directory md-supplier (C:\Users\putra\.gradle\caches\7.4\md-supplier)" [_thread_blocked, id=1756, stack(0x0000009032800000,0x0000009032900000)]
  0x0000024d458fc000 JavaThread "Cache worker for execution history cache (C:\Users\putra\.gradle\caches\7.4\executionHistory)" [_thread_blocked, id=5220, stack(0x0000009032900000,0x0000009032a00000)]
  0x0000024d45905800 JavaThread "Cache worker for file content cache (C:\Users\putra\.gradle\caches\7.4\fileContent)" [_thread_blocked, id=22880, stack(0x0000009032a00000,0x0000009032b00000)]
  0x0000024d45904000 JavaThread "Cache worker for dependencies-accessors (E:\Hacktiv8\Final Project\projek3\.gradle\7.4\dependencies-accessors)" [_thread_blocked, id=22144, stack(0x0000009032b00000,0x0000009032c00000)]
  0x0000024d45908000 JavaThread "Cache worker for Build Output Cleanup Cache (E:\Hacktiv8\Final Project\projek3\.gradle\buildOutputCleanup)" [_thread_blocked, id=18152, stack(0x0000009032c00000,0x0000009032d00000)]
  0x0000024d45906800 JavaThread "Unconstrained build operations" [_thread_blocked, id=19100, stack(0x0000009032d00000,0x0000009032e00000)]
  0x0000024d45905000 JavaThread "Unconstrained build operations Thread 2" [_thread_blocked, id=6720, stack(0x0000009032e00000,0x0000009032f00000)]
  0x0000024d45902800 JavaThread "Unconstrained build operations Thread 3" [_thread_blocked, id=2456, stack(0x0000009032f00000,0x0000009033000000)]
  0x0000024d45909000 JavaThread "Unconstrained build operations Thread 4" [_thread_blocked, id=6948, stack(0x0000009033000000,0x0000009033100000)]
  0x0000024d45903800 JavaThread "Unconstrained build operations Thread 5" [_thread_blocked, id=6536, stack(0x0000009033100000,0x0000009033200000)]
  0x0000024d46130000 JavaThread "Unconstrained build operations Thread 6" [_thread_blocked, id=8356, stack(0x0000009033200000,0x0000009033300000)]
  0x0000024d46131000 JavaThread "Unconstrained build operations Thread 7" [_thread_blocked, id=7172, stack(0x0000009033300000,0x0000009033400000)]
  0x0000024d46131800 JavaThread "Unconstrained build operations Thread 8" [_thread_blocked, id=8584, stack(0x0000009033400000,0x0000009033500000)]
  0x0000024d46132800 JavaThread "Unconstrained build operations Thread 9" [_thread_blocked, id=5464, stack(0x0000009033500000,0x0000009033600000)]
  0x0000024d46133800 JavaThread "Unconstrained build operations Thread 10" [_thread_blocked, id=13068, stack(0x0000009033600000,0x0000009033700000)]
  0x0000024d46135000 JavaThread "Unconstrained build operations Thread 11" [_thread_blocked, id=18924, stack(0x0000009033700000,0x0000009033800000)]
  0x0000024d4612f800 JavaThread "Unconstrained build operations Thread 12" [_thread_blocked, id=13152, stack(0x0000009033800000,0x0000009033900000)]
  0x0000024d46136000 JavaThread "Unconstrained build operations Thread 13" [_thread_blocked, id=1772, stack(0x0000009033900000,0x0000009033a00000)]
  0x0000024d46137800 JavaThread "Unconstrained build operations Thread 14" [_thread_blocked, id=9856, stack(0x0000009033a00000,0x0000009033b00000)]
  0x0000024d46136800 JavaThread "Unconstrained build operations Thread 15" [_thread_blocked, id=16572, stack(0x0000009033b00000,0x0000009033c00000)]
  0x0000024d46138800 JavaThread "Unconstrained build operations Thread 16" [_thread_blocked, id=21308, stack(0x0000009033c00000,0x0000009033d00000)]
  0x0000024d46139000 JavaThread "Unconstrained build operations Thread 17" [_thread_blocked, id=17596, stack(0x0000009033d00000,0x0000009033e00000)]
  0x0000024d4613a000 JavaThread "Unconstrained build operations Thread 18" [_thread_blocked, id=11724, stack(0x0000009033e00000,0x0000009033f00000)]
  0x0000024d46134000 JavaThread "Unconstrained build operations Thread 19" [_thread_blocked, id=17668, stack(0x0000009033f00000,0x0000009034000000)]
  0x0000024d4613a800 JavaThread "Unconstrained build operations Thread 20" [_thread_blocked, id=21724, stack(0x0000009034000000,0x0000009034100000)]
  0x0000024d4613b800 JavaThread "Unconstrained build operations Thread 21" [_thread_blocked, id=7352, stack(0x0000009034100000,0x0000009034200000)]
  0x0000024d4613c800 JavaThread "Unconstrained build operations Thread 22" [_thread_blocked, id=9644, stack(0x0000009034200000,0x0000009034300000)]
  0x0000024d4613d000 JavaThread "Unconstrained build operations Thread 23" [_thread_blocked, id=2992, stack(0x0000009034300000,0x0000009034400000)]
  0x0000024d4613e000 JavaThread "Unconstrained build operations Thread 24" [_thread_blocked, id=23056, stack(0x0000009034400000,0x0000009034500000)]
  0x0000024d480a2000 JavaThread "Unconstrained build operations Thread 25" [_thread_blocked, id=7840, stack(0x0000009034500000,0x0000009034600000)]
  0x0000024d480a7000 JavaThread "Unconstrained build operations Thread 26" [_thread_blocked, id=12428, stack(0x0000009034600000,0x0000009034700000)]
  0x0000024d480a4000 JavaThread "Unconstrained build operations Thread 27" [_thread_blocked, id=17180, stack(0x0000009034700000,0x0000009034800000)]
  0x0000024d480a1800 JavaThread "Unconstrained build operations Thread 28" [_thread_blocked, id=6580, stack(0x0000009034800000,0x0000009034900000)]
  0x0000024d480a8800 JavaThread "Unconstrained build operations Thread 29" [_thread_blocked, id=6840, stack(0x0000009034900000,0x0000009034a00000)]
  0x0000024d480a3000 JavaThread "Unconstrained build operations Thread 30" [_thread_blocked, id=12004, stack(0x0000009034a00000,0x0000009034b00000)]
  0x0000024d480a8000 JavaThread "Unconstrained build operations Thread 31" [_thread_blocked, id=3016, stack(0x0000009034b00000,0x0000009034c00000)]
  0x0000024d480a9800 JavaThread "Unconstrained build operations Thread 32" [_thread_blocked, id=2512, stack(0x0000009034c00000,0x0000009034d00000)]
  0x0000024d480a5800 JavaThread "Unconstrained build operations Thread 33" [_thread_blocked, id=21020, stack(0x0000009034d00000,0x0000009034e00000)]
  0x0000024d480aa800 JavaThread "Unconstrained build operations Thread 34" [_thread_blocked, id=15616, stack(0x0000009034e00000,0x0000009034f00000)]
  0x0000024d480a4800 JavaThread "Unconstrained build operations Thread 35" [_thread_blocked, id=18716, stack(0x0000009034f00000,0x0000009035000000)]
  0x0000024d480ab000 JavaThread "Unconstrained build operations Thread 36" [_thread_blocked, id=22320, stack(0x0000009035000000,0x0000009035100000)]
  0x0000024d480ac000 JavaThread "Unconstrained build operations Thread 37" [_thread_blocked, id=7276, stack(0x0000009035100000,0x0000009035200000)]
  0x0000024d480a6000 JavaThread "Unconstrained build operations Thread 38" [_thread_blocked, id=18080, stack(0x0000009035200000,0x0000009035300000)]
  0x0000024d480b0000 JavaThread "Unconstrained build operations Thread 39" [_thread_blocked, id=20780, stack(0x0000009035300000,0x0000009035400000)]
  0x0000024d480ad000 JavaThread "Unconstrained build operations Thread 40" [_thread_blocked, id=14628, stack(0x0000009035400000,0x0000009035500000)]
  0x0000024d480ad800 JavaThread "Unconstrained build operations Thread 41" [_thread_blocked, id=18980, stack(0x0000009035500000,0x0000009035600000)]
  0x0000024d480ae800 JavaThread "Unconstrained build operations Thread 42" [_thread_blocked, id=2080, stack(0x0000009035600000,0x0000009035700000)]
  0x0000024d480af000 JavaThread "Unconstrained build operations Thread 43" [_thread_blocked, id=9176, stack(0x0000009035700000,0x0000009035800000)]
  0x0000024d48049000 JavaThread "Unconstrained build operations Thread 44" [_thread_blocked, id=14148, stack(0x0000009035800000,0x0000009035900000)]
  0x0000024d4804c800 JavaThread "Unconstrained build operations Thread 45" [_thread_blocked, id=12868, stack(0x0000009035900000,0x0000009035a00000)]
  0x0000024d48048800 JavaThread "Unconstrained build operations Thread 46" [_thread_blocked, id=2852, stack(0x0000009035a00000,0x0000009035b00000)]
  0x0000024d4804a000 JavaThread "Unconstrained build operations Thread 47" [_thread_blocked, id=13724, stack(0x0000009035b00000,0x0000009035c00000)]
  0x0000024d48046800 JavaThread "Unconstrained build operations Thread 48" [_thread_blocked, id=3168, stack(0x0000009035c00000,0x0000009035d00000)]
  0x0000024d4804b000 JavaThread "Unconstrained build operations Thread 49" [_thread_blocked, id=7936, stack(0x0000009035d00000,0x0000009035e00000)]
  0x0000024d4804b800 JavaThread "Unconstrained build operations Thread 50" [_thread_blocked, id=13944, stack(0x0000009035e00000,0x0000009035f00000)]
  0x0000024d4804d000 JavaThread "Unconstrained build operations Thread 51" [_thread_blocked, id=17964, stack(0x0000009035f00000,0x0000009036000000)]
  0x0000024d48047800 JavaThread "Unconstrained build operations Thread 52" [_thread_blocked, id=17640, stack(0x0000009036000000,0x0000009036100000)]
  0x0000024d4804e000 JavaThread "Unconstrained build operations Thread 53" [_thread_blocked, id=544, stack(0x0000009036100000,0x0000009036200000)]
  0x0000024d48052000 JavaThread "Unconstrained build operations Thread 54" [_thread_blocked, id=13076, stack(0x0000009036200000,0x0000009036300000)]
  0x0000024d48053000 JavaThread "Unconstrained build operations Thread 55" [_thread_blocked, id=19832, stack(0x0000009036300000,0x0000009036400000)]
  0x0000024d48051800 JavaThread "Unconstrained build operations Thread 56" [_thread_blocked, id=12844, stack(0x0000009036400000,0x0000009036500000)]
  0x0000024d48050800 JavaThread "Unconstrained build operations Thread 57" [_thread_blocked, id=13716, stack(0x0000009036500000,0x0000009036600000)]
  0x0000024d48054000 JavaThread "Unconstrained build operations Thread 58" [_thread_blocked, id=2176, stack(0x0000009036600000,0x0000009036700000)]
  0x0000024d48054800 JavaThread "Unconstrained build operations Thread 59" [_thread_blocked, id=5888, stack(0x0000009036700000,0x0000009036800000)]
  0x0000024d4804f800 JavaThread "Unconstrained build operations Thread 60" [_thread_blocked, id=21856, stack(0x0000009036800000,0x0000009036900000)]
  0x0000024d4804f000 JavaThread "Unconstrained build operations Thread 61" [_thread_blocked, id=19800, stack(0x0000009036900000,0x0000009036a00000)]
  0x0000024d48055800 JavaThread "Unconstrained build operations Thread 62" [_thread_blocked, id=11036, stack(0x0000009036a00000,0x0000009036b00000)]
  0x0000024d47f24800 JavaThread "Unconstrained build operations Thread 63" [_thread_blocked, id=5952, stack(0x0000009036b00000,0x0000009036c00000)]
  0x0000024d47f25000 JavaThread "Unconstrained build operations Thread 64" [_thread_blocked, id=14680, stack(0x0000009036c00000,0x0000009036d00000)]
  0x0000024d47f27800 JavaThread "Unconstrained build operations Thread 65" [_thread_blocked, id=20068, stack(0x0000009036d00000,0x0000009036e00000)]
  0x0000024d47f28800 JavaThread "Unconstrained build operations Thread 66" [_thread_blocked, id=9956, stack(0x0000009036e00000,0x0000009036f00000)]
  0x0000024d47f26000 JavaThread "Unconstrained build operations Thread 67" [_thread_blocked, id=8536, stack(0x0000009036f00000,0x0000009037000000)]
  0x0000024d47f29800 JavaThread "Unconstrained build operations Thread 68" [_thread_blocked, id=6092, stack(0x0000009037000000,0x0000009037100000)]
  0x0000024d47f27000 JavaThread "Unconstrained build operations Thread 69" [_thread_blocked, id=7708, stack(0x0000009037100000,0x0000009037200000)]
  0x0000024d47f23800 JavaThread "Unconstrained build operations Thread 70" [_thread_blocked, id=20976, stack(0x0000009037200000,0x0000009037300000)]
  0x0000024d47f2e000 JavaThread "Unconstrained build operations Thread 71" [_thread_blocked, id=17864, stack(0x0000009037300000,0x0000009037400000)]
  0x0000024d47f2c800 JavaThread "Unconstrained build operations Thread 72" [_thread_blocked, id=11588, stack(0x0000009037400000,0x0000009037500000)]
  0x0000024d47f2c000 JavaThread "Unconstrained build operations Thread 73" [_thread_blocked, id=13476, stack(0x0000009037500000,0x0000009037600000)]
  0x0000024d47f2b000 JavaThread "Unconstrained build operations Thread 74" [_thread_blocked, id=9188, stack(0x0000009037600000,0x0000009037700000)]
  0x0000024d47f30000 JavaThread "Unconstrained build operations Thread 75" [_thread_blocked, id=12332, stack(0x0000009037700000,0x0000009037800000)]
  0x0000024d47f2d800 JavaThread "Unconstrained build operations Thread 76" [_thread_blocked, id=11628, stack(0x0000009037800000,0x0000009037900000)]
  0x0000024d47f2f000 JavaThread "Unconstrained build operations Thread 77" [_thread_blocked, id=1340, stack(0x0000009037900000,0x0000009037a00000)]
  0x0000024d47f2a000 JavaThread "Unconstrained build operations Thread 78" [_thread_blocked, id=20464, stack(0x0000009037a00000,0x0000009037b00000)]
  0x0000024d47f30800 JavaThread "Unconstrained build operations Thread 79" [_thread_blocked, id=5088, stack(0x0000009037b00000,0x0000009037c00000)]
  0x0000024d47f31800 JavaThread "Unconstrained build operations Thread 80" [_thread_blocked, id=18708, stack(0x0000009037c00000,0x0000009037d00000)]

Other Threads:
=>0x0000024d41109000 VMThread "VM Thread" [stack: 0x000000902fb00000,0x000000902fc00000] [id=6984]
  0x0000024d41bf4800 WatcherThread [stack: 0x0000009030500000,0x0000009030600000] [id=11604]
  0x0000024d26c77800 GCTaskThread "GC Thread#0" [stack: 0x000000902f600000,0x000000902f700000] [id=21744]
  0x0000024d4264d800 GCTaskThread "GC Thread#1" [stack: 0x0000009030600000,0x0000009030700000] [id=6336]
  0x0000024d43abd800 GCTaskThread "GC Thread#2" [stack: 0x0000009031100000,0x0000009031200000] [id=17764]
  0x0000024d428aa000 GCTaskThread "GC Thread#3" [stack: 0x0000009031200000,0x0000009031300000] [id=12964]
  0x0000024d428aa800 GCTaskThread "GC Thread#4" [stack: 0x0000009031300000,0x0000009031400000] [id=5344]
  0x0000024d434ec800 GCTaskThread "GC Thread#5" [stack: 0x0000009031400000,0x0000009031500000] [id=16624]
  0x0000024d434ed000 GCTaskThread "GC Thread#6" [stack: 0x0000009031500000,0x0000009031600000] [id=22168]
  0x0000024d43515000 GCTaskThread "GC Thread#7" [stack: 0x0000009031600000,0x0000009031700000] [id=13392]
  0x0000024d26cab000 ConcurrentGCThread "G1 Main Marker" [stack: 0x000000902f700000,0x000000902f800000] [id=19208]
  0x0000024d26cac800 ConcurrentGCThread "G1 Conc#0" [stack: 0x000000902f800000,0x000000902f900000] [id=10012]
  0x0000024d43d1a000 ConcurrentGCThread "G1 Conc#1" [stack: 0x0000009031900000,0x0000009031a00000] [id=22276]
  0x0000024d26d33000 ConcurrentGCThread "G1 Refine#0" [stack: 0x000000902f900000,0x000000902fa00000] [id=7164]
  0x0000024d26d36000 ConcurrentGCThread "G1 Young RemSet Sampling" [stack: 0x000000902fa00000,0x000000902fb00000] [id=21176]

Threads with active compile tasks:
C2 CompilerThread0  12821 5882       4       org.objectweb.asm.SymbolTable::addType (81 bytes)

VM state:at safepoint (normal execution)

VM Mutex/Monitor currently owned by a thread:  ([mutex/lock_event])
[0x0000024d26c5aea0] Threads_lock - owner thread: 0x0000024d41109000
[0x0000024d26c5a120] Heap_lock - owner thread: 0x0000024d43ccf800

Heap address: 0x0000000080000000, size: 2048 MB, Compressed Oops mode: 32-bit
Narrow klass base: 0x0000000000000000, Narrow klass shift: 3
Compressed class space size: 1073741824 Address: 0x0000000100000000

Heap:
 garbage-first heap   total 195584K, used 92166K [0x0000000080000000, 0x0000000100000000)
  region size 1024K, 4 young (4096K), 4 survivors (4096K)
 Metaspace       used 58988K, capacity 60558K, committed 60800K, reserved 1101824K
  class space    used 7457K, capacity 7981K, committed 8064K, reserved 1048576K
Heap Regions: E=young(eden), S=young(survivor), O=old, HS=humongous(starts), HC=humongous(continues), CS=collection set, F=free, A=archive, TAMS=top-at-mark-start (previous, next)
|   0|0x0000000080000000, 0x0000000080100000, 0x0000000080100000|100%| O|  |TAMS 0x0000000080100000, 0x0000000080000000| Untracked 
|   1|0x0000000080100000, 0x0000000080200000, 0x0000000080200000|100%| O|  |TAMS 0x0000000080200000, 0x0000000080100000| Untracked 
|   2|0x0000000080200000, 0x0000000080300000, 0x0000000080300000|100%| O|  |TAMS 0x0000000080300000, 0x0000000080200000| Untracked 
|   3|0x0000000080300000, 0x0000000080400000, 0x0000000080400000|100%|HS|  |TAMS 0x0000000080400000, 0x0000000080300000| Complete 
|   4|0x0000000080400000, 0x0000000080500000, 0x0000000080500000|100%|HC|  |TAMS 0x0000000080500000, 0x0000000080400000| Complete 
|   5|0x0000000080500000, 0x0000000080600000, 0x0000000080600000|100%|HC|  |TAMS 0x0000000080600000, 0x0000000080500000| Complete 
|   6|0x0000000080600000, 0x0000000080700000, 0x0000000080700000|100%| O|  |TAMS 0x0000000080700000, 0x0000000080600000| Untracked 
|   7|0x0000000080700000, 0x0000000080800000, 0x0000000080800000|100%| O|  |TAMS 0x0000000080800000, 0x0000000080700000| Untracked 
|   8|0x0000000080800000, 0x0000000080900000, 0x0000000080900000|100%| O|  |TAMS 0x0000000080900000, 0x0000000080800000| Untracked 
|   9|0x0000000080900000, 0x0000000080a00000, 0x0000000080a00000|100%| O|  |TAMS 0x0000000080a00000, 0x0000000080900000| Untracked 
|  10|0x0000000080a00000, 0x0000000080b00000, 0x0000000080b00000|100%| O|  |TAMS 0x0000000080b00000, 0x0000000080a00000| Untracked 
|  11|0x0000000080b00000, 0x0000000080c00000, 0x0000000080c00000|100%| O|  |TAMS 0x0000000080c00000, 0x0000000080b00000| Untracked 
|  12|0x0000000080c00000, 0x0000000080d00000, 0x0000000080d00000|100%| O|  |TAMS 0x0000000080d00000, 0x0000000080c00000| Untracked 
|  13|0x0000000080d00000, 0x0000000080e00000, 0x0000000080e00000|100%| O|  |TAMS 0x0000000080e00000, 0x0000000080d00000| Untracked 
|  14|0x0000000080e00000, 0x0000000080f00000, 0x0000000080f00000|100%| O|  |TAMS 0x0000000080f00000, 0x0000000080e00000| Untracked 
|  15|0x0000000080f00000, 0x0000000081000000, 0x0000000081000000|100%| O|  |TAMS 0x0000000081000000, 0x0000000080f00000| Untracked 
|  16|0x0000000081000000, 0x0000000081100000, 0x0000000081100000|100%| O|  |TAMS 0x0000000081100000, 0x0000000081000000| Untracked 
|  17|0x0000000081100000, 0x0000000081200000, 0x0000000081200000|100%|HS|  |TAMS 0x0000000081200000, 0x0000000081100000| Complete 
|  18|0x0000000081200000, 0x0000000081300000, 0x0000000081300000|100%|HC|  |TAMS 0x0000000081300000, 0x0000000081200000| Complete 
|  19|0x0000000081300000, 0x0000000081400000, 0x0000000081400000|100%|HS|  |TAMS 0x0000000081400000, 0x0000000081300000| Complete 
|  20|0x0000000081400000, 0x0000000081500000, 0x0000000081500000|100%|HC|  |TAMS 0x0000000081500000, 0x0000000081400000| Complete 
|  21|0x0000000081500000, 0x0000000081600000, 0x0000000081600000|100%|HC|  |TAMS 0x0000000081600000, 0x0000000081500000| Complete 
|  22|0x0000000081600000, 0x0000000081700000, 0x0000000081700000|100%|HS|  |TAMS 0x0000000081700000, 0x0000000081600000| Complete 
|  23|0x0000000081700000, 0x0000000081800000, 0x0000000081800000|100%|HC|  |TAMS 0x0000000081800000, 0x0000000081700000| Complete 
|  24|0x0000000081800000, 0x0000000081900000, 0x0000000081900000|100%|HC|  |TAMS 0x0000000081900000, 0x0000000081800000| Complete 
|  25|0x0000000081900000, 0x0000000081a00000, 0x0000000081a00000|100%| O|  |TAMS 0x0000000081a00000, 0x0000000081900000| Untracked 
|  26|0x0000000081a00000, 0x0000000081b00000, 0x0000000081b00000|100%|HS|  |TAMS 0x0000000081b00000, 0x0000000081a00000| Complete 
|  27|0x0000000081b00000, 0x0000000081c00000, 0x0000000081c00000|100%|HC|  |TAMS 0x0000000081c00000, 0x0000000081b00000| Complete 
|  28|0x0000000081c00000, 0x0000000081d00000, 0x0000000081d00000|100%|HC|  |TAMS 0x0000000081d00000, 0x0000000081c00000| Complete 
|  29|0x0000000081d00000, 0x0000000081e00000, 0x0000000081e00000|100%|HC|  |TAMS 0x0000000081e00000, 0x0000000081d00000| Complete 
|  30|0x0000000081e00000, 0x0000000081f00000, 0x0000000081f00000|100%| O|  |TAMS 0x0000000081f00000, 0x0000000081e00000| Untracked 
|  31|0x0000000081f00000, 0x0000000082000000, 0x0000000082000000|100%| O|  |TAMS 0x0000000082000000, 0x0000000081f00000| Untracked 
|  32|0x0000000082000000, 0x0000000082100000, 0x0000000082100000|100%| O|  |TAMS 0x0000000082100000, 0x0000000082000000| Untracked 
|  33|0x0000000082100000, 0x0000000082200000, 0x0000000082200000|100%| O|  |TAMS 0x0000000082200000, 0x0000000082100000| Untracked 
|  34|0x0000000082200000, 0x0000000082300000, 0x0000000082300000|100%|HS|  |TAMS 0x0000000082300000, 0x0000000082200000| Complete 
|  35|0x0000000082300000, 0x0000000082400000, 0x0000000082400000|100%|HC|  |TAMS 0x0000000082400000, 0x0000000082300000| Complete 
|  36|0x0000000082400000, 0x0000000082500000, 0x0000000082500000|100%|HC|  |TAMS 0x0000000082500000, 0x0000000082400000| Complete 
|  37|0x0000000082500000, 0x0000000082600000, 0x0000000082600000|100%|HC|  |TAMS 0x0000000082600000, 0x0000000082500000| Complete 
|  38|0x0000000082600000, 0x0000000082700000, 0x0000000082700000|100%|HC|  |TAMS 0x0000000082700000, 0x0000000082600000| Complete 
|  39|0x0000000082700000, 0x0000000082800000, 0x0000000082800000|100%|HS|  |TAMS 0x0000000082800000, 0x0000000082700000| Complete 
|  40|0x0000000082800000, 0x0000000082900000, 0x0000000082900000|100%| O|  |TAMS 0x0000000082900000, 0x0000000082800000| Untracked 
|  41|0x0000000082900000, 0x0000000082a00000, 0x0000000082a00000|100%| O|  |TAMS 0x0000000082a00000, 0x0000000082900000| Untracked 
|  42|0x0000000082a00000, 0x0000000082b00000, 0x0000000082b00000|100%| O|  |TAMS 0x0000000082b00000, 0x0000000082a00000| Untracked 
|  43|0x0000000082b00000, 0x0000000082c00000, 0x0000000082c00000|100%| O|  |TAMS 0x0000000082c00000, 0x0000000082b00000| Untracked 
|  44|0x0000000082c00000, 0x0000000082d00000, 0x0000000082d00000|100%| O|  |TAMS 0x0000000082d00000, 0x0000000082c00000| Untracked 
|  45|0x0000000082d00000, 0x0000000082e00000, 0x0000000082e00000|100%| O|  |TAMS 0x0000000082e00000, 0x0000000082d00000| Untracked 
|  46|0x0000000082e00000, 0x0000000082f00000, 0x0000000082f00000|100%| O|  |TAMS 0x0000000082f00000, 0x0000000082e00000| Untracked 
|  47|0x0000000082f00000, 0x0000000083000000, 0x0000000083000000|100%| O|  |TAMS 0x0000000083000000, 0x0000000082f00000| Untracked 
|  48|0x0000000083000000, 0x0000000083100000, 0x0000000083100000|100%| O|  |TAMS 0x0000000083100000, 0x0000000083000000| Untracked 
|  49|0x0000000083100000, 0x0000000083200000, 0x0000000083200000|100%| O|  |TAMS 0x0000000083200000, 0x0000000083100000| Untracked 
|  50|0x0000000083200000, 0x0000000083300000, 0x0000000083300000|100%| O|  |TAMS 0x0000000083300000, 0x0000000083200000| Untracked 
|  51|0x0000000083300000, 0x0000000083400000, 0x0000000083400000|100%| O|  |TAMS 0x0000000083400000, 0x0000000083300000| Untracked 
|  52|0x0000000083400000, 0x0000000083500000, 0x0000000083500000|100%|HS|  |TAMS 0x0000000083500000, 0x0000000083400000| Complete 
|  53|0x0000000083500000, 0x0000000083600000, 0x0000000083600000|100%|HC|  |TAMS 0x0000000083600000, 0x0000000083500000| Complete 
|  54|0x0000000083600000, 0x0000000083700000, 0x0000000083700000|100%|HS|  |TAMS 0x0000000083700000, 0x0000000083600000| Complete 
|  55|0x0000000083700000, 0x0000000083800000, 0x0000000083800000|100%|HC|  |TAMS 0x0000000083800000, 0x0000000083700000| Complete 
|  56|0x0000000083800000, 0x0000000083900000, 0x0000000083900000|100%|HC|  |TAMS 0x0000000083900000, 0x0000000083800000| Complete 
|  57|0x0000000083900000, 0x0000000083a00000, 0x0000000083a00000|100%|HS|  |TAMS 0x0000000083a00000, 0x0000000083900000| Complete 
|  58|0x0000000083a00000, 0x0000000083b00000, 0x0000000083b00000|100%|HC|  |TAMS 0x0000000083b00000, 0x0000000083a00000| Complete 
|  59|0x0000000083b00000, 0x0000000083c00000, 0x0000000083c00000|100%|HC|  |TAMS 0x0000000083c00000, 0x0000000083b00000| Complete 
|  60|0x0000000083c00000, 0x0000000083d00000, 0x0000000083d00000|100%|HS|  |TAMS 0x0000000083d00000, 0x0000000083c00000| Complete 
|  61|0x0000000083d00000, 0x0000000083e00000, 0x0000000083e00000|100%|HC|  |TAMS 0x0000000083e00000, 0x0000000083d00000| Complete 
|  62|0x0000000083e00000, 0x0000000083f00000, 0x0000000083f00000|100%|HC|  |TAMS 0x0000000083f00000, 0x0000000083e00000| Complete 
|  63|0x0000000083f00000, 0x0000000084000000, 0x0000000084000000|100%|HC|  |TAMS 0x0000000084000000, 0x0000000083f00000| Complete 
|  64|0x0000000084000000, 0x0000000084100000, 0x0000000084100000|100%| O|  |TAMS 0x0000000084100000, 0x0000000084000000| Untracked 
|  65|0x0000000084100000, 0x0000000084200000, 0x0000000084200000|100%| O|  |TAMS 0x0000000084200000, 0x0000000084100000| Untracked 
|  66|0x0000000084200000, 0x0000000084300000, 0x0000000084300000|100%| O|  |TAMS 0x0000000084300000, 0x0000000084200000| Untracked 
|  67|0x0000000084300000, 0x0000000084400000, 0x0000000084400000|100%| O|  |TAMS 0x0000000084400000, 0x0000000084300000| Untracked 
|  68|0x0000000084400000, 0x0000000084500000, 0x0000000084500000|100%| O|  |TAMS 0x0000000084500000, 0x0000000084400000| Untracked 
|  69|0x0000000084500000, 0x0000000084600000, 0x0000000084600000|100%|HS|  |TAMS 0x0000000084600000, 0x0000000084500000| Complete 
|  70|0x0000000084600000, 0x0000000084700000, 0x0000000084700000|100%|HC|  |TAMS 0x0000000084700000, 0x0000000084600000| Complete 
|  71|0x0000000084700000, 0x0000000084800000, 0x0000000084800000|100%|HC|  |TAMS 0x0000000084800000, 0x0000000084700000| Complete 
|  72|0x0000000084800000, 0x0000000084900000, 0x0000000084900000|100%|HC|  |TAMS 0x0000000084900000, 0x0000000084800000| Complete 
|  73|0x0000000084900000, 0x0000000084a00000, 0x0000000084a00000|100%|HC|  |TAMS 0x0000000084a00000, 0x0000000084900000| Complete 
|  74|0x0000000084a00000, 0x0000000084b00000, 0x0000000084b00000|100%| O|  |TAMS 0x0000000084b00000, 0x0000000084a00000| Untracked 
|  75|0x0000000084b00000, 0x0000000084c00000, 0x0000000084c00000|100%| O|  |TAMS 0x0000000084c00000, 0x0000000084b00000| Untracked 
|  76|0x0000000084c00000, 0x0000000084d00000, 0x0000000084d00000|100%| O|  |TAMS 0x0000000084d00000, 0x0000000084c00000| Untracked 
|  77|0x0000000084d00000, 0x0000000084e00000, 0x0000000084e00000|100%| O|  |TAMS 0x0000000084e00000, 0x0000000084d00000| Untracked 
|  78|0x0000000084e00000, 0x0000000084f00000, 0x0000000084f00000|100%|HS|  |TAMS 0x0000000084f00000, 0x0000000084e00000| Complete 
|  79|0x0000000084f00000, 0x0000000085000000, 0x0000000085000000|100%|HS|  |TAMS 0x0000000085000000, 0x0000000084f00000| Complete 
|  80|0x0000000085000000, 0x0000000085100000, 0x0000000085100000|100%| O|  |TAMS 0x0000000085100000, 0x0000000085000000| Untracked 
|  81|0x0000000085100000, 0x0000000085200000, 0x0000000085200000|100%| O|  |TAMS 0x0000000085200000, 0x0000000085100000| Untracked 
|  82|0x0000000085200000, 0x0000000085300000, 0x0000000085300000|100%| O|  |TAMS 0x0000000085300000, 0x0000000085200000| Untracked 
|  83|0x0000000085300000, 0x0000000085300000, 0x0000000085400000|  0%| F|  |TAMS 0x0000000085300000, 0x0000000085300000| Untracked 
|  84|0x0000000085400000, 0x0000000085500000, 0x0000000085500000|100%| O|  |TAMS 0x0000000085500000, 0x0000000085400000| Untracked 
|  85|0x0000000085500000, 0x00000000855a6c00, 0x0000000085600000| 65%| O|  |TAMS 0x00000000855a6c00, 0x0000000085500000| Untracked 
|  86|0x0000000085600000, 0x0000000085700000, 0x0000000085700000|100%|HS|  |TAMS 0x0000000085600000, 0x0000000085600000| Complete 
|  87|0x0000000085700000, 0x0000000085800000, 0x0000000085800000|100%|HC|  |TAMS 0x0000000085700000, 0x0000000085700000| Complete 
|  88|0x0000000085800000, 0x0000000085800000, 0x0000000085900000|  0%| F|  |TAMS 0x0000000085800000, 0x0000000085800000| Untracked 
|  89|0x0000000085900000, 0x0000000085900000, 0x0000000085a00000|  0%| F|  |TAMS 0x0000000085900000, 0x0000000085900000| Untracked 
|  90|0x0000000085a00000, 0x0000000085a00000, 0x0000000085b00000|  0%| F|  |TAMS 0x0000000085a00000, 0x0000000085a00000| Untracked 
|  91|0x0000000085b00000, 0x0000000085b00000, 0x0000000085c00000|  0%| F|  |TAMS 0x0000000085b00000, 0x0000000085b00000| Untracked 
|  92|0x0000000085c00000, 0x0000000085c00000, 0x0000000085d00000|  0%| F|  |TAMS 0x0000000085c00000, 0x0000000085c00000| Untracked 
|  93|0x0000000085d00000, 0x0000000085d00000, 0x0000000085e00000|  0%| F|  |TAMS 0x0000000085d00000, 0x0000000085d00000| Untracked 
|  94|0x0000000085e00000, 0x0000000085e00000, 0x0000000085f00000|  0%| F|  |TAMS 0x0000000085e00000, 0x0000000085e00000| Untracked 
|  95|0x0000000085f00000, 0x0000000085f00000, 0x0000000086000000|  0%| F|  |TAMS 0x0000000085f00000, 0x0000000085f00000| Untracked 
|  96|0x0000000086000000, 0x0000000086000000, 0x0000000086100000|  0%| F|  |TAMS 0x0000000086000000, 0x0000000086000000| Untracked 
|  97|0x0000000086100000, 0x0000000086100000, 0x0000000086200000|  0%| F|  |TAMS 0x0000000086100000, 0x0000000086100000| Untracked 
|  98|0x0000000086200000, 0x0000000086200000, 0x0000000086300000|  0%| F|  |TAMS 0x0000000086200000, 0x0000000086200000| Untracked 
|  99|0x0000000086300000, 0x0000000086300000, 0x0000000086400000|  0%| F|  |TAMS 0x0000000086300000, 0x0000000086300000| Untracked 
| 100|0x0000000086400000, 0x0000000086400000, 0x0000000086500000|  0%| F|  |TAMS 0x0000000086400000, 0x0000000086400000| Untracked 
| 101|0x0000000086500000, 0x0000000086500000, 0x0000000086600000|  0%| F|  |TAMS 0x0000000086500000, 0x0000000086500000| Untracked 
| 102|0x0000000086600000, 0x0000000086600000, 0x0000000086700000|  0%| F|  |TAMS 0x0000000086600000, 0x0000000086600000| Untracked 
| 103|0x0000000086700000, 0x0000000086700000, 0x0000000086800000|  0%| F|  |TAMS 0x0000000086700000, 0x0000000086700000| Untracked 
| 104|0x0000000086800000, 0x0000000086800000, 0x0000000086900000|  0%| F|  |TAMS 0x0000000086800000, 0x0000000086800000| Untracked 
| 105|0x0000000086900000, 0x0000000086900000, 0x0000000086a00000|  0%| F|  |TAMS 0x0000000086900000, 0x0000000086900000| Untracked 
| 106|0x0000000086a00000, 0x0000000086a00000, 0x0000000086b00000|  0%| F|  |TAMS 0x0000000086a00000, 0x0000000086a00000| Untracked 
| 107|0x0000000086b00000, 0x0000000086b00000, 0x0000000086c00000|  0%| F|  |TAMS 0x0000000086b00000, 0x0000000086b00000| Untracked 
| 108|0x0000000086c00000, 0x0000000086c00000, 0x0000000086d00000|  0%| F|  |TAMS 0x0000000086c00000, 0x0000000086c00000| Untracked 
| 109|0x0000000086d00000, 0x0000000086d00000, 0x0000000086e00000|  0%| F|  |TAMS 0x0000000086d00000, 0x0000000086d00000| Untracked 
| 110|0x0000000086e00000, 0x0000000086e00000, 0x0000000086f00000|  0%| F|  |TAMS 0x0000000086e00000, 0x0000000086e00000| Untracked 
| 111|0x0000000086f00000, 0x0000000086f00000, 0x0000000087000000|  0%| F|  |TAMS 0x0000000086f00000, 0x0000000086f00000| Untracked 
| 112|0x0000000087000000, 0x0000000087000000, 0x0000000087100000|  0%| F|  |TAMS 0x0000000087000000, 0x0000000087000000| Untracked 
| 113|0x0000000087100000, 0x0000000087100000, 0x0000000087200000|  0%| F|  |TAMS 0x0000000087100000, 0x0000000087100000| Untracked 
| 114|0x0000000087200000, 0x0000000087200000, 0x0000000087300000|  0%| F|  |TAMS 0x0000000087200000, 0x0000000087200000| Untracked 
| 115|0x0000000087300000, 0x0000000087300000, 0x0000000087400000|  0%| F|  |TAMS 0x0000000087300000, 0x0000000087300000| Untracked 
| 116|0x0000000087400000, 0x0000000087400000, 0x0000000087500000|  0%| F|  |TAMS 0x0000000087400000, 0x0000000087400000| Untracked 
| 117|0x0000000087500000, 0x0000000087500000, 0x0000000087600000|  0%| F|  |TAMS 0x0000000087500000, 0x0000000087500000| Untracked 
| 118|0x0000000087600000, 0x0000000087600000, 0x0000000087700000|  0%| F|  |TAMS 0x0000000087600000, 0x0000000087600000| Untracked 
| 119|0x0000000087700000, 0x0000000087700000, 0x0000000087800000|  0%| F|  |TAMS 0x0000000087700000, 0x0000000087700000| Untracked 
| 120|0x0000000087800000, 0x0000000087800000, 0x0000000087900000|  0%| F|  |TAMS 0x0000000087800000, 0x0000000087800000| Untracked 
| 121|0x0000000087900000, 0x0000000087900000, 0x0000000087a00000|  0%| F|  |TAMS 0x0000000087900000, 0x0000000087900000| Untracked 
| 122|0x0000000087a00000, 0x0000000087a00000, 0x0000000087b00000|  0%| F|  |TAMS 0x0000000087a00000, 0x0000000087a00000| Untracked 
| 123|0x0000000087b00000, 0x0000000087b00000, 0x0000000087c00000|  0%| F|  |TAMS 0x0000000087b00000, 0x0000000087b00000| Untracked 
| 124|0x0000000087c00000, 0x0000000087c00000, 0x0000000087d00000|  0%| F|  |TAMS 0x0000000087c00000, 0x0000000087c00000| Untracked 
| 125|0x0000000087d00000, 0x0000000087d00000, 0x0000000087e00000|  0%| F|  |TAMS 0x0000000087d00000, 0x0000000087d00000| Untracked 
| 126|0x0000000087e00000, 0x0000000087e5ae70, 0x0000000087f00000| 35%| S|CS|TAMS 0x0000000087e00000, 0x0000000087e00000| Complete 
| 127|0x0000000087f00000, 0x0000000088000000, 0x0000000088000000|100%| S|CS|TAMS 0x0000000087f00000, 0x0000000087f00000| Complete 
| 128|0x0000000088000000, 0x0000000088100000, 0x0000000088100000|100%| S|CS|TAMS 0x0000000088000000, 0x0000000088000000| Complete 
| 129|0x0000000088100000, 0x0000000088200000, 0x0000000088200000|100%| S|CS|TAMS 0x0000000088100000, 0x0000000088100000| Complete 
| 130|0x0000000088200000, 0x0000000088200000, 0x0000000088300000|  0%| F|  |TAMS 0x0000000088200000, 0x0000000088200000| Untracked 
| 131|0x0000000088300000, 0x0000000088300000, 0x0000000088400000|  0%| F|  |TAMS 0x0000000088300000, 0x0000000088300000| Untracked 
| 132|0x0000000088400000, 0x0000000088400000, 0x0000000088500000|  0%| F|  |TAMS 0x0000000088400000, 0x0000000088400000| Untracked 
| 133|0x0000000088500000, 0x0000000088500000, 0x0000000088600000|  0%| F|  |TAMS 0x0000000088500000, 0x0000000088500000| Untracked 
| 134|0x0000000088600000, 0x0000000088600000, 0x0000000088700000|  0%| F|  |TAMS 0x0000000088600000, 0x0000000088600000| Untracked 
| 135|0x0000000088700000, 0x0000000088700000, 0x0000000088800000|  0%| F|  |TAMS 0x0000000088700000, 0x0000000088700000| Untracked 
| 136|0x0000000088800000, 0x0000000088800000, 0x0000000088900000|  0%| F|  |TAMS 0x0000000088800000, 0x0000000088800000| Untracked 
| 137|0x0000000088900000, 0x0000000088900000, 0x0000000088a00000|  0%| F|  |TAMS 0x0000000088900000, 0x0000000088900000| Untracked 
| 138|0x0000000088a00000, 0x0000000088a00000, 0x0000000088b00000|  0%| F|  |TAMS 0x0000000088a00000, 0x0000000088a00000| Untracked 
| 139|0x0000000088b00000, 0x0000000088b00000, 0x0000000088c00000|  0%| F|  |TAMS 0x0000000088b00000, 0x0000000088b00000| Untracked 
| 140|0x0000000088c00000, 0x0000000088c00000, 0x0000000088d00000|  0%| F|  |TAMS 0x0000000088c00000, 0x0000000088c00000| Untracked 
| 141|0x0000000088d00000, 0x0000000088d00000, 0x0000000088e00000|  0%| F|  |TAMS 0x0000000088d00000, 0x0000000088d00000| Untracked 
| 142|0x0000000088e00000, 0x0000000088e00000, 0x0000000088f00000|  0%| F|  |TAMS 0x0000000088e00000, 0x0000000088e00000| Untracked 
| 143|0x0000000088f00000, 0x0000000088f00000, 0x0000000089000000|  0%| F|  |TAMS 0x0000000088f00000, 0x0000000088f00000| Untracked 
| 144|0x0000000089000000, 0x0000000089000000, 0x0000000089100000|  0%| F|  |TAMS 0x0000000089000000, 0x0000000089000000| Untracked 
| 145|0x0000000089100000, 0x0000000089100000, 0x0000000089200000|  0%| F|  |TAMS 0x0000000089100000, 0x0000000089100000| Untracked 
| 146|0x0000000089200000, 0x0000000089200000, 0x0000000089300000|  0%| F|  |TAMS 0x0000000089200000, 0x0000000089200000| Untracked 
| 147|0x0000000089300000, 0x0000000089300000, 0x0000000089400000|  0%| F|  |TAMS 0x0000000089300000, 0x0000000089300000| Untracked 
| 148|0x0000000089400000, 0x0000000089400000, 0x0000000089500000|  0%| F|  |TAMS 0x0000000089400000, 0x0000000089400000| Untracked 
| 149|0x0000000089500000, 0x0000000089500000, 0x0000000089600000|  0%| F|  |TAMS 0x0000000089500000, 0x0000000089500000| Untracked 
| 150|0x0000000089600000, 0x0000000089600000, 0x0000000089700000|  0%| F|  |TAMS 0x0000000089600000, 0x0000000089600000| Untracked 
| 151|0x0000000089700000, 0x0000000089700000, 0x0000000089800000|  0%| F|  |TAMS 0x0000000089700000, 0x0000000089700000| Untracked 
| 152|0x0000000089800000, 0x0000000089800000, 0x0000000089900000|  0%| F|  |TAMS 0x0000000089800000, 0x0000000089800000| Untracked 
| 153|0x0000000089900000, 0x0000000089900000, 0x0000000089a00000|  0%| F|  |TAMS 0x0000000089900000, 0x0000000089900000| Untracked 
| 154|0x0000000089a00000, 0x0000000089a00000, 0x0000000089b00000|  0%| F|  |TAMS 0x0000000089a00000, 0x0000000089a00000| Untracked 
| 155|0x0000000089b00000, 0x0000000089b00000, 0x0000000089c00000|  0%| F|  |TAMS 0x0000000089b00000, 0x0000000089b00000| Untracked 
| 156|0x0000000089c00000, 0x0000000089c00000, 0x0000000089d00000|  0%| F|  |TAMS 0x0000000089c00000, 0x0000000089c00000| Untracked 
| 157|0x0000000089d00000, 0x0000000089d00000, 0x0000000089e00000|  0%| F|  |TAMS 0x0000000089d00000, 0x0000000089d00000| Untracked 
| 158|0x0000000089e00000, 0x0000000089e00000, 0x0000000089f00000|  0%| F|  |TAMS 0x0000000089e00000, 0x0000000089e00000| Untracked 

Card table byte_map: [0x0000024d39eb0000,0x0000024d3a2b0000] _byte_map_base: 0x0000024d39ab0000

Marking Bits (Prev, Next): (CMBitMap*) 0x0000024d26ca1698, (CMBitMap*) 0x0000024d26ca16d0
 Prev Bits: [0x0000024d3a6b0000, 0x0000024d3c6b0000)
 Next Bits: [0x0000024d3c6b0000, 0x0000024d3e6b0000)

Polling page: 0x0000024d24be0000

Metaspace:

Usage:
  Non-class:     51.34 MB capacity,    50.32 MB ( 98%) used,   893.37 KB (  2%) free+waste,   153.13 KB ( <1%) overhead. 
      Class:      7.79 MB capacity,     7.28 MB ( 93%) used,   450.16 KB (  6%) free+waste,    72.88 KB ( <1%) overhead. 
       Both:     59.14 MB capacity,    57.61 MB ( 97%) used,     1.31 MB (  2%) free+waste,   226.00 KB ( <1%) overhead. 

Virtual space:
  Non-class space:       52.00 MB reserved,      51.50 MB (>99%) committed 
      Class space:        1.00 GB reserved,       7.88 MB ( <1%) committed 
             Both:        1.05 GB reserved,      59.38 MB (  6%) committed 

Chunk freelists:
   Non-Class:  31.00 KB
       Class:  19.00 KB
        Both:  50.00 KB

MaxMetaspaceSize: 17179869184.00 GB
CompressedClassSpaceSize: 1.00 GB
Initial GC threshold: 20.80 MB
Current GC threshold: 92.92 MB
CDS: off

CodeHeap 'non-profiled nmethods': size=120000Kb used=2812Kb max_used=2812Kb free=117187Kb
 bounds [0x0000024d32250000, 0x0000024d32510000, 0x0000024d39780000]
CodeHeap 'profiled nmethods': size=120000Kb used=12123Kb max_used=12123Kb free=107877Kb
 bounds [0x0000024d2ad20000, 0x0000024d2b900000, 0x0000024d32250000]
CodeHeap 'non-nmethods': size=5760Kb used=2322Kb max_used=2357Kb free=3437Kb
 bounds [0x0000024d2a780000, 0x0000024d2a9f0000, 0x0000024d2ad20000]
 total_blobs=6638 nmethods=5809 adapters=740
 compilation: enabled
              stopped_count=0, restarted_count=0
 full_count=0

Compilation events (20 events):
Event: 12.766 Thread 0x0000024d41133800 5888       3       com.google.common.collect.MapMakerInternalMap$StrongKeyWeakValueEntry::copy (34 bytes)
Event: 12.767 Thread 0x0000024d41133800 nmethod 5888 0x0000024d2b8e6e90 code [0x0000024d2b8e7080, 0x0000024d2b8e75c8]
Event: 12.767 Thread 0x0000024d41133800 5887       3       com.google.common.collect.MapMakerInternalMap$WeakValueReferenceImpl::copyFor (14 bytes)
Event: 12.767 Thread 0x0000024d41133800 nmethod 5887 0x0000024d2b8e7790 code [0x0000024d2b8e7980, 0x0000024d2b8e7e78]
Event: 12.767 Thread 0x0000024d41133800 5889 %     3       org.gradle.internal.instantiation.generator.AbstractClassGenerator::inspectType @ 250 (560 bytes)
Event: 12.770 Thread 0x0000024d41133800 nmethod 5889% 0x0000024d2b8e8010 code [0x0000024d2b8e8820, 0x0000024d2b8edd68]
Event: 12.770 Thread 0x0000024d41133800 5891       3       org.objectweb.asm.AnnotationWriter::visit (935 bytes)
Event: 12.773 Thread 0x0000024d41133800 nmethod 5891 0x0000024d2b8ef790 code [0x0000024d2b8efe60, 0x0000024d2b8f3bf8]
Event: 12.773 Thread 0x0000024d41133800 5892       3       java.util.concurrent.ConcurrentHashMap::values (25 bytes)
Event: 12.773 Thread 0x0000024d41133800 nmethod 5892 0x0000024d2b8f5210 code [0x0000024d2b8f53e0, 0x0000024d2b8f5758]
Event: 12.774 Thread 0x0000024d41133800 5894       3       org.gradle.internal.instantiation.generator.AbstractClassGenerator$ClassGenerationHandler::hasFields (1 bytes)
Event: 12.774 Thread 0x0000024d41133800 nmethod 5894 0x0000024d2b8f5890 code [0x0000024d2b8f5a40, 0x0000024d2b8f5b38]
Event: 12.779 Thread 0x0000024d41132000 nmethod 5710 0x0000024d3250a610 code [0x0000024d3250a900, 0x0000024d3250d900]
Event: 12.779 Thread 0x0000024d41132000 5882       4       org.objectweb.asm.SymbolTable::addType (81 bytes)
Event: 12.783 Thread 0x0000024d41133800 5896       3       org.gradle.internal.instantiation.generator.AsmBackedClassGenerator$ClassBuilderImpl::addLazyGetter (22 bytes)
Event: 12.783 Thread 0x0000024d41133800 nmethod 5896 0x0000024d2b8f5c10 code [0x0000024d2b8f5e20, 0x0000024d2b8f6338]
Event: 12.783 Thread 0x0000024d41133800 5897       3       org.gradle.internal.instantiation.generator.AsmBackedClassGenerator$ClassBuilderImpl$$Lambda$136/0x00000001002ca440::get$Lambda (12 bytes)
Event: 12.783 Thread 0x0000024d41133800 nmethod 5897 0x0000024d2b8f6590 code [0x0000024d2b8f6760, 0x0000024d2b8f6ad8]
Event: 12.784 Thread 0x0000024d41133800 5898       1       org.gradle.api.internal.provider.AbstractProperty$NonFinalizedValue::setConvention (6 bytes)
Event: 12.784 Thread 0x0000024d41133800 nmethod 5898 0x0000024d3250ef10 code [0x0000024d3250f0c0, 0x0000024d3250f1b8]

GC Heap History (20 events):
Event: 6.690 GC heap after
{Heap after GC invocations=39 (full 0):
 garbage-first heap   total 112640K, used 70635K [0x0000000080000000, 0x0000000100000000)
  region size 1024K, 2 young (2048K), 2 survivors (2048K)
 Metaspace       used 46176K, capacity 47318K, committed 47488K, reserved 1091584K
  class space    used 5782K, capacity 6201K, committed 6272K, reserved 1048576K
}
Event: 6.882 GC heap before
{Heap before GC invocations=39 (full 0):
 garbage-first heap   total 112640K, used 91115K [0x0000000080000000, 0x0000000100000000)
  region size 1024K, 22 young (22528K), 2 survivors (2048K)
 Metaspace       used 47292K, capacity 48570K, committed 48768K, reserved 1091584K
  class space    used 5964K, capacity 6425K, committed 6528K, reserved 1048576K
}
Event: 6.887 GC heap after
{Heap after GC invocations=40 (full 0):
 garbage-first heap   total 135168K, used 72082K [0x0000000080000000, 0x0000000100000000)
  region size 1024K, 2 young (2048K), 2 survivors (2048K)
 Metaspace       used 47292K, capacity 48570K, committed 48768K, reserved 1091584K
  class space    used 5964K, capacity 6425K, committed 6528K, reserved 1048576K
}
Event: 6.942 GC heap before
{Heap before GC invocations=41 (full 0):
 garbage-first heap   total 135168K, used 76178K [0x0000000080000000, 0x0000000100000000)
  region size 1024K, 7 young (7168K), 2 survivors (2048K)
 Metaspace       used 47641K, capacity 48974K, committed 49024K, reserved 1091584K
  class space    used 6029K, capacity 6496K, committed 6528K, reserved 1048576K
}
Event: 6.946 GC heap after
{Heap after GC invocations=42 (full 0):
 garbage-first heap   total 135168K, used 72309K [0x0000000080000000, 0x0000000100000000)
  region size 1024K, 2 young (2048K), 2 survivors (2048K)
 Metaspace       used 47641K, capacity 48974K, committed 49024K, reserved 1091584K
  class space    used 6029K, capacity 6496K, committed 6528K, reserved 1048576K
}
Event: 7.263 GC heap before
{Heap before GC invocations=43 (full 0):
 garbage-first heap   total 135168K, used 105077K [0x0000000080000000, 0x0000000100000000)
  region size 1024K, 29 young (29696K), 2 survivors (2048K)
 Metaspace       used 49550K, capacity 50927K, committed 51200K, reserved 1093632K
  class space    used 6345K, capacity 6827K, committed 6912K, reserved 1048576K
}
Event: 7.266 GC heap after
{Heap after GC invocations=44 (full 0):
 garbage-first heap   total 135168K, used 79275K [0x0000000080000000, 0x0000000100000000)
  region size 1024K, 4 young (4096K), 4 survivors (4096K)
 Metaspace       used 49550K, capacity 50927K, committed 51200K, reserved 1093632K
  class space    used 6345K, capacity 6827K, committed 6912K, reserved 1048576K
}
Event: 8.905 GC heap before
{Heap before GC invocations=44 (full 0):
 garbage-first heap   total 135168K, used 104875K [0x0000000080000000, 0x0000000100000000)
  region size 1024K, 29 young (29696K), 4 survivors (4096K)
 Metaspace       used 51018K, capacity 52487K, committed 52608K, reserved 1095680K
  class space    used 6505K, capacity 7023K, committed 7040K, reserved 1048576K
}
Event: 8.911 GC heap after
{Heap after GC invocations=45 (full 0):
 garbage-first heap   total 135168K, used 80358K [0x0000000080000000, 0x0000000100000000)
  region size 1024K, 3 young (3072K), 3 survivors (3072K)
 Metaspace       used 51018K, capacity 52487K, committed 52608K, reserved 1095680K
  class space    used 6505K, capacity 7023K, committed 7040K, reserved 1048576K
}
Event: 9.395 GC heap before
{Heap before GC invocations=46 (full 0):
 garbage-first heap   total 135168K, used 93670K [0x0000000080000000, 0x0000000100000000)
  region size 1024K, 18 young (18432K), 3 survivors (3072K)
 Metaspace       used 51421K, capacity 52936K, committed 53248K, reserved 1095680K
  class space    used 6536K, capacity 7059K, committed 7168K, reserved 1048576K
}
Event: 9.399 GC heap after
{Heap after GC invocations=47 (full 0):
 garbage-first heap   total 162816K, used 81308K [0x0000000080000000, 0x0000000100000000)
  region size 1024K, 2 young (2048K), 2 survivors (2048K)
 Metaspace       used 51421K, capacity 52936K, committed 53248K, reserved 1095680K
  class space    used 6536K, capacity 7059K, committed 7168K, reserved 1048576K
}
Event: 9.673 GC heap before
{Heap before GC invocations=48 (full 0):
 garbage-first heap   total 162816K, used 84380K [0x0000000080000000, 0x0000000100000000)
  region size 1024K, 5 young (5120K), 2 survivors (2048K)
 Metaspace       used 51526K, capacity 53054K, committed 53248K, reserved 1095680K
  class space    used 6551K, capacity 7101K, committed 7168K, reserved 1048576K
}
Event: 9.678 GC heap after
{Heap after GC invocations=49 (full 0):
 garbage-first heap   total 162816K, used 83668K [0x0000000080000000, 0x0000000100000000)
  region size 1024K, 4 young (4096K), 4 survivors (4096K)
 Metaspace       used 51526K, capacity 53054K, committed 53248K, reserved 1095680K
  class space    used 6551K, capacity 7101K, committed 7168K, reserved 1048576K
}
Event: 10.688 GC heap before
{Heap before GC invocations=50 (full 0):
 garbage-first heap   total 162816K, used 112340K [0x0000000080000000, 0x0000000100000000)
  region size 1024K, 31 young (31744K), 4 survivors (4096K)
 Metaspace       used 54418K, capacity 56000K, committed 56192K, reserved 1097728K
  class space    used 6921K, capacity 7465K, committed 7552K, reserved 1048576K
}
Event: 10.693 GC heap after
{Heap after GC invocations=51 (full 0):
 garbage-first heap   total 162816K, used 86933K [0x0000000080000000, 0x0000000100000000)
  region size 1024K, 4 young (4096K), 4 survivors (4096K)
 Metaspace       used 54418K, capacity 56000K, committed 56192K, reserved 1097728K
  class space    used 6921K, capacity 7465K, committed 7552K, reserved 1048576K
}
Event: 10.794 GC heap before
{Heap before GC invocations=51 (full 0):
 garbage-first heap   total 162816K, used 90005K [0x0000000080000000, 0x0000000100000000)
  region size 1024K, 9 young (9216K), 4 survivors (4096K)
 Metaspace       used 54976K, capacity 56637K, committed 56832K, reserved 1097728K
  class space    used 6989K, capacity 7569K, committed 7680K, reserved 1048576K
}
Event: 10.800 GC heap after
{Heap after GC invocations=52 (full 0):
 garbage-first heap   total 162816K, used 88174K [0x0000000080000000, 0x0000000100000000)
  region size 1024K, 4 young (4096K), 4 survivors (4096K)
 Metaspace       used 54976K, capacity 56637K, committed 56832K, reserved 1097728K
  class space    used 6989K, capacity 7569K, committed 7680K, reserved 1048576K
}
Event: 11.878 GC heap before
{Heap before GC invocations=53 (full 0):
 garbage-first heap   total 162816K, used 95342K [0x0000000080000000, 0x0000000100000000)
  region size 1024K, 12 young (12288K), 4 survivors (4096K)
 Metaspace       used 55160K, capacity 56821K, committed 57088K, reserved 1099776K
  class space    used 7016K, capacity 7566K, committed 7680K, reserved 1048576K
}
Event: 11.885 GC heap after
{Heap after GC invocations=54 (full 0):
 garbage-first heap   total 162816K, used 88979K [0x0000000080000000, 0x0000000100000000)
  region size 1024K, 3 young (3072K), 3 survivors (3072K)
 Metaspace       used 55160K, capacity 56821K, committed 57088K, reserved 1099776K
  class space    used 7016K, capacity 7566K, committed 7680K, reserved 1048576K
}
Event: 12.787 GC heap before
{Heap before GC invocations=55 (full 0):
 garbage-first heap   total 162816K, used 117651K [0x0000000080000000, 0x0000000100000000)
  region size 1024K, 29 young (29696K), 3 survivors (3072K)
 Metaspace       used 58988K, capacity 60558K, committed 60800K, reserved 1101824K
  class space    used 7457K, capacity 7981K, committed 8064K, reserved 1048576K
}

Deoptimization events (20 events):
Event: 10.602 Thread 0x0000024d43ccf800 DEOPT PACKING pc=0x0000024d32316320 sp=0x0000009030df4fc0
Event: 10.602 Thread 0x0000024d43ccf800 DEOPT UNPACKING pc=0x0000024d2a7ca1af sp=0x0000009030df4f30 mode 2
Event: 10.604 Thread 0x0000024d43ccf800 Uncommon trap: trap_request=0xffffff4d fr.pc=0x0000024d323da440 relative=0x0000000000000400
Event: 10.604 Thread 0x0000024d43ccf800 Uncommon trap: reason=unstable_if action=reinterpret pc=0x0000024d323da440 method=java.lang.String.substring(I)Ljava/lang/String; @ 43 c2
Event: 10.604 Thread 0x0000024d43ccf800 DEOPT PACKING pc=0x0000024d323da440 sp=0x0000009030df5020
Event: 10.604 Thread 0x0000024d43ccf800 DEOPT UNPACKING pc=0x0000024d2a7ca1af sp=0x0000009030df4ff8 mode 2
Event: 10.714 Thread 0x0000024d43ccf800 Uncommon trap: trap_request=0xffffff4d fr.pc=0x0000024d323ed288 relative=0x00000000000006a8
Event: 10.714 Thread 0x0000024d43ccf800 Uncommon trap: reason=unstable_if action=reinterpret pc=0x0000024d323ed288 method=java.io.BufferedInputStream.read1([BII)I @ 22 c2
Event: 10.715 Thread 0x0000024d43ccf800 DEOPT PACKING pc=0x0000024d323ed288 sp=0x0000009030df6a90
Event: 10.715 Thread 0x0000024d43ccf800 DEOPT UNPACKING pc=0x0000024d2a7ca1af sp=0x0000009030df69b8 mode 2
Event: 10.715 Thread 0x0000024d43ccf800 Uncommon trap: trap_request=0xffffff4d fr.pc=0x0000024d323edf24 relative=0x0000000000000164
Event: 10.715 Thread 0x0000024d43ccf800 Uncommon trap: reason=unstable_if action=reinterpret pc=0x0000024d323edf24 method=java.io.BufferedInputStream.read1([BII)I @ 22 c2
Event: 10.715 Thread 0x0000024d43ccf800 DEOPT PACKING pc=0x0000024d323edf24 sp=0x0000009030df69f0
Event: 10.715 Thread 0x0000024d43ccf800 DEOPT UNPACKING pc=0x0000024d2a7ca1af sp=0x0000009030df69a8 mode 2
Event: 12.390 Thread 0x0000024d43ccf800 DEOPT PACKING pc=0x0000024d2af92397 sp=0x0000009030deebf0
Event: 12.390 Thread 0x0000024d43ccf800 DEOPT UNPACKING pc=0x0000024d2a7ca95e sp=0x0000009030dee178 mode 0
Event: 12.764 Thread 0x0000024d43ccf800 Uncommon trap: trap_request=0xffffffde fr.pc=0x0000024d324cb4fc relative=0x00000000000013fc
Event: 12.764 Thread 0x0000024d43ccf800 Uncommon trap: reason=class_check action=maybe_recompile pc=0x0000024d324cb4fc method=jdk.internal.loader.BuiltinClassLoader.loadClassOrNull(Ljava/lang/String;Z)Ljava/lang/Class; @ 86 c2
Event: 12.764 Thread 0x0000024d43ccf800 DEOPT PACKING pc=0x0000024d324cb4fc sp=0x0000009030df5450
Event: 12.764 Thread 0x0000024d43ccf800 DEOPT UNPACKING pc=0x0000024d2a7ca1af sp=0x0000009030df5418 mode 2

Classes redefined (0 events):
No events

Internal exceptions (20 events):
Event: 9.685 Thread 0x0000024d43ccf800 Exception <a 'java/security/PrivilegedActionException'{0x0000000089e60d18}> (0x0000000089e60d18) thrown at [./src/hotspot/share/prims/jvm.cpp, line 1306]
Event: 9.685 Thread 0x0000024d43ccf800 Exception <a 'java/security/PrivilegedActionException'{0x0000000089e62280}> (0x0000000089e62280) thrown at [./src/hotspot/share/prims/jvm.cpp, line 1306]
Event: 10.086 Thread 0x0000024d43ccf800 Exception <a 'java/security/PrivilegedActionException'{0x0000000089dc1920}> (0x0000000089dc1920) thrown at [./src/hotspot/share/prims/jvm.cpp, line 1306]
Event: 10.086 Thread 0x0000024d43ccf800 Exception <a 'java/security/PrivilegedActionException'{0x0000000089dc2e88}> (0x0000000089dc2e88) thrown at [./src/hotspot/share/prims/jvm.cpp, line 1306]
Event: 10.086 Thread 0x0000024d43ccf800 Exception <a 'java/security/PrivilegedActionException'{0x0000000089dc5fd0}> (0x0000000089dc5fd0) thrown at [./src/hotspot/share/prims/jvm.cpp, line 1306]
Event: 10.086 Thread 0x0000024d43ccf800 Exception <a 'java/security/PrivilegedActionException'{0x0000000089dc7538}> (0x0000000089dc7538) thrown at [./src/hotspot/share/prims/jvm.cpp, line 1306]
Event: 10.086 Thread 0x0000024d43ccf800 Exception <a 'java/security/PrivilegedActionException'{0x0000000089dca738}> (0x0000000089dca738) thrown at [./src/hotspot/share/prims/jvm.cpp, line 1306]
Event: 10.086 Thread 0x0000024d43ccf800 Exception <a 'java/security/PrivilegedActionException'{0x0000000089dcbca0}> (0x0000000089dcbca0) thrown at [./src/hotspot/share/prims/jvm.cpp, line 1306]
Event: 10.086 Thread 0x0000024d43ccf800 Exception <a 'java/security/PrivilegedActionException'{0x0000000089dcedf0}> (0x0000000089dcedf0) thrown at [./src/hotspot/share/prims/jvm.cpp, line 1306]
Event: 10.086 Thread 0x0000024d43ccf800 Exception <a 'java/security/PrivilegedActionException'{0x0000000089dd0358}> (0x0000000089dd0358) thrown at [./src/hotspot/share/prims/jvm.cpp, line 1306]
Event: 10.087 Thread 0x0000024d43ccf800 Exception <a 'java/security/PrivilegedActionException'{0x0000000089dd34f8}> (0x0000000089dd34f8) thrown at [./src/hotspot/share/prims/jvm.cpp, line 1306]
Event: 10.087 Thread 0x0000024d43ccf800 Exception <a 'java/security/PrivilegedActionException'{0x0000000089dd4a60}> (0x0000000089dd4a60) thrown at [./src/hotspot/share/prims/jvm.cpp, line 1306]
Event: 10.087 Thread 0x0000024d43ccf800 Exception <a 'java/security/PrivilegedActionException'{0x0000000089dd7c60}> (0x0000000089dd7c60) thrown at [./src/hotspot/share/prims/jvm.cpp, line 1306]
Event: 10.087 Thread 0x0000024d43ccf800 Exception <a 'java/security/PrivilegedActionException'{0x0000000089dd91c8}> (0x0000000089dd91c8) thrown at [./src/hotspot/share/prims/jvm.cpp, line 1306]
Event: 10.520 Thread 0x0000024d43ccf800 Exception <a 'java/lang/NoSuchMethodError'{0x0000000088dcbcf8}: 'java.lang.Object java.lang.invoke.DirectMethodHandle$Holder.invokeStatic(java.lang.Object, java.lang.Object, java.lang.Object, java.lang.Object, int)'> (0x0000000088dcbcf8) thrown at [./src/hotspot/share/interpreter/linkResolver.cpp, line 773]
Event: 10.520 Thread 0x0000024d43ccf800 Exception <a 'java/lang/NoSuchMethodError'{0x0000000088dd0998}: 'java.lang.Object java.lang.invoke.DirectMethodHandle$Holder.invokeSpecial(java.lang.Object, java.lang.Object, java.lang.Object, java.lang.Object, java.lang.Object, int)'> (0x0000000088dd0998) thrown at [./src/hotspot/share/interpreter/linkResolver.cpp, line 773]
Event: 10.521 Thread 0x0000024d43ccf800 Exception <a 'java/lang/NoSuchMethodError'{0x0000000088dd5280}: 'java.lang.Object java.lang.invoke.Invokers$Holder.linkToTargetMethod(java.lang.Object, java.lang.Object, java.lang.Object, int, java.lang.Object)'> (0x0000000088dd5280) thrown at [./src/hotspot/share/interpreter/linkResolver.cpp, line 773]
Event: 10.744 Thread 0x0000024d43ccf800 Exception <a 'java/lang/NoSuchMethodError'{0x0000000089b4a000}: 'java.lang.Object java.lang.invoke.DirectMethodHandle$Holder.invokeSpecial(java.lang.Object, java.lang.Object, int, int, java.lang.Object, java.lang.Object, java.lang.Object)'> (0x0000000089b4a000) thrown at [./src/hotspot/share/interpreter/linkResolver.cpp, line 773]
Event: 10.744 Thread 0x0000024d43ccf800 Exception <a 'java/lang/NoSuchMethodError'{0x0000000089b4e828}: 'java.lang.Object java.lang.invoke.DelegatingMethodHandle$Holder.reinvoke_L(java.lang.Object, int, int, java.lang.Object, java.lang.Object, java.lang.Object)'> (0x0000000089b4e828) thrown at [./src/hotspot/share/interpreter/linkResolver.cpp, line 773]
Event: 12.583 Thread 0x0000024d43ccf800 Exception <a 'java/lang/NoSuchMethodError'{0x00000000893e45f8}: 'int java.lang.invoke.DirectMethodHandle$Holder.invokeInterface(java.lang.Object, java.lang.Object, java.lang.Object, java.lang.Object)'> (0x00000000893e45f8) thrown at [./src/hotspot/share/interpreter/linkResolver.cpp, line 773]

Events (20 events):
Event: 12.779 loading class org/gradle/api/internal/provider/TypeSanitizingTransformer done
Event: 12.779 loading class com/android/build/gradle/internal/plugins/BasePlugin$sdkComponentsBuildService$2$1
Event: 12.779 loading class com/android/build/gradle/internal/plugins/BasePlugin$sdkComponentsBuildService$2$1 done
Event: 12.780 loading class com/android/build/gradle/internal/SdkComponentsBuildService$RegistrationAction
Event: 12.780 loading class com/android/build/gradle/internal/SdkComponentsBuildService$RegistrationAction done
Event: 12.781 loading class com/android/build/gradle/internal/SdkComponentsBuildService
Event: 12.781 loading class com/android/build/gradle/internal/SdkComponentsBuildService done
Event: 12.782 loading class com/android/build/gradle/internal/SdkComponentsBuildService$Parameters
Event: 12.782 loading class com/android/build/gradle/internal/SdkComponentsBuildService$Parameters done
Event: 12.782 loading class org/gradle/api/file/RegularFileProperty
Event: 12.782 loading class org/gradle/api/file/RegularFileProperty done
Event: 12.785 loading class com/android/build/gradle/internal/plugins/BasePlugin$configureProject$1
Event: 12.785 loading class com/android/build/gradle/internal/plugins/BasePlugin$configureProject$1 done
Event: 12.785 loading class com/android/build/gradle/internal/plugins/BasePlugin$configureProject$2
Event: 12.785 loading class com/android/build/gradle/internal/plugins/BasePlugin$configureProject$2 done
Event: 12.785 loading class com/android/build/gradle/internal/AvdComponentsBuildService
Event: 12.785 loading class com/android/build/gradle/internal/AvdComponentsBuildService done
Event: 12.786 loading class com/android/build/gradle/internal/AvdComponentsBuildService$Parameters
Event: 12.786 loading class com/android/build/gradle/internal/AvdComponentsBuildService$Parameters done
Event: 12.787 Executing VM operation: G1CollectForAllocation


Dynamic libraries:
0x00007ff789530000 - 0x00007ff78953a000 	E:\Other App\Android Studio\jre\bin\java.exe
0x00007ffa1d3a0000 - 0x00007ffa1d5a9000 	C:\WINDOWS\SYSTEM32\ntdll.dll
0x00007ffa1bf60000 - 0x00007ffa1c01d000 	C:\WINDOWS\System32\KERNEL32.DLL
0x00007ffa1ac40000 - 0x00007ffa1afbb000 	C:\WINDOWS\System32\KERNELBASE.dll
0x00007ffa1b100000 - 0x00007ffa1b211000 	C:\WINDOWS\System32\ucrtbase.dll
0x00007ffa08700000 - 0x00007ffa08717000 	E:\Other App\Android Studio\jre\bin\VCRUNTIME140.dll
0x00007ffa086e0000 - 0x00007ffa086f9000 	E:\Other App\Android Studio\jre\bin\jli.dll
0x00007ffa1b2e0000 - 0x00007ffa1b48d000 	C:\WINDOWS\System32\USER32.dll
0x00007ffa1a990000 - 0x00007ffa1a9b6000 	C:\WINDOWS\System32\win32u.dll
0x00007ffa1c590000 - 0x00007ffa1c5b9000 	C:\WINDOWS\System32\GDI32.dll
0x00007ffa1a870000 - 0x00007ffa1a988000 	C:\WINDOWS\System32\gdi32full.dll
0x00007ffa1aa30000 - 0x00007ffa1aacd000 	C:\WINDOWS\System32\msvcp_win.dll
0x00007ffa05df0000 - 0x00007ffa06095000 	C:\WINDOWS\WinSxS\amd64_microsoft.windows.common-controls_6595b64144ccf1df_6.0.22000.120_none_9d947278b86cc467\COMCTL32.dll
0x00007ffa1b220000 - 0x00007ffa1b2c3000 	C:\WINDOWS\System32\msvcrt.dll
0x00007ffa1cfc0000 - 0x00007ffa1cff1000 	C:\WINDOWS\System32\IMM32.DLL
0x00007ffa08640000 - 0x00007ffa086dd000 	E:\Other App\Android Studio\jre\bin\msvcp140.dll
0x00007ff9ce570000 - 0x00007ff9cf072000 	E:\Other App\Android Studio\jre\bin\server\jvm.dll
0x00007ffa1bc50000 - 0x00007ffa1bcfe000 	C:\WINDOWS\System32\ADVAPI32.dll
0x00007ffa1bd20000 - 0x00007ffa1bdbe000 	C:\WINDOWS\System32\sechost.dll
0x00007ffa1bdc0000 - 0x00007ffa1bee0000 	C:\WINDOWS\System32\RPCRT4.dll
0x00007ffa1b2d0000 - 0x00007ffa1b2d8000 	C:\WINDOWS\System32\PSAPI.DLL
0x00007ffa14f00000 - 0x00007ffa14f33000 	C:\WINDOWS\SYSTEM32\WINMM.dll
0x00007ffa12be0000 - 0x00007ffa12bea000 	C:\WINDOWS\SYSTEM32\VERSION.dll
0x00007ff9ff3f0000 - 0x00007ff9ff3f9000 	C:\WINDOWS\SYSTEM32\WSOCK32.dll
0x00007ffa1cb60000 - 0x00007ffa1cbcf000 	C:\WINDOWS\System32\WS2_32.dll
0x00007ffa198f0000 - 0x00007ffa19908000 	C:\WINDOWS\SYSTEM32\kernel.appcore.dll
0x00007ff9fe110000 - 0x00007ff9fe121000 	E:\Other App\Android Studio\jre\bin\verify.dll
0x00007ffa183a0000 - 0x00007ffa185c1000 	C:\WINDOWS\SYSTEM32\DBGHELP.DLL
0x00007ffa088f0000 - 0x00007ffa08921000 	C:\WINDOWS\SYSTEM32\dbgcore.DLL
0x00007ffa1b080000 - 0x00007ffa1b0ff000 	C:\WINDOWS\System32\bcryptPrimitives.dll
0x00007ff9fbb20000 - 0x00007ff9fbb49000 	E:\Other App\Android Studio\jre\bin\java.dll
0x00007ffa134f0000 - 0x00007ffa134fb000 	E:\Other App\Android Studio\jre\bin\jimage.dll
0x00007ff9fde60000 - 0x00007ff9fde78000 	E:\Other App\Android Studio\jre\bin\zip.dll
0x00007ffa1b490000 - 0x00007ffa1bc48000 	C:\WINDOWS\System32\SHELL32.dll
0x00007ffa18960000 - 0x00007ffa191c5000 	C:\WINDOWS\SYSTEM32\windows.storage.dll
0x00007ffa1c6c0000 - 0x00007ffa1ca37000 	C:\WINDOWS\System32\combase.dll
0x00007ffa185e0000 - 0x00007ffa18746000 	C:\WINDOWS\SYSTEM32\wintypes.dll
0x00007ffa1d070000 - 0x00007ffa1d15a000 	C:\WINDOWS\System32\SHCORE.dll
0x00007ffa1bee0000 - 0x00007ffa1bf3d000 	C:\WINDOWS\System32\shlwapi.dll
0x00007ffa1a7a0000 - 0x00007ffa1a7c1000 	C:\WINDOWS\SYSTEM32\profapi.dll
0x00007ff9fcb60000 - 0x00007ff9fcb7a000 	E:\Other App\Android Studio\jre\bin\net.dll
0x00007ffa142a0000 - 0x00007ffa143ac000 	C:\WINDOWS\SYSTEM32\WINHTTP.dll
0x00007ffa19e00000 - 0x00007ffa19e67000 	C:\WINDOWS\system32\mswsock.dll
0x00007ff9fc420000 - 0x00007ff9fc434000 	E:\Other App\Android Studio\jre\bin\nio.dll
0x00007ffa08230000 - 0x00007ffa08257000 	C:\Users\putra\.gradle\native\e1d6ef7f7dcc3fd88c89a11ec53ec762bb8ba0a96d01ffa2cd45eb1d1d8dd5c5\windows-amd64\native-platform.dll
0x00007ff9e0c10000 - 0x00007ff9e0d54000 	C:\Users\putra\.gradle\native\0d407fdbe67a94daf76414ababcb853783967236a71b16ec16e742cd7a986fd3\windows-amd64\native-platform-file-events.dll
0x00007ffa09c40000 - 0x00007ffa09c4a000 	E:\Other App\Android Studio\jre\bin\management.dll
0x00007ffa08ad0000 - 0x00007ffa08add000 	E:\Other App\Android Studio\jre\bin\management_ext.dll
0x00007ffa1a050000 - 0x00007ffa1a068000 	C:\WINDOWS\SYSTEM32\CRYPTSP.dll
0x00007ffa19850000 - 0x00007ffa19885000 	C:\WINDOWS\system32\rsaenh.dll
0x00007ffa19ef0000 - 0x00007ffa19f19000 	C:\WINDOWS\SYSTEM32\USERENV.dll
0x00007ffa1a250000 - 0x00007ffa1a277000 	C:\WINDOWS\SYSTEM32\bcrypt.dll
0x00007ffa1a070000 - 0x00007ffa1a07c000 	C:\WINDOWS\SYSTEM32\CRYPTBASE.dll
0x00007ffa19420000 - 0x00007ffa1944d000 	C:\WINDOWS\SYSTEM32\IPHLPAPI.DLL
0x00007ffa1c6b0000 - 0x00007ffa1c6b9000 	C:\WINDOWS\System32\NSI.dll
0x00007ffa13e60000 - 0x00007ffa13e79000 	C:\WINDOWS\SYSTEM32\dhcpcsvc6.DLL
0x00007ffa149c0000 - 0x00007ffa149de000 	C:\WINDOWS\SYSTEM32\dhcpcsvc.DLL
0x00007ffa19490000 - 0x00007ffa19578000 	C:\WINDOWS\SYSTEM32\DNSAPI.dll

dbghelp: loaded successfully - version: 4.0.5 - missing functions: none
symbol engine: initialized successfully - sym options: 0x614 - pdb path: .;E:\Other App\Android Studio\jre\bin;C:\WINDOWS\SYSTEM32;C:\WINDOWS\WinSxS\amd64_microsoft.windows.common-controls_6595b64144ccf1df_6.0.22000.120_none_9d947278b86cc467;E:\Other App\Android Studio\jre\bin\server;C:\Users\putra\.gradle\native\e1d6ef7f7dcc3fd88c89a11ec53ec762bb8ba0a96d01ffa2cd45eb1d1d8dd5c5\windows-amd64;C:\Users\putra\.gradle\native\0d407fdbe67a94daf76414ababcb853783967236a71b16ec16e742cd7a986fd3\windows-amd64

VM Arguments:
jvm_args: --add-opens=java.base/java.util=ALL-UNNAMED --add-opens=java.base/java.lang=ALL-UNNAMED --add-opens=java.base/java.lang.invoke=ALL-UNNAMED --add-opens=java.base/java.util=ALL-UNNAMED --add-opens=java.prefs/java.util.prefs=ALL-UNNAMED --add-opens=java.prefs/java.util.prefs=ALL-UNNAMED --add-opens=java.base/java.nio.charset=ALL-UNNAMED --add-opens=java.base/java.net=ALL-UNNAMED --add-opens=java.base/java.util.concurrent.atomic=ALL-UNNAMED -Xmx2048m -Dfile.encoding=UTF-8 -Duser.country=GB -Duser.language=en -Duser.variant 
java_command: org.gradle.launcher.daemon.bootstrap.GradleDaemon 7.4
java_class_path (initial): C:\Users\putra\.gradle\wrapper\dists\gradle-7.4-bin\c0gwcg53nkjbqw7r0h0umtfvt\gradle-7.4\lib\gradle-launcher-7.4.jar
Launcher Type: SUN_STANDARD

[Global flags]
     intx CICompilerCount                          = 4                                         {product} {ergonomic}
     uint ConcGCThreads                            = 2                                         {product} {ergonomic}
     uint G1ConcRefinementThreads                  = 8                                         {product} {ergonomic}
   size_t G1HeapRegionSize                         = 1048576                                   {product} {ergonomic}
    uintx GCDrainStackTargetSize                   = 64                                        {product} {ergonomic}
   size_t InitialHeapSize                          = 65011712                                  {product} {ergonomic}
   size_t MarkStackSize                            = 4194304                                   {product} {ergonomic}
   size_t MaxHeapSize                              = 2147483648                                {product} {command line}
   size_t MaxNewSize                               = 1287651328                                {product} {ergonomic}
   size_t MinHeapDeltaBytes                        = 1048576                                   {product} {ergonomic}
    uintx NonNMethodCodeHeapSize                   = 5836300                                {pd product} {ergonomic}
    uintx NonProfiledCodeHeapSize                  = 122910970                              {pd product} {ergonomic}
    uintx ProfiledCodeHeapSize                     = 122910970                              {pd product} {ergonomic}
    uintx ReservedCodeCacheSize                    = 251658240                              {pd product} {ergonomic}
     bool SegmentedCodeCache                       = true                                      {product} {ergonomic}
     bool UseCompressedClassPointers               = true                                 {lp64_product} {ergonomic}
     bool UseCompressedOops                        = true                                 {lp64_product} {ergonomic}
     bool UseG1GC                                  = true                                      {product} {ergonomic}
     bool UseLargePagesIndividualAllocation        = false                                  {pd product} {ergonomic}

Logging:
Log output configuration:
 #0: stdout all=warning uptime,level,tags
 #1: stderr all=off uptime,level,tags

Environment Variables:
PATH=C:\Program Files\Common Files\Oracle\Java\javapath;C:\Windows\system32;C:\Windows;C:\Windows\System32\Wbem;C:\Windows\System32\WindowsPowerShell\v1.0\;C:\Windows\System32\OpenSSH\;C:\Program Files (x86)\NVIDIA Corporation\PhysX\Common;C:\Program Files\Intel\WiFi\bin\;C:\Program Files\Common Files\Intel\WirelessCommon\;C:\WINDOWS\system32;C:\WINDOWS;C:\WINDOWS\System32\Wbem;C:\WINDOWS\System32\WindowsPowerShell\v1.0\;C:\WINDOWS\System32\OpenSSH\;E:\Other App\Git\cmd;C:\Users\putra\AppData\Local\Microsoft\WindowsApps;C:\adb;C:\Program Files\dotnet\;E:\Other App\xampp\php;C:\Users\putra\AppData\Local\Programs\Python\Python310\Scripts\;C:\Users\putra\AppData\Local\Programs\Python\Python310\;C:\Users\putra\AppData\Local\Microsoft\WindowsApps;;C:\Users\putra\AppData\Local\Programs\Microsoft VS Code\bin
USERNAME=Irvan Poetra
OS=Windows_NT
PROCESSOR_IDENTIFIER=Intel64 Family 6 Model 142 Stepping 12, GenuineIntel



---------------  S Y S T E M  ---------------

OS: Windows 11 , 64 bit Build 22000 (10.0.22000.708)
OS uptime: 5 days 2:38 hours

CPU:total 8 (initial active 8) (4 cores per cpu, 2 threads per core) family 6 model 142 stepping 12 microcode 0xde, cmov, cx8, fxsr, mmx, sse, sse2, sse3, ssse3, sse4.1, sse4.2, popcnt, avx, avx2, aes, clmul, erms, 3dnowpref, lzcnt, ht, tsc, tscinvbit, bmi1, bmi2, adx, fma

Memory: 4k page, system-wide physical 3946M (283M free)
TotalPageFile size 14167M (AvailPageFile size 14M)
current process WorkingSet (physical memory assigned to process): 309M, peak: 329M
current process commit charge ("private bytes"): 383M, peak: 415M

vm_info: OpenJDK 64-Bit Server VM (11.0.13+0-b1751.21-8125866) for windows-amd64 JRE (11.0.13+0-b1751.21-8125866), built on Feb  2 2022 03:00:22 by "builder" with MS VC++ 14.0 (VS2015)

END.
